<?xml version="1.0" encoding="utf-8"?><?xml-model href="http://www.tei-c.org/release/xml/tei/custom/schema/relaxng/tei_all.rng" schematypens="http://relaxng.org/ns/structure/1.0"?><?xml-stylesheet type="text/xsl" href="proofing/bc-framework.xsl"?>
<TEI xmlns="http://www.tei-c.org/ns/1.0">
    <teiHeader>
        <fileDesc>
            <titleStmt>
                <title>The Histories (for testing)</title>
                <author>Herodotus</author>
            </titleStmt>
            <extent>about 1.4mb</extent>
            <publicationStmt>
                <pubPlace>Greenville, SC</pubPlace>
                <publisher>Furman University/Stoa Consortium</publisher>
                <date>Sept. 15, 2003</date>
            </publicationStmt>
            <sourceDesc>
                <bibl>File created electronically; a new edition edited by S.
                    LaBerge and C. Blackwell, collated against Ph.E. Legrand,
                    ed. He/rodote. Histoires (Paris: Les Belles Lettres) and C.
                    Hude, ed., Herodoi Historiae (Oxford).</bibl>
            </sourceDesc>
        </fileDesc>
        <profileDesc>
            <langUsage>
                <language ident="grc">Greek, in Beta-code</language>
                <language ident="en">English</language>
            </langUsage>
        </profileDesc>
    </teiHeader>
    <text xml:lang="grc">
        <body>
            <div n="1" type="book">
                <div n="0" type="chapter">
                    <p> Ἡροδότου Ἁλικαρνησσέος ἱστορίης ἀπόδεξις ἥδε , ὡς μήτε
                        τὰ γενόμενα ἐξ ἀνθρώπων τῷ χρόνῳ ἐξίτηλα γένηται , μήτε
                        ἔργα μεγάλα τε καὶ θωμαστά , τὰ μὲν Ἕλλησι τὰ δὲ
                        βαρβάροισι ἀποδεχθέντα , ἀκλεᾶ γένηται , τά τε ἄλλα καὶ
                        δι᾽ ἣν αἰτίην ἐπολέμησαν ἀλλήλοισι . </p>
                </div>
                <div n="1" type="chapter">
                    <p> Περσέων μέν νυν οἱ λόγιοι Φοίνικας αἰτίους φασὶ γενέσθαι
                        τῆς διαφορῆς · τούτους γάρ , ἀπὸ τῆς Ἐρυθρῆς καλεομένης
                        θαλάσσης ἀπικομένους ἐπὶ τήνδε τὴν θάλασσαν καὶ
                        οἰκήσαντας τοῦτον τὸν χῶρον τὸν καὶ νῦν οἰκέουσι ,
                        αὐτίκα ναυτιλίῃσι μακρῇσι ἐπιθέσθαι , ἀπαγινέοντας δὲ
                        φορτία Αἰγύπτιά τε καὶ Ἀσσύρια τῇ τε ἄλλῃ χώρῃ
                        ἐσαπικνέεσθαι καὶ δὴ καὶ ἐς Ἄργος · τὸ δὲ Ἄργος τοῦτον
                        τὸν χρόνον προεῖχε ἅπασι τῶν ἐν τῇ νῦν Ἑλλάδι καλεομένῃ
                        χώρῃ . Ἀπικομένους δὲ τοὺς Φοίνικας ἐς δὴ τὸ Ἄργος τοῦτο
                        διατίθεσθαι τὸν φόρτον . Πέμπτῃ δὲ ἢ ἕκτῃ ἡμέρῃ ἀπ᾽ ἧς
                        ἀπίκοντο , ἐξεμπολημένων σφι σχεδὸν πάντων , ἐλθεῖν ἐπὶ
                        τὴν θάλασσαν γυναῖκας ἄλλας τε πολλὰς καὶ δὴ καὶ τοῦ
                        βασιλέος θυγατέρα · τὸ δέ οἱ οὔνομα εἶναι , κατὰ τὠυτὸ
                        τὸ καὶ Ἕλληνες λέγουσι , Ἰοῦν τὴν Ἰνάχου . Ταύτας στάσας
                        κατὰ πρύμνην τῆς νεὸς ὠνέεσθαι τῶν φορτίων τῶν σφι ἦν
                        θυμὸς μάλιστα , καὶ τοὺς Φοίνικας διακελευσαμένους
                        ὁρμῆσαι ἐπ᾽ αὐτάς . Τὰς μὲν δὴ πλέονας τῶν γυναικῶν
                        ἀποφυγεῖν , τὴν δὲ Ἰοῦν σὺν ἄλλῃσι ἁρπασθῆναι ·
                        ἐσβαλομένους δὲ ἐς τὴν νέα οἴχεσθαι ἀποπλέοντας ἐπ᾽
                        Αἰγύπτου . </p>
                </div>
                <div n="2" type="chapter">
                    <p> Οὕτω μὲν Ἰοῦν ἐς Αἴγυπτον ἀπικέσθαι λέγουσι Πέρσαι , οὐκ
                        ὡς Ἕλληνες , καὶ τῶν ἀδικημάτων πρῶτον τοῦτο ἄρξαι ·
                        μετὰ δὲ ταῦτα Ἑλλήνων τινάς οὐ γὰρ ἔχουσι τοὔνομα
                        ἀπηγήσασθαι φασὶ τῆς Φοινίκης ἐς Τύρον προσσχόντας
                        ἁρπάσαι τοῦ βασιλέος τὴν θυγατέρα Εὐρώπην · εἴησαν δ᾽ ἂν
                        οὗτοι Κρῆτες . Ταῦτα μὲν δὴ ἴσα πρὸς ἴσα σφι γενέσθαι ·
                        μετὰ δὲ ταῦτα Ἕλληνας αἰτίους τῆς δευτέρης ἀδικίης
                        γενέσθαι . Καταπλώσαντας γὰρ μακρῇ νηῒ ἐς Αἶάν τε τὴν
                        Κολχίδα καὶ ἐπὶ Φᾶσιν ποταμόν , ἐνθεῦτεν ,
                        διαπρηξαμένους καὶ τἆλλα τῶν εἵνεκεν ἀπίκατο , ἁρπάσαι
                        τοῦ βασιλέος τὴν θυγατέρα Μηδείην . Πέμψαντα δὲ τὸν
                        Κόλχων βασιλέα ἐς τὴν Ἑλλάδα κήρυκα αἰτέειν τε δίκας τῆς
                        ἁρπαγῆς καὶ ἀπαιτέειν τὴν θυγατέρα · τοὺς δὲ
                        ὑποκρίνασθαι ὡς οὐδὲ ἐκεῖνοι Ἰοῦς τῆς Ἀργείης ἔδοσάν σφι
                        δίκας τῆς ἁρπαγῆς · οὐδὲ ὦν αὐτοὶ δώσειν ἐκείνοισι .
                    </p>
                </div>
                <div n="3" type="chapter">
                    <p> Δευτέρῃ δὲ λέγουσι γενεῇ μετὰ ταῦτα Ἀλέξανδρον τὸν
                        Πριάμου ἀκηκοότα ταῦτα ἐθελῆσαί οἱ ἐκ τῆς Ἑλλάδος δι᾽
                        ἁρπαγῆς γενέσθαι γυναῖκα , ἐπιστάμενον πάντως ὅτι οὐ
                        δώσει δίκας · οὐδὲ γὰρ ἐκείνους διδόναι . Οὕτω δὴ
                        ἁρπάσαντος αὐτοῦ Ἑλένην , τοῖσι Ἕλλησι δόξαι πρῶτον
                        πέμψαντας ἀγγέλους ἀπαιτέειν τε Ἑλένην καὶ δίκας τῆς
                        ἁρπαγῆς αἰτέειν . Τοὺς δὲ προϊσχομένων ταῦτα προφέρειν
                        σφι Μηδείης τὴν ἁρπαγήν , ὡς οὐ δόντες αὐτοὶ δίκας οὐδὲ
                        ἐκδόντες ἀπαιτεόντων βουλοίατό σφι παρ᾽ ἄλλων δίκας
                        γίνεσθαι . </p>
                </div>
                <div n="4" type="chapter">
                    <p> Μέχρι μὲν ὦν τούτου ἁρπαγὰς μούνας εἶναι παρ᾽ ἀλλήλων ,
                        τὸ δὲ ἀπὸ τούτου Ἕλληνας δὴ μεγάλως αἰτίους γενέσθαι ·
                        προτέρους γὰρ ἄρξαι στρατεύεσθαι ἐς τὴν Ἀσίην ἢ σφέας ἐς
                        τὴν Εὐρώπην . Τὸ μέν νυν ἁρπάζειν γυναῖκας ἀνδρῶν ἀδίκων
                        νομίζειν ἔργον εἶναι , τὸ δὲ ἁρπασθεισέων σπουδὴν
                        ποιήσασθαι τιμωρέειν ἀνοήτων , τὸ δὲ μηδεμίαν ὤρην ἔχειν
                        ἁρπασθεισέων σωφρόνων · δῆλα γὰρ δὴ ὅτι , εἰ μὴ αὐταὶ
                        ἐβούλοντο , οὐκ ἂν ἡρπάζοντο . Σφέας μὲν δὴ τοὺς ἐκ τῆς
                        Ἀσίης λέγουσι Πέρσαι ἁρπαζομένων τῶν γυναικῶν λόγον
                        οὐδένα ποιήσασθαι , Ἕλληνας δὲ Λακεδαιμονίης εἵνεκεν
                        γυναικὸς στόλον μέγαν συναγεῖραι καὶ ἔπειτα ἐλθόντας ἐς
                        τὴν Ἀσίην τὴν Πριάμου δύναμιν κατελεῖν . Ἀπὸ τούτου αἰεὶ
                        ἡγήσασθαι τὸ Ἑλληνικὸν σφίσι εἶναι πολέμιον . Τὴν γὰρ
                        Ἀσίην καὶ τὰ ἐνοικέοντα ἔθνεα βάρβαρα οἰκηιοῦνται οἱ
                        Πέρσαι , τὴν δὲ Εὐρώπην καὶ τὸ Ἑλληνικὸν ἥγηνται
                        κεχωρίσθαι . </p>
                </div>
                <div n="5" type="chapter">
                    <p> Οὕτω μὲν Πέρσαι λέγουσι γενέσθαι , καὶ διὰ τὴν Ἰλίου
                        ἅλωσιν εὑρίσκουσι σφίσι ἐοῦσαν τὴν ἀρχὴν τῆς ἔχθρης τῆς
                        ἐς τοὺς Ἕλληνας . Περὶ δὲ τῆς Ἰοῦς οὐκ ὁμολογέουσι
                        Πέρσῃσι οὕτω Φοίνικες · οὐ γὰρ ἁρπαγῇ σφέας χρησαμένους
                        λέγουσι ἀγαγεῖν αὐτὴν ἐς Αἴγυπτον , ἀλλ᾽ ὡς ἐν τῷ Ἄργεϊ
                        ἐμίσγετο τῷ ναυκλήρῳ τῆς νεός · ἐπεὶ δὲ ἔμαθε ἔγκυος
                        ἐοῦσα , αἰδεομένη τοὺς τοκέας , οὕτω δὴ ἐθελοντὴν αὐτὴν
                        τοῖσι Φοίνιξι συνεκπλῶσαι , ὡς ἂν μὴ κατάδηλος γένηται . </p>
                    <p> Ταῦτα μέν νυν Πέρσαι τε καὶ Φοίνικες λέγουσι . Ἐγὼ δὲ
                        περὶ μὲν τούτων οὐκ ἔρχομαι ἐρέων ὡς οὕτως ἢ ἄλλως κως
                        ταῦτα ἐγένετο , τὸν δὲ οἶδα αὐτὸς πρῶτον ὑπάρξαντα
                        ἀδίκων ἔργων ἐς τοὺς Ἕλληνας , τοῦτον σημήνας προβήσομαι
                        ἐς τὸ πρόσω τοῦ λόγου , ὁμοίως μικρὰ καὶ μεγάλα ἄστεα
                        ἀνθρώπων ἐπεξιών . Τὰ γὰρ τὸ πάλαι μεγάλα ἦν , τὰ πολλὰ
                        αὐτῶν σμικρὰ γέγονε · τὰ δὲ ἐπ᾽ ἐμέο ἦν μεγάλα ,
                        πρότερον ἦν σμικρά . Τὴν ἀνθρωπηίην ὦν ἐπιστάμενος
                        εὐδαιμονίην οὐδαμὰ ἐν τὠυτῷ μένουσαν , ἐπιμνήσομαι
                        ἀμφοτέρων ὁμοίως . </p>
                </div>
                <div n="6" type="chapter">
                    <p> Κροῖσος ἦν Λυδὸς μὲν γένος , παῖς δὲ Ἀλυάττεω , τύραννος
                        δὲ ἐθνέων τῶν ἐντὸς Ἅλυος ποταμοῦ , ὃς ῥέων ἀπὸ
                        μεσαμβρίης μεταξὺ Συρίων τε καὶ Παφλαγόνων ἐξιεῖ πρὸς
                        βορέην ἄνεμον ἐς τὸν Εὔξεινον καλεόμενον πόντον . Οὗτος
                        ὁ Κροῖσος βαρβάρων πρῶτος τῶν ἡμεῖς ἴδμεν τοὺς μὲν
                        κατεστρέψατο Ἑλλήνων ἐς φόρου ἀπαγωγήν , τοὺς δὲ φίλους
                        προσεποιήσατο . Κατεστρέψατο μὲν Ἴωνάς τε καὶ Αἰολέας
                        καὶ Δωριέας τοὺς ἐν τῇ Ἀσίῃ , φίλους δὲ προσεποιήσατο
                        Λακεδαιμονίους . Πρὸ δὲ τῆς Κροίσου ἀρχῆς πάντες Ἕλληνες
                        ἦσαν ἐλεύθεροι . Τὸ γὰρ Κιμμερίων στράτευμα τὸ ἐπὶ τὴν
                        Ἰωνίην ἀπικόμενον , Κροίσου ἐὸν πρεσβύτερον , οὐ
                        καταστροφὴ ἐγένετο τῶν πολίων , ἀλλ᾽ ἐξ ἐπιδρομῆς ἁρπαγή
                        . </p>
                </div>
                <div n="7" type="chapter">
                    <p> Ἡ δὲ ἡγεμονίη οὕτω περιῆλθε , ἐοῦσα Ἡρακλειδέων , ἐς τὸ
                        γένος τὸ Κροίσου , καλεομένους δὲ Μερμνάδας . Ἦν
                        Κανδαύλης , τὸν οἱ Ἕλληνες Μυρσίλον ὀνομάζουσι ,
                        τύραννος Σαρδίων , ἀπόγονος δὲ Ἀλκαίου τοῦ Ἡρακλέος .
                        Ἄγρων μὲν γὰρ ὁ Νίνου τοῦ Βήλου τοῦ Ἀλκαίου πρῶτος
                        Ἡρακλειδέων βασιλεὺς ἐγένετο Σαρδίων , Κανδαύλης δὲ ὁ
                        Μύρσου ὕστατος . Οἱ δὲ πρότερον Ἄγρωνος βασιλεύσαντες
                        ταύτης τῆς χώρης ἦσαν ἀπόγονοι Λυδοῦ τοῦ Ἄτυος , ἀπ᾽
                        ὅτεο ὁ δῆμος Λύδιος ἐκλήθη ὁ πᾶς οὗτος , πρότερον Μηίων
                        καλεόμενος . Παρὰ τούτων Ἡρακλεῖδαι ἐπιτραφθέντες ἔσχον
                        τὴν ἀρχὴν ἐκ θεοπροπίου , ἐκ δούλης τε τῆς Ἰαρδάνου
                        γεγονότες καὶ Ἡρακλέος , ἄρξαντες μὲν ἐπὶ δύο τε καὶ
                        εἴκοσι γενεὰς ἀνδρῶν , ἔτεα πέντε τε καὶ πεντακόσια ,
                        παῖς παρὰ πατρὸς ἐκδεκόμενος τὴν ἀρχήν , μέχρι Κανδαύλεω
                        τοῦ Μύρσου . </p>
                </div>
                <div n="8" type="chapter">
                    <p> Οὗτος δὴ ὦν ὁ Κανδαύλης ἠράσθη τῆς ἑωυτοῦ γυναικός ,
                        ἐρασθεὶς δὲ ἐνόμιζέ οἱ εἶναι γυναῖκα πολλὸν πασέων
                        καλλίστην . Ὥστε δὲ ταῦτα νομίζων , ἦν γάρ οἱ τῶν
                        αἰχμοφόρων Γύγης ὁ Δασκύλου ἀρεσκόμενος μάλιστα , τούτῳ
                        τῷ Γύγῃ καὶ τὰ σπουδαιέστερα τῶν πρηγμάτων ὑπερετίθετο ὁ
                        Κανδαύλης καὶ δὴ καὶ τὸ εἶδος τῆς γυναικὸς ὑπερεπαινέων
                        . Χρόνου δὲ οὐ πολλοῦ διελθόντος , χρῆν γὰρ Κανδαύλῃ
                        γενέσθαι κακῶς , ἔλεγε πρὸς τὸν Γύγην τοιάδε · "Γύγη ,
                        οὐ γάρ σε δοκέω πείθεσθαί μοι λέγοντι περὶ τοῦ εἴδεος
                        τῆς γυναικός ὦτα γὰρ τυγχάνει ἀνθρώποισι ἐόντα
                        ἀπιστότερα ὀφθαλμῶν , ποίεε ὅκως ἐκείνην θεήσεαι γυμνήν
                        . " Ὁ δὲ μέγα ἀμβώσας εἶπε · "Δέσποτα , τίνα λέγεις
                        λόγον οὐκ ὑγιέα , κελεύων με δέσποιναν τὴν ἐμὴν
                        θεήσασθαι γυμνήν ; Ἅμα δὲ κιθῶνι ἐκδυομένῳ συνεκδύεται
                        καὶ τὴν αἰδῶ γυνή . Πάλαι δὲ τὰ καλὰ ἀνθρώποισι
                        ἐξεύρηται , ἐκ τῶν μανθάνειν δεῖ · ἐν τοῖσι ἓν τόδε ἐστί
                        , σκοπέειν τινὰ τὰ ἑωυτοῦ . Ἐγὼ δὲ πείθομαι ἐκείνην
                        εἶναι πασέων γυναικῶν καλλίστην , καί σεο δέομαι μὴ
                        δέεσθαι ἀνόμων . " </p>
                </div>
                <div n="9" type="chapter">
                    <p> Ὁ μὲν δὴ λέγων τοιαῦτα ἀπεμάχετο , ἀρρωδέων μή τί οἱ ἐξ
                        αὐτῶν γένηται κακόν . Ὁ δ᾽ ἀμείβετο τοῖσδε · "Θάρσεε ,
                        Γύγη , καὶ μὴ φοβέο μήτε ἐμέ , ὥς σεο πειρώμενος λέγω
                        λόγον τόνδε , μήτε γυναῖκα τὴν ἐμήν , μή τί τοι ἐξ αὐτῆς
                        γένηται βλάβος · ἀρχὴν γὰρ ἐγὼ μηχανήσομαι οὕτω ὥστε
                        μηδὲ μαθεῖν μιν ὀφθεῖσαν ὑπὸ σέο . Ἐγὼ γάρ σε ἐς τὸ
                        οἴκημα ἐν τῷ κοιμώμεθα ὄπισθε τῆς ἀνοιγομένης θύρης
                        στήσω · μετὰ δ᾽ ἐμὲ ἐσελθόντα αὐτίκα παρέσται καὶ ἡ γυνὴ
                        ἡ ἐμὴ ἐς κοῖτον . Κεῖται δὲ ἀγχοῦ τῆς ἐσόδου θρόνος ·
                        ἐπὶ τοῦτον τῶν ἱματίων κατὰ ἓν ἕκαστον ἐκδύνουσα θήσει
                        καὶ κατ᾽ ἡσυχίην πολλὴν παρέξει τοι θεήσασθαι . Ἐπεὰν δὲ
                        ἀπὸ τοῦ θρόνου στείχῃ ἐπὶ τὴν εὐνὴν κατὰ νώτου τε αὐτῆς
                        γένῃ , σοὶ μελέτω τὸ ἐνθεῦτεν ὅκως μή σε ὄψεται ἰόντα
                        διὰ θυρέων . " </p>
                </div>
                <div n="10" type="chapter">
                    <p> Ὁ μὲν δή , ὡς οὐκ ἐδύνατο διαφυγεῖν , ἦν ἕτοιμος · ὁ δὲ
                        Κανδαύλης , ἐπεὶ ἐδόκεε ὥρη τῆς κοίτης εἶναι , ἤγαγε τὸν
                        Γύγην ἐς τὸ οἴκημα , καὶ μετὰ ταῦτα αὐτίκα παρῆν καὶ ἡ
                        γυνή · ἐσελθοῦσαν δὲ καὶ τιθεῖσαν τὰ εἵματα ἐθηεῖτο ὁ
                        Γύγης . Ὡς δὲ κατὰ νώτου ἐγένετο ἰούσης τῆς γυναικὸς ἐς
                        τὴν κοίτην , ὑπεκδὺς ἐχώρεε ἔξω . Καὶ ἡ γυνὴ ἐπορᾷ μιν
                        ἐξιόντα . Μαθοῦσα δὲ τὸ ποιηθὲν ἐκ τοῦ ἀνδρὸς οὔτε
                        ἀνέβωσε αἰσχυνθεῖσα οὔτε ἔδοξε μαθεῖν , ἐν νόῳ ἔχουσα
                        τείσεσθαι τὸν Κανδαύλην · παρὰ γὰρ τοῖσι Λυδοῖσι ,
                        σχεδὸν δὲ καὶ παρὰ τοῖσι ἄλλοισι βαρβάροισι , καὶ ἄνδρα
                        ὀφθῆναι γυμνὸν ἐς αἰσχύνην μεγάλην φέρει . </p>
                </div>
                
            </div>
            <div n="2" type="book">
                <div n="t" type="chapter">
                    <p> <hi> ΕΥΤΕΡΠΗ </hi> </p>
                </div>
                <div n="1" type="chapter">
                    <p> Τελευτήσαντος δὲ Κύρου παρέλαβε τὴν βασιληίην Καμβύσης ,
                        Κύρου ἐὼν παῖς καὶ Κασσανδάνης τῆς Φαρνάσπεω θυγατρός ,
                        τῆς προαποθανούσης · Κῦρος αὐτός τε μέγα πένθος
                        ἐποιήσατο καὶ τοῖσι ἄλλοισι προεῖπε πᾶσι τῶν ἦρχε πένθος
                        ποιέεσθαι . Ταύτης δὴ τῆς γυναικὸς ἐὼν παῖς καὶ Κύρου
                        Καμβύσης Ἴωνας μὲν καὶ Αἰολέας ὡς δούλους πατρωίους
                        ἐόντας ἐνόμιζε , ἐπὶ δὲ Αἴγυπτον ἐποιέετο στρατηλασίην ,
                        ἄλλους τε παραλαβὼν τῶν ἦρχε καὶ δὴ καὶ Ἑλλήνων τῶν
                        ἐπεκράτεε . </p>
                </div>
                <div n="2" type="chapter">
                    <p> Οἱ δὲ Αἰγύπτιοι , πρὶν μὲν ἢ Ψαμμήτιχον σφέων βασιλεῦσαι
                        , ἐνόμιζον ἑωυτοὺς πρώτους γενέσθαι πάντων ἀνθρώπων .
                        Ἐπειδὴ δὲ Ψαμμήτιχος βασιλεύσας ἠθέλησε εἰδέναι οἵτινες
                        γενοίατο πρῶτοι , ἀπὸ τούτου νομίζουσι Φρύγας προτέρους
                        γενέσθαι ἑωυτῶν , τῶν δὲ ἄλλων ἑωυτούς . Ψαμμήτιχος δὲ
                        ὡς οὐκ ἐδύνατο πυνθανόμενος πόρον οὐδένα τούτου ἀνευρεῖν
                        οἳ γενοίατο πρῶτοι ἀνθρώπων , ἐπιτεχνᾶται τοιόνδε .
                        Παιδία δύο νεογνὰ ἀνθρώπων τῶν ἐπιτυχόντων διδοῖ ποιμένι
                        τρέφειν ἐς τὰ ποίμνια τροφήν τινα τοιήνδε , ἐντειλάμενος
                        μηδένα ἀντίον αὐτῶν μηδεμίαν φωνὴν ἱέναι , ἐν στέγῃ δὲ
                        ἐρήμῃ ἐπ᾽ ἑωυτῶν κεῖσθαι αὐτὰ καὶ τὴν ὥρην ἐπαγινέειν
                        σφι αἶγας , πλήσαντα δὲ τοῦ γάλακτος τἆλλα διαπρήσσεσθαι
                        . Ταῦτα δὲ ἐποίεέ τε καὶ ἐνετέλλετο ὁ Ψαμμήτιχος θέλων
                        ἀκοῦσαι τῶν παιδίων , ἀπαλλαχθέντων τῶν ἀσήμων
                        κνυζημάτων , ἥντινα φωνὴν ῥήξουσι πρώτην . Τά περ ὦν καὶ
                        ἐγένετο . Ὡς γὰρ διέτης χρόνος ἐγεγόνεε ταῦτα τῷ ποιμένι
                        πρήσσοντι , ἀνοίγοντι τὴν θύρην καὶ ἐσιόντι τὰ παιδία
                        ἀμφότερα προσπίπτοντα "βεκός " ἐφώνεον ὀρέγοντα τὰς
                        χεῖρας . Τὰ μὲν δὴ πρῶτα ἀκούσας ἥσυχος ἦν ὁ ποιμήν · ὡς
                        δὲ πολλάκις φοιτῶντι καὶ ἐπιμελομένῳ πολλὸν ἦν τοῦτο τὸ
                        ἔπος , οὕτω δὴ σημήνας τῷ δεσπότῃ ἤγαγε τὰ παιδία
                        κελεύσαντος ἐς ὄψιν τὴν ἐκείνου . Ἀκούσας δὲ καὶ αὐτὸς ὁ
                        Ψαμμήτιχος ἐπυνθάνετο οἵτινες ἀνθρώπων "βεκός " τι
                        καλέουσι , πυνθανόμενος δὲ εὕρισκε Φρύγας καλέοντας τὸν
                        ἄρτον . Οὕτω συνεχώρησαν Αἰγύπτιοι καὶ τοιούτῳ
                        σταθμωσάμενοι πρήγματι τοὺς Φρύγας πρεσβυτέρους εἶναι
                        ἑωυτῶν . Ὧδε μὲν γενέσθαι τῶν ἱρέων τοῦ Ἡφαίστου τοῦ ἐν
                        Μέμφι ἤκουον · Ἕλληνες δὲ λέγουσι ἄλλα τε μάταια πολλὰ
                        καὶ ὡς γυναικῶν τὰς γλώσσας ὁ Ψαμμήτιχος ἐκταμὼν τὴν
                        δίαιταν οὕτως ἐποιήσατο τῶν παιδίων παρὰ ταύτῃσι τῇσι
                        γυναιξί . </p>
                </div>
                <div n="3" type="chapter">
                    <p> Κατὰ μὲν δὴ τὴν τροφὴν τῶν παιδίων τοσαῦτα ἔλεγον .
                        Ἤκουσα δὲ καὶ ἄλλα ἐν Μέμφι , ἐλθὼν ἐς λόγους τοῖσι
                        ἱρεῦσι τοῦ Ἡφαίστου · καὶ δὴ καὶ ἐς Θήβας τε καὶ ἐς
                        Ἡλίου πόλιν αὐτῶν τούτων εἵνεκεν ἐτραπόμην , ἐθέλων
                        εἰδέναι εἰ συμβήσονται τοῖσι λόγοισι τοῖσι ἐν Μέμφι · οἱ
                        γὰρ Ἡλιοπολῖται λέγονται Αἰγυπτίων εἶναι λογιώτατοι . Τὰ
                        μέν νυν θεῖα τῶν ἀπηγημάτων οἷα ἤκουον , οὐκ εἰμὶ
                        πρόθυμος ἐξηγέεσθαι , ἔξω ἢ τὰ οὐνόματα αὐτῶν μοῦνον ,
                        νομίζων πάντας ἀνθρώπους ἴσον περὶ αὐτῶν ἐπίστασθαι · τὰ
                        δ᾽ ἂν ἐπιμνησθέω αὐτῶν , ὑπὸ τοῦ λόγου ἐξαναγκαζόμενος
                        ἐπιμνησθήσομαι . </p>
                </div>
                <div n="4" type="chapter">
                    <p> Ὅσα δὲ ἀνθρωπήια πρήγματα , ὧδε ἔλεγον ὁμολογέοντες
                        σφίσι , πρώτους Αἰγυπτίους ἀνθρώπων ἁπάντων ἐξευρεῖν τὸν
                        ἐνιαυτόν , δυώδεκα μέρεα δασαμένους τῶν ὡρέων ἐς αὐτόν ·
                        ταῦτα δὲ ἐξευρεῖν ἐκ τῶν ἄστρων ἔλεγον . Ἄγουσι δὲ
                        τοσῷδε σοφώτερον Ἑλλήνων , ἐμοὶ δοκέειν , ὅσῳ Ἕλληνες
                        μὲν διὰ τρίτου ἔτεος ἐμβόλιμον μῆνα ἐπεμβάλλουσι τῶν
                        ὡρέων εἵνεκεν , Αἰγύπτιοι δὲ τριηκοντημέρους ἄγοντες
                        τοὺς δυώδεκα μῆνας ἐπάγουσι ἀνὰ πᾶν ἔτος πέντε ἡμέρας
                        πάρεξ τοῦ ἀριθμοῦ , καί σφι ὁ κύκλος τῶν ὡρέων ἐς τὠυτὸ
                        περιιὼν παραγίνεται . Δυώδεκά τε θεῶν ἐπωνυμίας ἔλεγον
                        πρώτους Αἰγυπτίους νομίσαι καὶ Ἕλληνας παρὰ σφέων
                        ἀναλαβεῖν , βωμούς τε καὶ ἀγάλματα καὶ νηοὺς θεοῖσι
                        ἀπονεῖμαι σφέας πρώτους καὶ ζῷα ἐν λίθοισι ἐγγλύψαι .
                        Καὶ τούτων μέν νυν τὰ πλέω ἔργῳ ἐδήλουν οὕτω γενόμενα .
                        Βασιλεῦσαι δὲ πρῶτον Αἰγύπτου ἄνθρωπον ἔλεγον Μῖνα · ἐπὶ
                        τούτου , πλὴν τοῦ Θηβαϊκοῦ νομοῦ , πᾶσαν Αἴγυπτον εἶναι
                        ἕλος , καὶ αὐτῆς εἶναι οὐδὲν ὑπερέχον τῶν νῦν ἔνερθε
                        λίμνης τῆς Μοίριος ἐόντων , ἐς τὴν ἀνάπλοος ἀπὸ θαλάσσης
                        ἑπτὰ ἡμερέων ἐστὶ ἀνὰ τὸν ποταμόν . </p>
                </div>
                <div n="5" type="chapter">
                    <p> Καὶ εὖ μοι ἐδόκεον λέγειν περὶ τῆς χώρης . Δῆλα γὰρ δὴ
                        καὶ μὴ προακούσαντι , ἰδόντι δέ , ὅστις γε σύνεσιν ἔχει
                        , ὅτι ἡ Αἴγυπτος ἐς τὴν Ἕλληνες ναυτίλλονται ἐστὶ
                        Αἰγυπτίοισι ἐπίκτητός τε γῆ καὶ δῶρον τοῦ ποταμοῦ , καὶ
                        ἡ τὰ κατύπερθε ἔτι τῆς λίμνης ταύτης μέχρι τριῶν ἡμερέων
                        πλόου , τῆς πέρι ἐκεῖνοι οὐδὲν ἔτι τοιόνδε ἔλεγον , ἔστι
                        δὲ ἕτερον τοιοῦτο . Αἰγύπτου γὰρ φύσις ἐστὶ τῆς χώρης
                        τοιήδε . Πρῶτα μὲν προσπλέων ἔτι καὶ ἡμέρης δρόμον
                        ἀπέχων ἀπὸ γῆς , κατεὶς καταπειρητηρίην πηλόν τε
                        ἀνοίσεις καὶ ἐν ἕνδεκα ὀργυιῇσι ἔσεαι · τοῦτο μὲν ἐπὶ
                        τοσοῦτο δηλοῖ πρόχυσιν τῆς γῆς ἐοῦσαν . </p>
                </div>
                <div n="6" type="chapter">
                    <p> Αὖτις δὲ αὐτῆς ἐστὶ Αἰγύπτου μῆκος τὸ παρὰ θάλασσαν
                        ἑξήκοντα σχοῖνοι , κατὰ ἡμεῖς διαιρέομεν εἶναι Αἴγυπτον
                        ἀπὸ τοῦ Πλινθινήτεω κόλπου μέχρι Σερβωνίδος λίμνης ,
                        παρ᾽ ἣν τὸ Κάσιον ὄρος τείνει · ταύτης ὦν ἄπο οἱ
                        ἑξήκοντα σχοῖνοί εἰσι . Ὅσοι μὲν γὰρ γεωπεῖναί εἰσι
                        ἀνθρώπων , ὀργυιῇσι μεμετρήκασι τὴν χώρην · ὅσοι δὲ
                        ἧσσον γεωπεῖναι , σταδίοισι · οἳ δὲ πολλὴν ἔχουσι ,
                        παρασάγγῃσι · οἳ δὲ ἄφθονον λίην , σχοίνοισι . Δύναται
                        δὲ ὁ μὲν παρασάγγης τριήκοντα στάδια , ὁ δὲ σχοῖνος
                        ἕκαστος , μέτρον ἐὸν αἰγύπτιον , ἑξήκοντα στάδια . Οὕτως
                        ἂν εἴησαν Αἰγύπτου στάδιοι ἑξακόσιοι καὶ τρισχίλιοι τὸ
                        παρὰ θάλασσαν . </p>
                </div>
                <div n="7" type="chapter">
                    <p> Ἐνθεῦτεν μὲν καὶ μέχρι Ἡλίου πόλιος ἐς τὴν μεσόγαιάν
                        ἐστι εὐρέα Αἴγυπτος , ἐοῦσα πᾶσα ὑπτίη τε καὶ ἔνυδρος
                        καὶ ἰλύς . Ἔστι δὲ ὁδὸς ἐς Ἡλίου πόλιν ἀπὸ θαλάσσης ἄνω
                        ἰόντι παραπλησίη τὸ μῆκος τῇ ἐξ Ἀθηνέων ὁδῷ τῇ ἀπὸ τῶν
                        Δυώδεκα Θεῶν τοῦ βωμοῦ φερούσῃ ἔς τε Πῖσαν καὶ ἐπὶ τὸν
                        νηὸν τοῦ Διὸς τοῦ Ὀλυμπίου · σμικρόν τι τὸ διάφορον
                        εὕροι τις ἂν λογιζόμενος τῶν ὁδῶν τουτέων , τὸ μὴ ἴσας
                        μῆκος εἶναι , οὐ πλέον πεντεκαίδεκα σταδίων · ἡ μὲν γὰρ
                        ἐς Πῖσαν ἐξ Ἀθηνέων καταδεῖ πεντεκαίδεκα σταδίων ὡς μὴ
                        εἶναι πεντακοσίων καὶ χιλίων , ἡ δὲ ἐς Ἡλίου πόλιν ἀπὸ
                        θαλάσσης πληροῖ ἐς τὸν ἀριθμὸν τοῦτον . Ἀπὸ δὲ Ἡλίου
                        πόλιος ἄνω ἰόντι στεινή ἐστι Αἴγυπτος . </p>
                </div>
                <div n="8" type="chapter">
                    <p> Τῇ μὲν γὰρ τῆς Ἀραβίης ὄρος παρατέταται , φέρον ἀπ᾽
                        ἄρκτου πρὸς μεσαμβρίην τε καὶ νότον , αἰεὶ ἄνω τεῖνον ἐς
                        τὴν Ἐρυθρὴν καλεομένην θάλασσαν , ἐν τῷ αἱ λιθοτομίαι
                        ἔνεισι αἱ ἐς τὰς πυραμίδας κατατμηθεῖσαι τὰς ἐν Μέμφι ·
                        ταύτῃ μὲν λῆγον ἀνακάμπτει ἐς τὰ εἴρηται τὸ ὄρος · τῇ δὲ
                        αὐτὸ ἑωυτοῦ ἐστι μακρότατον , ὡς ἐγὼ ἐπυνθανόμην , δύο
                        μηνῶν · αὐτὸ εἶναι τῆς ὁδοῦ ἀπὸ ἠοῦς πρὸς ἑσπέρην , τὰ
                        δὲ πρὸς τὴν ἠῶ λιβανωτοφόρα αὐτοῦ τὰ τέρματα εἶναι .
                        Τοῦτο μέν νυν τὸ ὄρος τοιοῦτό ἐστι . Τὸ δὲ πρὸς Λιβύης
                        τῆς Αἰγύπτου ὄρος ἄλλο πέτρινον τείνει , ἐν τῷ αἱ
                        πυραμίδες ἔνεισι , ψάμμῳ κατειλυμένον , τεταμένον τὸν
                        αὐτὸν τρόπον καὶ τοῦ Ἀραβίου τὰ πρὸς μεσαμβρίην φέροντα
                        . Τὸ ὦν δὴ ἀπὸ Ἡλίου πόλιος οὐκέτι πολλὸν χωρίον ὡς
                        εἶναι Αἰγύπτου , ἀλλ᾽ ὅσον τε ἡμερέων τεσσέρων ἀναπλόου
                        ἐστὶ στεινὴ Αἴγυπτος , ἐοῦσα τῶν δὲ ὀρέων τῶν εἰρημένων
                        τὸ μεταξὺ πεδιὰς μὲν γῆ , στάδιοι δὲ μάλιστα ἐδόκεόν μοι
                        εἶναι , τῇ στεινότατόν ἐστι , διηκοσίων οὐ πλέους ἐκ τοῦ
                        Ἀραβίου ὄρεος ἐς τὸ Λιβυκὸν καλεόμενον · τὸ δὲ ἐνθεῦτεν
                        αὖτις εὐρέα Αἴγυπτός ἐστι . </p>
                </div>
                <div n="9" type="chapter">
                    <p> Πέφυκε μέν νυν ἡ χώρη αὕτη οὕτως . Ἀπὸ δὲ Ἡλίου πόλιος
                        ἐς Θήβας ἐστὶ ἀνάπλοος ἐννέα ἡμερέων , στάδιοι δὲ τῆς
                        ὁδοῦ ἑξήκοντα καὶ ὀκτακόσιοι καὶ τετρακισχίλιοι ,
                        σχοίνων ἑνὸς καὶ ὀγδώκοντα ἐόντων . Οὗτοι συντιθέμενοι
                        οἱ στάδιοι Αἰγύπτου , τὸ μὲν παρὰ θάλασσαν ἤδη μοι καὶ
                        πρότερον δεδήλωται ὅτι ἑξακοσίων τέ ἐστι σταδίων καὶ
                        τρισχιλίων , ὅσον δέ τι ἀπὸ θαλάσσης ἐς μεσόγαιαν μέχρι
                        Θηβέων ἐστί , σημανέω · στάδιοι γάρ εἰσι εἴκοσι καὶ
                        ἑκατὸν καὶ ἑξακισχίλιοι · τὸ δὲ ἀπὸ Θηβέων ἐς
                        Ἐλεφαντίνην καλεομένην πόλιν στάδιοι χίλιοι καὶ
                        ὀκτακόσιοί εἰσι . * </p>
                </div>
                <div n="10" type="chapter">
                    <p> Ταύτης ὦν τῆς χώρης τῆς εἰρημένης ἡ πολλή , κατά περ οἱ
                        ἱρέες ἔλεγον , ἐδόκεε καὶ αὐτῷ μοι εἶναι ἐπίκτητος
                        Αἰγυπτίοισι . Τῶν γὰρ ὀρέων τῶν εἰρημένων τῶν ὑπὲρ
                        Μέμφιν πόλιν κειμένων τὸ μεταξὺ ἐφαίνετό μοι εἶναί κοτε
                        κόλπος θαλάσσης , ὥσπερ τὰ περὶ Ἴλιον καὶ Τευθρανίην καὶ
                        Ἔφεσόν τε καὶ Μαιάνδρου πεδίον , ὥς γε εἶναι σμικρὰ
                        ταῦτα μεγάλοισι συμβαλεῖν · τῶν γὰρ ταῦτα τὰ χωρία
                        προσχωσάντων ποταμῶν ἑνὶ τῶν στομάτων τοῦ Νείλου ,
                        ἐόντος πενταστόμου , οὐδεὶς αὐτῶν πλήθεος πέρι ἄξιος
                        συμβληθῆναί ἐστι . Εἰσὶ δὲ καὶ ἄλλοι ποταμοί , οὐ κατὰ
                        τὸν Νεῖλον ἐόντες μεγάθεα , οἵτινες ἔργα ἀποδεξάμενοι
                        μεγάλα εἰσί · τῶν ἐγὼ φράσαι ἔχω οὐνόματα καὶ ἄλλων καὶ
                        οὐκ ἥκιστα Ἀχελῴου , ὃς ῥέων δι᾽ Ἀκαρνανίης καὶ ἐξιεὶς
                        ἐς θάλασσαν τῶν Ἐχινάδων νήσων τὰς ἡμισέας ἤδη ἤπειρον
                        πεποίηκε . </p>
                </div>
               
            </div>
            <div n="3" type="book">
                <div n="t" type="chapter">
                    <p> <hi> ΘΑΛΕΙΑ </hi> </p>
                </div>
                <div n="1" type="chapter">
                    <p> Ἐπὶ τοῦτον δὴ τὸν Ἄμασιν Καμβύσης ὁ Κύρου ἐστρατεύετο ,
                        ἄγων ἄλλους τε τῶν ἦρχε καὶ Ἑλλήνων Ἴωνάς τε καὶ Αἰολέας
                        , δι᾽ αἰτίην τοιήνδε . Πέμψας Καμβύσης ἐς Αἴγυπτον
                        κήρυκα αἴτεε Ἄμασιν θυγατέρα , αἴτεε δὲ ἐκ βουλῆς ἀνδρὸς
                        Αἰγυπτίου , ὃς μεμφόμενος Ἀμάσι ἔπρηξε ταῦτα ὅτι μιν ἐξ
                        ἁπάντων τῶν ἐν Αἰγύπτῳ ἰητρῶν ἀποσπάσας ἀπὸ γυναικός τε
                        καὶ τέκνων ἔκδοτον ἐποίησε ἐς Πέρσας , ὅτε Κῦρος πέμψας
                        παρὰ Ἄμασιν αἴτεε ἰητρὸν ὀφθαλμῶν , ὃς εἴη ἄριστος τῶν
                        ἐν Αἰγύπτῳ . Ταῦτα δὴ ἐπιμεμφόμενος ὁ Αἰγύπτιος ἐνῆγε τῇ
                        συμβουλίῃ κελεύων αἰτέειν τὸν Καμβύσην Ἄμασιν θυγατέρα ,
                        ἵνα ἢ δοὺς ἀνιῷτο ἢ μὴ δοὺς Καμβύσῃ ἀπέχθοιτο . Ὁ δὲ
                        Ἄμασις τῇ δυνάμι τῶν Περσέων ἀχθόμενος καὶ ἀρρωδέων οὐκ
                        εἶχε οὔτε δοῦναι οὔτε ἀρνήσασθαι · εὖ γὰρ ἠπίστατο ὅτι
                        οὐκ ὡς γυναῖκά μιν ἔμελλε Καμβύσης ἕξειν ἀλλ᾽ ὡς
                        παλλακήν . Ταῦτα δὴ ἐκλογιζόμενος ἐποίησε τάδε . Ἦν
                        Ἀπρίεω τοῦ προτέρου βασιλέος θυγάτηρ κάρτα μεγάλη τε καὶ
                        εὐειδής , μούνη τοῦ οἴκου λελειμμένη , οὔνομα δέ οἱ ἦν
                        Νίτητις . Ταύτην δὴ τὴν παῖδα ὁ Ἄμασις κοσμήσας ἐσθῆτί
                        τε καὶ χρυσῷ ἀποπέμπει ἐς Πέρσας ὡς ἑωυτοῦ θυγατέρα .
                        Μετὰ δὲ χρόνον ὥς μιν ἠσπάζετο Καμβύσης πατρόθεν
                        ὀνομάζων , λέγει πρὸς αὐτὸν ἡ παῖς · "Ὦ βασιλεῦ ,
                        διαβεβλημένος ὑπὸ Ἀμάσιος οὐ μανθάνεις , ὃς ἐμὲ σοὶ
                        κόσμῳ ἀσκήσας ἀπέπεμψε , ὡς ἑωυτοῦ θυγατέρα διδούς ,
                        ἐοῦσαν τῇ ἀληθείῃ Ἀπρίεω , τὸν ἐκεῖνος ἐόντα ἑωυτοῦ
                        δεσπότην μετ᾽ Αἰγυπτίων ἐπαναστὰς ἐφόνευσε . " Τοῦτο δὴ
                        τὸ ἔπος καὶ αὕτη ἡ αἰτίη ἐγγενομένη ἤγαγε Καμβύσην τὸν
                        Κύρου μεγάλως θυμωθέντα ἐπ᾽ Αἴγυπτον . Οὕτω μέν νυν
                        λέγουσι Πέρσαι . </p>
                </div>
                <div n="2" type="chapter">
                    <p> Αἰγύπτιοι δὲ οἰκηιοῦνται Καμβύσην , φάμενοί μιν ἐκ
                        ταύτης δὴ τῆς Ἀπρίεω θυγατρὸς γενέσθαι · Κῦρον γὰρ εἶναι
                        τὸν πέμψαντα παρὰ Ἄμασιν ἐπὶ τὴν θυγατέρα , ἀλλ᾽ οὐ
                        Καμβύσην . Λέγοντες δὲ ταῦτα οὐκ ὀρθῶς λέγουσι · οὐ μὲν
                        οὐδὲ λέληθε αὐτοὺς εἰ γάρ τινες καὶ ἄλλοι , τὰ Περσέων
                        νόμιμα ὀρθῶς ἐπιστέαται καὶ Αἰγύπτιοι ὅτι πρῶτα μὲν
                        νόθον οὔ σφι νόμος ἐστὶ βασιλεῦσαι γνησίου παρεόντος ,
                        αὖτις δὲ ὅτι Κασσανδάνης τῆς φαρνάσπεω θυγατρὸς ἦν παῖς
                        Καμβύσης , ἀνδρὸς Ἀχαιμενίδεω , ἀλλ᾽ οὐκ ἐκ τῆς
                        Αἰγυπτίης . Ἀλλὰ παρατρέπουσι τὸν λόγον προσποιεύμενοι
                        τῇ Κύρου οἰκίῃ συγγενέες εἶναι . </p>
                </div>
                <div n="3" type="chapter">
                    <p> Καὶ ταῦτα μὲν ὧδε ἔχει . Λέγεται δὲ καὶ ὅδε λόγος , ἐμοὶ
                        μὲν οὐ πιθανός , ὡς τῶν Περσίδων γυναικῶν ἐσελθοῦσά τις
                        παρὰ τὰς Κύρου γυναῖκας , ὡς εἶδε τῇ Κασσανδάνῃ
                        παρεστεῶτα τέκνα εὐειδέα τε καὶ μεγάλα , πολλῷ ἐχρᾶτο τῷ
                        ἐπαίνῳ ὑπερθωμάζουσα , ἡ δὲ Κασσανδάνη , ἐοῦσα τοῦ Κύρου
                        γυνή , εἶπε τάδε · "Τοιῶνδε μέντοι ἐμὲ παίδων μητέρα
                        ἐοῦσαν Κῦρος ἐν ἀτιμίῃ ἔχει , τὴν δὲ ἀπ᾽ Αἰγύπτου
                        ἐπίκτητον ἐν τιμῇ τίθεται . " Τὴν μὲν ἀχθομένην τῇ
                        Νιτήτι εἰπεῖν ταῦτα , τῶν δέ οἱ παίδων τὸν πρεσβύτερον
                        εἰπεῖν Καμβύσην · "Τοιγάρ τοι , ὦ μῆτερ , ἐπεὰν ἐγὼ
                        γένωμαι ἀνήρ , Αἰγύπτου τὰ μὲν ἄνω κάτω θήσω , τὰ δὲ
                        κάτω ἄνω . " Ταῦτα εἰπεῖν αὐτὸν ἔτεα ὡς δέκα κου
                        γεγονότα , καὶ τὰς γυναῖκας ἐν θώματι γενέσθαι · τὸν δὲ
                        διαμνημονεύοντα οὕτω δή , ἐπείτε ἀνδρώθη καὶ ἔσχε τὴν
                        βασιληίην , ποιήσασθαι τὴν ἐπ᾽ Αἴγυπτον στρατηίην . </p>
                </div>
                <div n="4" type="chapter">
                    <p> Συνήνεικε δὲ καὶ ἄλλο τι τοιόνδε πρῆγμα γενέσθαι ἐς τὴν
                        ἐπιστράτευσιν ταύτην . Ἦν τῶν ἐπικούρων τῶν Ἀμάσιος ἀνὴρ
                        γένος μὲν Ἁλικαρνησσεύς , οὔνομα δέ οἱ ἦν Φάνης , καὶ
                        γνώμην ἱκανὸς καὶ τὰ πολέμια ἄλκιμος . Οὗτος ὁ Φάνης
                        μεμφόμενός κού τι Ἀμάσι ἐκδιδρήσκει πλοίῳ ἐξ Αἰγύπτου ,
                        βουλόμενος Καμβύσῃ ἐλθεῖν ἐς λόγους . Οἷα δὲ ἐόντα αὐτὸν
                        ἐν τοῖσι ἐπικούροισι λόγου οὐ σμικροῦ ἐπιστάμενόν τε τὰ
                        περὶ Αἴγυπτον ἀτρεκέστατα , μεταδιώκει ὁ Ἄμασις σπουδὴν
                        ποιεύμενος ἑλεῖν , μεταδιώκει δὲ τῶν εὐνούχων τὸν
                        πιστότατον ἀποστείλας τριήρεϊ κατ᾽ αὐτόν , ὃς αἱρέει μιν
                        ἐν Λυκίῃ , ἑλὼν δὲ οὐκ ἀνήγαγε ἐς Αἴγυπτον · σοφίῃ γάρ
                        μιν περιῆλθε ὁ Φάνης · καταμεθύσας γὰρ τοὺς φυλάκους
                        ἀπαλλάσσετο ἐς Πέρσας . Ὁρμημένῳ δὲ στρατεύεσθαι Καμβύσῃ
                        ἐπ᾽ Αἴγυπτον καὶ ἀπορέοντι τὴν ἔλασιν , ὅκως τὴν ἄνυδρον
                        διεκπερᾷ , ἐπελθὼν φράζει μὲν καὶ τἆλλα τὰ Ἀμάσιος
                        πρήγματα , ἐξηγέεται δὲ καὶ τὴν ἔλασιν , ὧδε παραινέων ,
                        πέμψαντα παρὰ τὸν Ἀραβίων βασιλέα δέεσθαι τὴν διέξοδόν
                        οἱ ἀσφαλέα παρασχεῖν . </p>
                </div>
                <div n="5" type="chapter">
                    <p> Μούνῃ δὲ ταύτῃ εἰσὶ φανεραὶ ἐσβολαὶ ἐς Αἴγυπτον . Ἀπὸ
                        γὰρ Φοινίκης μέχρις οὔρων τῶν Καδύτιος πόλιος ἡ γῆ ἐστι
                        Συρίων τῶν Παλαιστίνων καλεομένων · ἀπὸ δὲ Καδύτιος
                        ἐούσης πόλιος , ὡς ἐμοὶ δοκέει , Σαρδίων οὐ πολλῷ
                        ἐλάσσονος , ἀπὸ ταύτης τὰ ἐμπόρια τὰ ἐπὶ θαλάσσης μέχρις
                        Ἰηνύσου πόλιός ἐστι τοῦ Ἀραβίου · ἀπὸ δὲ Ἰηνύσου αὖτις
                        Συρίων μέχρι Σερβωνίδος λίμνης , παρ᾽ ἣν δὴ τὸ Κάσιον
                        ὄρος τείνει ἐς θάλασσαν · ἀπὸ δὲ Σερβωνίδος λίμνης , ἐν
                        τῇ δὴ λόγος τὸν Τυφῶ κεκρύφθαι , ἀπὸ ταύτης ἤδη Αἴγυπτος
                        . Τὸ δὴ μεταξὺ Ἰηνύσου πόλιος καὶ Κασίου τε ὄρεος καὶ
                        τῆς Σερβωνίδος λίμνης , ἐὸν τοῦτο οὐκ ὀλίγον χωρίον ἀλλὰ
                        ὅσον τε ἐπὶ τρεῖς ἡμέρας ὁδοῦ , ἄνυδρόν ἐστι δεινῶς .
                    </p>
                </div>
                <div n="6" type="chapter">
                    <p> Τὸ δὲ ὀλίγοι τῶν ἐς Αἴγυπτον ναυτιλλομένων ἐννενώκασι ,
                        τοῦτο ἔρχομαι φράσων . Ἐς Αἴγυπτον ἐκ τῆς Ἑλλάδος πάσης
                        καὶ πρὸς ἐκ Φοινίκης κέραμος ἐσάγεται πλήρης οἴνου δι᾽
                        ἔτεος ἑκάστου , καὶ ἓν κεράμιον οἰνηρὸν ἀριθμῷ κεινὸν
                        οὐκ ἔστι ὡς λόγῳ εἰπεῖν ἰδέσθαι . Κοῦ δῆτα , εἴποι τις
                        ἄν , ταῦτα ἀναισιμοῦται ; Ἐγὼ καὶ τοῦτο φράσω . Δεῖ τὸν
                        μὲν δήμαρχον ἕκαστον ἐκ τῆς ἑωυτοῦ πόλιος συλλέξαντα
                        πάντα τὸν κέραμον ἄγειν ἐς Μέμφιν , τοὺς δὲ ἐκ Μέμφιος
                        ἐς ταῦτα δὴ τὰ ἄνυδρα τῆς Συρίης κομίζειν πλήσαντας
                        ὕδατος . Οὕτω ὁ ἐπιφοιτέων κέραμος καὶ ἐξαιρεόμενος ἐν
                        Αἰγύπτῳ ἐπὶ τὸν παλαιὸν κομίζεται ἐς Συρίην . </p>
                </div>
                <div n="7" type="chapter">
                    <p> Οὕτω μέν νυν Πέρσαι εἰσὶ οἱ τὴν ἐσβολὴν ταύτην
                        παρασκευάσαντες ἐς Αἴγυπτον , κατὰ δὴ τὰ εἰρημένα
                        σάξαντες ὕδατι , ἐπείτε τάχιστα παρέλαβον Αἴγυπτον .
                        Τότε δὲ οὐκ ἐόντος κω ὕδατος ἑτοίμου , Καμβύσης
                        πυθόμενος τοῦ Ἁλικαρνησσέος ξείνου , πέμψας παρὰ τὸν
                        Ἀραβίων βασιλέα ἀγγέλους καὶ δεηθεὶς τῆς ἀσφαλείης ἔτυχε
                        , πίστις δούς τε καὶ δεξάμενος παρ᾽ αὐτοῦ . </p>
                </div>
                <div n="8" type="chapter">
                    <p> Σέβονται δὲ Ἀράβιοι πίστις ἀνθρώπων ὅμοια τοῖσι μάλιστα
                        . Ποιεῦνται δὲ αὐτὰς τρόπῳ τοιῷδε . Τῶν βουλομένων τὰ
                        πιστὰ ποιέεσθαι ἄλλος ἀνὴρ ἀμφοτέρων αὐτῶν ἐν μέσῳ
                        ἑστεὼς λίθῳ ὀξέϊ τὸ ἔσω τῶν χειρῶν παρὰ τοὺς δακτύλους
                        τοὺς μεγάλους ἐπιτάμνει τῶν ποιευμένων τὰς πίστις , καὶ
                        ἔπειτα λαβὼν ἐκ τοῦ ἱματίου ἑκατέρου κροκύδα ἀλείφει τῷ
                        αἵματι ἐν μέσῳ κειμένους λίθους ἑπτά , τοῦτο δὲ ποιέων
                        ἐπικαλέει τε τὸν Διόνυσον καὶ τὴν Οὐρανίην .
                        Ἐπιτελέσαντος δὲ τούτου ταῦτα ὁ τὰς πίστις ποιησάμενος
                        τοῖσι φίλοισι παρεγγυᾷ τὸν ξεῖνον ἢ καὶ τὸν ἀστόν , ἢν
                        πρὸς ἀστὸν ποιῆται , οἱ δὲ φίλοι καὶ αὐτοὶ τὰς πίστις
                        δικαιοῦσι σέβεσθαι . Διόνυσον δὲ θεῶν μοῦνον καὶ τὴν
                        Οὐρανίην ἡγέονται εἶναι , καὶ τῶν τριχῶν τὴν κουρὴν
                        κείρεσθαί φασι κατά περ αὐτὸν τὸν Διόνυσον κεκάρθαι ·
                        κείρονται δὲ περιτρόχαλα , ὑποξυροῦντες τοὺς κροτάφους .
                        Ὀνομάζουσι δὲ τὸν μὲν Διόνυσον Ὀροτάλτ , τὴν δὲ Οὐρανίην
                        Ἀλιλάτ . * </p>
                </div>
                <div n="9" type="chapter">
                    <p> Ἐπεὶ ὦν τὴν πίστιν τοῖσι ἀγγέλοισι τοῖσι παρὰ Καμβύσεω
                        ἀπιγμένοισι ἐποιήσατο ὁ Ἀράβιος , ἐμηχανᾶτο τοιάδε ·
                        ἀσκοὺς καμήλων πλήσας ὕδατος ἐπέσαξε ἐπὶ τὰς ζωὰς τῶν
                        καμήλων πάσας , τοῦτο δὲ ποιήσας ἤλασε ἐς τὴν ἄνυδρον
                        καὶ ὑπέμενε ἐνθαῦτα τὸν Καμβύσεω στρατόν . Οὗτος μὲν ὁ
                        πιθανώτερος τῶν λόγων εἴρηται , δεῖ δὲ καὶ τὸν ἧσσον
                        πιθανόν , ἐπεί γε δὴ λέγεται , ῥηθῆναι . Ποταμός ἐστι
                        μέγας ἐν τῇ Ἀραβίῃ τῷ οὔνομα Κόρυς , ἐκδιδοῖ δὲ οὗτος ἐς
                        τὴν Ἐρυθρὴν καλεομένην θάλασσαν . Ἀπὸ τούτου δὴ ὦν τοῦ
                        ποταμοῦ λέγεται τὸν βασιλέα τῶν Ἀραβίων , ῥαψάμενον
                        ὠμοβοέων καὶ ἄλλων δερμάτων ὀχετὸν μήκεϊ ἐξικνεόμενον ἐς
                        τὴν ἄνυδρον , ἀγαγεῖν διὰ δὴ τούτων τὸ ὕδωρ , ἐν δὲ τῇ
                        ἀνύδρῳ μεγάλας δεξαμενὰς ὀρύξασθαι , ἵνα δεκόμεναι τὸ
                        ὕδωρ σῴζωσι ὁδὸς δ᾽ ἐστὶ δυώδεκα ἡμερέων ἀπὸ τοῦ ποταμοῦ
                        ἐς ταύτην τὴν ἄνυδρον · ἀγαγεῖν δέ μιν δι᾽ ὀχετῶν τριῶν
                        ἐς τριξὰ χωρία . </p>
                </div>
                <div n="10" type="chapter">
                    <p> Ἐν δὲ τῷ Πηλουσίῳ καλεομένῳ στόματι τοῦ Νείλου
                        ἐστρατοπεδεύετο Ψαμμήνιτος ὁ Ἀμάσιος παῖς , ὑπομένων
                        Καμβύσην . Ἄμασιν γὰρ οὐ κατέλαβε ζώοντα Καμβύσης ἐλάσας
                        ἐπ᾽ Αἴγυπτον , ἀλλὰ βασιλεύσας ὁ Ἄμασις τέσσερα καὶ
                        τεσσεράκοντα ἔτεα ἀπέθανε , ἐν τοῖσι οὐδέν οἱ μέγα
                        ἀνάρσιον πρῆγμα συνηνείχθη · ἀποθανὼν δὲ καὶ ταριχευθεὶς
                        ἐτάφη ἐν τῇσι ταφῇσι τῇσι ἐν τῷ ἱρῷ , τὰς αὐτὸς
                        οἰκοδομήσατο . Ἐπὶ Ψαμμηνίτου δὲ τοῦ Ἀμάσιος
                        βασιλεύοντος Αἰγύπτου φάσμα Αἰγυπτίοισι μέγιστον δὴ
                        ἐγένετο · ὕσθησαν γὰρ Θῆβαι αἱ Αἰγύπτιαι , οὔτε πρότερον
                        οὐδαμὰ ὑσθεῖσαι οὔτε ὕστερον τὸ μέχρις ἐμέο , ὡς λέγουσι
                        αὐτοὶ Θηβαῖοι . Οὐ γὰρ δὴ ὕεται τὰ ἄνω τῆς Αἰγύπτου τὸ
                        παράπαν · ἀλλὰ καὶ τότε ὕσθησαν αἱ Θῆβαι ψακάδι . </p>
                </div>
               
            </div>
           
        </body>
    </text>
</TEI>
