<?xml version="1.0" encoding="UTF-8"?><?xml-model href="http://www.tei-c.org/release/xml/tei/custom/schema/relaxng/tei_all.rng" schematypens="http://relaxng.org/ns/structure/1.0"?><TEI xmlns="http://www.tei-c.org/ns/1.0">
    <teiHeader type="text">
        <fileDesc>
            <titleStmt>
                <title>The History</title>
                <author>Herodotus</author>
            </titleStmt>
            <extent>about 1.5mb</extent>
            <publicationStmt>
                <pubPlace>Lexington, KY</pubPlace>
                <publisher>Stoa Consortium</publisher>
                <date >Oct. 12, 2003</date>
            </publicationStmt>
            <sourceDesc default="false">
                <bibl default="false" >This text was prepared by Ross Scaife from the translation by G. C. Macaulay, third edition,
                    printed in 1914, by MacMillan and Co., Limited, St. Martin's Street,
                    London.</bibl>
            </sourceDesc>
        </fileDesc>
        <profileDesc>
            <langUsage default="false">
                <language ident="en">English</language>
            </langUsage>
        </profileDesc>
       
    </teiHeader>
    <text>
        <body>
            <div type="book" n="1"   >
                 <head> THE FIRST BOOK OF THE HISTORIES , CALLED CLIO </head> 
                 <div type="chapter" n="0"   > 
                     <p><w n="1">This</w> <w n="2">is</w> <w n="3">the</w> <w n="4">Showing</w> <w n="5">forth</w> <w n="6">of</w> <w n="7">the</w> <w n="8">Inquiry</w> <w n="9">of</w> <w n="10">Herodotus</w> <w n="11">of</w> <w n="12">Halicarnassos</w> <w n="13">,</w> <w n="14">to
</w>                        <w n="38">the</w> <w n="39">end</w> <w n="40">that</w> <w n="41">neither</w> <w n="42">the</w> <w n="43">deeds</w> <w n="44">of</w> <w n="45">men</w> <w n="46">may</w> <w n="47">be</w> <w n="48">forgotten</w> <w n="49">by</w> <w n="50">lapse</w> <w n="51">of</w> <w n="52">time</w> <w n="53">,</w> <w n="54">nor
</w>                        <w n="78">the</w> <w n="79">works</w> <w n="80">great</w> <w n="81">and</w> <w n="82">marvellous</w> <w n="83">,</w> <w n="84">which</w> <w n="85">have</w> <w n="86">been</w> <w n="87">produced</w> <w n="88">some</w> <w n="89">by</w> <w n="90">Hellenes
</w>                        <w n="114">and</w> <w n="115">some</w> <w n="116">by</w> <w n="117">Barbarians</w> <w n="118">,</w> <w n="119">may</w> <w n="120">lose</w> <w n="121">their</w> <w n="122">renown</w> <w n="123">;</w> <w n="124">and</w> <w n="125">especially</w> <w n="126">that</w> <w n="127">the
</w>                        <w n="151">causes</w> <w n="152">may</w> <w n="153">be</w> <w n="154">remembered</w> <w n="155">for</w> <w n="156">which</w> <w n="157">these</w> <w n="158">waged</w> <w n="159">war</w> <w n="160">with</w> <w n="161">one</w> <w n="162">another</w> <w n="163">.</w> </p> 
                 </div> 
                 <div type="chapter" n="1"   > 
                     <p><w n="1">Those</w> <w n="2">of</w> <w n="3">the</w> <w n="4">Persians</w> <w n="5">who</w> <w n="6">have</w> <w n="7">knowledge</w> <w n="8">of</w> <w n="9">history</w> <w n="10">declare</w> <w n="11">that</w> <w n="12">the
</w>                        <w n="36">Phenicians</w> <w n="37">first</w> <w n="38">began</w> <w n="39">the</w> <w n="40">quarrel</w> <w n="41">.</w> <w n="42">These</w> <w n="43">,</w> <w n="44">they</w> <w n="45">say</w> <w n="46">,</w> <w n="47">came</w> <w n="48">from</w> <w n="49">that</w> <w n="50">which</w> <w n="51">is
</w>                        <w n="75">called</w> <w n="76">the</w> <w n="77">Erythraian</w> <w n="78">Sea</w> <w n="79">to</w> <w n="80">this</w> <w n="81">of</w> <w n="82">ours</w> <w n="83">;</w> <w n="84">and</w> <w n="85">having</w> <w n="86">settled</w> <w n="87">in</w> <w n="88">the</w> <w n="89">land
</w>                        <w n="113">where</w> <w n="114">they</w> <w n="115">continue</w> <w n="116">even</w> <w n="117">now</w> <w n="118">to</w> <w n="119">dwell</w> <w n="120">,</w> <w n="121">set</w> <w n="122">themselves</w> <w n="123">forthwith</w> <w n="124">to</w> <w n="125">make</w> <w n="126">long
</w>                        <w n="150">voyages</w> <w n="151">by</w> <w n="152">sea</w> <w n="153">.</w> <w n="154">And</w> <w n="155">conveying</w> <w n="156">merchandise</w> <w n="157">of</w> <w n="158">Egypt</w> <w n="159">and</w> <w n="160">of</w> <w n="161">Assyria</w> <w n="162">they
</w>                        <w n="186">arrived</w> <w n="187">at</w> <w n="188">other</w> <w n="189">places</w> <w n="190">and</w> <w n="191">also</w> <w n="192">at</w> <w n="193">Argos</w> <w n="194">;</w> <w n="195">now</w> <w n="196">Argos</w> <w n="197">was</w> <w n="198">at</w> <w n="199">that</w> <w n="200">time</w> <w n="201">in</w> <w n="202">all
</w>                        <w n="226">points</w> <w n="227">the</w> <w n="228">first</w> <w n="229">of</w> <w n="230">the</w> <w n="231">States</w> <w n="232">within</w> <w n="233">that</w> <w n="234">land</w> <w n="235">which</w> <w n="236">is</w> <w n="237">now</w> <w n="238">called
</w>                        <w n="262">Hellas</w> <w n="263">;</w> <w n="264">â€”</w> <w n="265">the</w> <w n="266">Phenicians</w> <w n="267">arrived</w> <w n="268">then</w> <w n="269">at</w> <w n="270">this</w> <w n="271">land</w> <w n="272">of</w> <w n="273">Argos</w> <w n="274">,</w> <w n="275">and</w> <w n="276">began</w> <w n="277">to
</w>                        <w n="301">dispose</w> <w n="302">of</w> <w n="303">their</w> <w n="304">ship's</w> <w n="305">cargo</w> <w n="306">:</w> <w n="307">and</w> <w n="308">on</w> <w n="309">the</w> <w n="310">fifth</w> <w n="311">or</w> <w n="312">sixth</w> <w n="313">day</w> <w n="314">after</w> <w n="315">they</w> <w n="316">had
</w>                        <w n="340">arrived</w> <w n="341">,</w> <w n="342">when</w> <w n="343">their</w> <w n="344">goods</w> <w n="345">had</w> <w n="346">been</w> <w n="347">almost</w> <w n="348">all</w> <w n="349">sold</w> <w n="350">,</w> <w n="351">there</w> <w n="352">came</w> <w n="353">down</w> <w n="354">to</w> <w n="355">the
</w>                        <w n="379">sea</w> <w n="380">a</w> <w n="381">great</w> <w n="382">company</w> <w n="383">of</w> <w n="384">women</w> <w n="385">,</w> <w n="386">and</w> <w n="387">among</w> <w n="388">them</w> <w n="389">the</w> <w n="390">daughter</w> <w n="391">of</w> <w n="392">the</w> <w n="393">king</w> <w n="394">;</w> <w n="395">and
</w>                        <w n="419">her</w> <w n="420">name</w> <w n="421">,</w> <w n="422">as</w> <w n="423">the</w> <w n="424">Hellenes</w> <w n="425">also</w> <w n="426">agree</w> <w n="427">,</w> <w n="428">was</w> <w n="429">Io</w> <w n="430">the</w> <w n="431">daughter</w> <w n="432">of</w> <w n="433">Inachos</w> <w n="434">.</w> <w n="435">These
</w>                        <w n="459">standing</w> <w n="460">near</w> <w n="461">to</w> <w n="462">the</w> <w n="463">stern</w> <w n="464">of</w> <w n="465">the</w> <w n="466">ship</w> <w n="467">were</w> <w n="468">buying</w> <w n="469">of</w> <w n="470">the</w> <w n="471">wares</w> <w n="472">such</w> <w n="473">as
</w>                        <w n="497">pleased</w> <w n="498">them</w> <w n="499">most</w> <w n="500">,</w> <w n="501">when</w> <w n="502">of</w> <w n="503">a</w> <w n="504">sudden</w> <w n="505">the</w> <w n="506">Phenicians</w> <w n="507">,</w> <w n="508">passing</w> <w n="509">the</w> <w n="510">word</w> <w n="511">from
</w>                        <w n="535">one</w> <w n="536">to</w> <w n="537">another</w> <w n="538">,</w> <w n="539">made</w> <w n="540">a</w> <w n="541">rush</w> <w n="542">upon</w> <w n="543">them</w> <w n="544">;</w> <w n="545">and</w> <w n="546">the</w> <w n="547">greater</w> <w n="548">part</w> <w n="549">of</w> <w n="550">the</w> <w n="551">women
</w>                        <w n="575">escaped</w> <w n="576">by</w> <w n="577">flight</w> <w n="578">,</w> <w n="579">but</w> <w n="580">Io</w> <w n="581">and</w> <w n="582">certain</w> <w n="583">others</w> <w n="584">were</w> <w n="585">carried</w> <w n="586">off</w> <w n="587">.</w> <w n="588">So</w> <w n="589">they</w> <w n="590">put
</w>                        <w n="614">them</w> <w n="615">on</w> <w n="616">board</w> <w n="617">their</w> <w n="618">ship</w> <w n="619">,</w> <w n="620">and</w> <w n="621">forthwith</w> <w n="622">departed</w> <w n="623">,</w> <w n="624">sailing</w> <w n="625">away</w> <w n="626">to</w> <w n="627">Egypt</w> <w n="628">.</w> </p> 
                 </div> 
                 <div type="chapter" n="2"   > 
                     <p><w n="1">In</w> <w n="2">this</w> <w n="3">manner</w> <w n="4">the</w> <w n="5">Persians</w> <w n="6">report</w> <w n="7">that</w> <w n="8">Io</w> <w n="9">came</w> <w n="10">to</w> <w n="11">Egypt</w> <w n="12">,</w> <w n="13">not</w> <w n="14">agreeing
</w>                        <w n="38">therein</w> <w n="39">with</w> <w n="40">the</w> <w n="41">Hellenes</w> <w n="42">,</w> <w n="43">and</w> <w n="44">this</w> <w n="45">they</w> <w n="46">say</w> <w n="47">was</w> <w n="48">the</w> <w n="49">first</w> <w n="50">beginning</w> <w n="51">of
</w>                        <w n="75">wrongs</w> <w n="76">.</w> <w n="77">Then</w> <w n="78">after</w> <w n="79">this</w> <w n="80">,</w> <w n="81">they</w> <w n="82">say</w> <w n="83">,</w> <w n="84">certain</w> <w n="85">Hellenes</w>  <w n="87">(but</w> <w n="88">the</w> <w n="89">name</w> <w n="90">of</w> <w n="91">the
</w>                        <w n="115">people</w> <w n="116">they</w> <w n="117">are</w> <w n="118">not</w> <w n="119">able</w> <w n="120">to</w> <w n="121">report</w> <w n="122">)</w> <w n="123">put</w> <w n="124">in</w> <w n="125">to</w> <w n="126">the</w> <w n="127">city</w> <w n="128">of</w> <w n="129">Tyre</w> <w n="130">in</w> <w n="131">Phenicia
</w>                        <w n="155">and</w> <w n="156">carried</w> <w n="157">off</w> <w n="158">the</w> <w n="159">king's</w> <w n="160">daughter</w> <w n="161">Europa</w> <w n="162">;</w> <w n="163">â€”</w> <w n="164">these</w> <w n="165">would</w> <w n="166">doubtless</w> <w n="167">be
</w>                        <w n="191">Cretans</w> <w n="192">;</w> <w n="193">â€”</w> <w n="194">and</w> <w n="195">so</w> <w n="196">they</w> <w n="197">were</w> <w n="198">quits</w> <w n="199">for</w> <w n="200">the</w> <w n="201">former</w> <w n="202">injury</w> <w n="203">.</w> <w n="204">After</w> <w n="205">this</w> <w n="206">however
</w>                        <w n="230">the</w> <w n="231">Hellenes</w> <w n="232">,</w> <w n="233">they</w> <w n="234">say</w> <w n="235">,</w> <w n="236">were</w> <w n="237">the</w> <w n="238">authors</w> <w n="239">of</w> <w n="240">the</w> <w n="241">second</w> <w n="242">wrong</w> <w n="243">;</w> <w n="244">for</w> <w n="245">they
</w>                        <w n="269">sailed</w> <w n="270">in</w> <w n="271">to</w> <w n="272">Aia</w> <w n="273">of</w> <w n="274">Colchis</w> <w n="275">and</w> <w n="276">to</w> <w n="277">the</w> <w n="278">river</w> <w n="279">Phasis</w> <w n="280">with</w> <w n="281">a</w> <w n="282">ship</w> <w n="283">of</w> <w n="284">war</w> <w n="285">,</w> <w n="286">and
</w>                        <w n="310">from</w> <w n="311">thence</w> <w n="312">,</w> <w n="313">after</w> <w n="314">they</w> <w n="315">had</w> <w n="316">done</w> <w n="317">the</w> <w n="318">other</w> <w n="319">business</w> <w n="320">for</w> <w n="321">which</w> <w n="322">they</w> <w n="323">came</w> <w n="324">,
</w>                        <w n="348">they</w> <w n="349">carried</w> <w n="350">off</w> <w n="351">the</w> <w n="352">king's</w> <w n="353">daughter</w> <w n="354">Medea</w> <w n="355">:</w> <w n="356">and</w> <w n="357">the</w> <w n="358">king</w> <w n="359">of</w> <w n="360">Colchis</w> <w n="361">sent</w> <w n="362">a
</w>                        <w n="386">herald</w> <w n="387">to</w> <w n="388">the</w> <w n="389">land</w> <w n="390">of</w> <w n="391">Hellas</w> <w n="392">and</w> <w n="393">demanded</w> <w n="394">satisfaction</w> <w n="395">for</w> <w n="396">the</w> <w n="397">rape</w> <w n="398">and</w> <w n="399">to
</w>                        <w n="423">have</w> <w n="424">his</w> <w n="425">daughter</w> <w n="426">back</w> <w n="427">;</w> <w n="428">but</w> <w n="429">they</w> <w n="430">answered</w> <w n="431">that</w> <w n="432">,</w> <w n="433">as</w> <w n="434">the</w> <w n="435">Barbarians</w> <w n="436">had</w> <w n="437">given
</w>                        <w n="461">them</w> <w n="462">no</w> <w n="463">satisfaction</w> <w n="464">for</w> <w n="465">the</w> <w n="466">rape</w> <w n="467">of</w> <w n="468">Io</w> <w n="469">the</w> <w n="470">Argive</w> <w n="471">,</w> <w n="472">so</w> <w n="473">neither</w> <w n="474">would</w> <w n="475">they
</w>                        <w n="499">give</w> <w n="500">satisfaction</w> <w n="501">to</w> <w n="502">the</w> <w n="503">Barbarians</w> <w n="504">for</w> <w n="505">this</w> <w n="506">.</w> </p> 
                 </div> 
                 <div type="chapter" n="3"   > 
                     <p><w n="1">In</w> <w n="2">the</w> <w n="3">next</w> <w n="4">generation</w> <w n="5">after</w> <w n="6">this</w> <w n="7">,</w> <w n="8">they</w> <w n="9">say</w> <w n="10">,</w> <w n="11">Alexander</w> <w n="12">the</w> <w n="13">son</w> <w n="14">of</w> <w n="15">Priam</w> <w n="16">,
</w>                        <w n="40">having</w> <w n="41">heard</w> <w n="42">of</w> <w n="43">these</w> <w n="44">things</w> <w n="45">,</w> <w n="46">desired</w> <w n="47">to</w> <w n="48">get</w> <w n="49">a</w> <w n="50">wife</w> <w n="51">for</w> <w n="52">himself</w> <w n="53">by</w> <w n="54">violence
</w>                        <w n="78">from</w> <w n="79">Hellas</w> <w n="80">,</w> <w n="81">being</w> <w n="82">fully</w> <w n="83">assured</w> <w n="84">that</w> <w n="85">he</w> <w n="86">would</w> <w n="87">not</w> <w n="88">be</w> <w n="89">compelled</w> <w n="90">to</w> <w n="91">give</w> <w n="92">any
</w>                        <w n="116">satisfaction</w> <w n="117">for</w> <w n="118">this</w> <w n="119">wrong</w> <w n="120">,</w> <w n="121">inasmuch</w> <w n="122">as</w> <w n="123">the</w> <w n="124">Hellenes</w> <w n="125">gave</w> <w n="126">none</w> <w n="127">for</w> <w n="128">theirs</w> <w n="129">.
</w>                        <w n="153">So</w> <w n="154">he</w> <w n="155">carried</w> <w n="156">off</w> <w n="157">Helen</w> <w n="158">,</w> <w n="159">and</w> <w n="160">the</w> <w n="161">Hellenes</w> <w n="162">resolved</w> <w n="163">to</w> <w n="164">send</w> <w n="165">messengers</w> <w n="166">first
</w>                        <w n="190">and</w> <w n="191">to</w> <w n="192">demand</w> <w n="193">her</w> <w n="194">back</w> <w n="195">with</w> <w n="196">satisfaction</w> <w n="197">for</w> <w n="198">the</w> <w n="199">rape</w> <w n="200">;</w> <w n="201">and</w> <w n="202">when</w> <w n="203">they</w> <w n="204">put
</w>                        <w n="228">forth</w> <w n="229">this</w> <w n="230">demand</w> <w n="231">,</w> <w n="232">the</w> <w n="233">others</w> <w n="234">alleged</w> <w n="235">to</w> <w n="236">them</w> <w n="237">the</w> <w n="238">rape</w> <w n="239">of</w> <w n="240">Medea</w> <w n="241">,</w> <w n="242">saying</w> <w n="243">that
</w>                        <w n="267">the</w> <w n="268">Hellenes</w> <w n="269">were</w> <w n="270">now</w> <w n="271">desiring</w> <w n="272">satisfaction</w> <w n="273">to</w> <w n="274">be</w> <w n="275">given</w> <w n="276">to</w> <w n="277">them</w> <w n="278">by</w> <w n="279">others</w> <w n="280">,
</w>                        <w n="304">though</w> <w n="305">they</w> <w n="306">had</w> <w n="307">given</w> <w n="308">none</w> <w n="309">themselves</w> <w n="310">nor</w> <w n="311">had</w> <w n="312">surrendered</w> <w n="313">the</w> <w n="314">person</w> <w n="315">when
</w>                        <w n="339">demand</w> <w n="340">was</w> <w n="341">made</w> <w n="342">.</w> </p> 
                 </div> 
                 <div type="chapter" n="4"   > 
                     <p><w n="1">Up</w> <w n="2">to</w> <w n="3">this</w> <w n="4">point</w> <w n="5">,</w> <w n="6">they</w> <w n="7">say</w> <w n="8">,</w> <w n="9">nothing</w> <w n="10">more</w> <w n="11">happened</w> <w n="12">than</w> <w n="13">the</w> <w n="14">carrying</w> <w n="15">away</w> <w n="16">of
</w>                        <w n="40">women</w> <w n="41">on</w> <w n="42">both</w> <w n="43">sides</w> <w n="44">;</w> <w n="45">but</w> <w n="46">after</w> <w n="47">this</w> <w n="48">the</w> <w n="49">Hellenes</w> <w n="50">were</w> <w n="51">very</w> <w n="52">greatly</w> <w n="53">to</w> <w n="54">blame</w> <w n="55">;
</w>                        <w n="79">for</w> <w n="80">they</w> <w n="81">set</w> <w n="82">the</w> <w n="83">first</w> <w n="84">example</w> <w n="85">of</w> <w n="86">war</w> <w n="87">,</w> <w n="88">making</w> <w n="89">an</w> <w n="90">expedition</w> <w n="91">into</w> <w n="92">Asia</w> <w n="93">before
</w>                        <w n="117">the</w> <w n="118">Barbarians</w> <w n="119">made</w> <w n="120">any</w> <w n="121">into</w> <w n="122">Europe</w> <w n="123">.</w> <w n="124">Now</w> <w n="125">they</w> <w n="126">say</w> <w n="127">that</w> <w n="128">in</w> <w n="129">their</w> <w n="130">judgment</w> <w n="131">,
</w>                        <w n="155">though</w> <w n="156">it</w> <w n="157">is</w> <w n="158">an</w> <w n="159">act</w> <w n="160">of</w> <w n="161">wrong</w> <w n="162">to</w> <w n="163">carry</w> <w n="164">away</w> <w n="165">women</w> <w n="166">by</w> <w n="167">force</w> <w n="168">,</w> <w n="169">it</w> <w n="170">is</w> <w n="171">a</w> <w n="172">folly</w> <w n="173">to
</w>                        <w n="197">set</w> <w n="198">one's</w> <w n="199">heart</w> <w n="200">on</w> <w n="201">taking</w> <w n="202">vengeance</w> <w n="203">for</w> <w n="204">their</w> <w n="205">rape</w> <w n="206">,</w> <w n="207">and</w> <w n="208">the</w> <w n="209">wise</w> <w n="210">course</w> <w n="211">is
</w>                        <w n="235">to</w> <w n="236">pay</w> <w n="237">no</w> <w n="238">regard</w> <w n="239">when</w> <w n="240">they</w> <w n="241">have</w> <w n="242">been</w> <w n="243">carried</w> <w n="244">away</w> <w n="245">;</w> <w n="246">for</w> <w n="247">it</w> <w n="248">is</w> <w n="249">evident</w> <w n="250">that
</w>                        <w n="274">they</w> <w n="275">would</w> <w n="276">never</w> <w n="277">be</w> <w n="278">carried</w> <w n="279">away</w> <w n="280">if</w> <w n="281">they</w> <w n="282">were</w> <w n="283">not</w> <w n="284">themselves</w> <w n="285">willing</w> <w n="286">to</w> <w n="287">go</w> <w n="288">.
</w>                        <w n="312">And</w> <w n="313">the</w> <w n="314">Persians</w> <w n="315">say</w> <w n="316">that</w> <w n="317">they</w> <w n="318">,</w> <w n="319">namely</w> <w n="320">the</w> <w n="321">people</w> <w n="322">of</w> <w n="323">Asia</w> <w n="324">,</w> <w n="325">when</w> <w n="326">their</w> <w n="327">women
</w>                        <w n="351">were</w> <w n="352">carried</w> <w n="353">away</w> <w n="354">by</w> <w n="355">force</w> <w n="356">,</w> <w n="357">had</w> <w n="358">made</w> <w n="359">it</w> <w n="360">a</w> <w n="361">matter</w> <w n="362">of</w> <w n="363">no</w> <w n="364">account</w> <w n="365">,</w> <w n="366">but</w> <w n="367">the
</w>                        <w n="391">Hellenes</w> <w n="392">on</w> <w n="393">account</w> <w n="394">of</w> <w n="395">a</w> <w n="396">woman</w> <w n="397">of</w> <w n="398">Lacedemon</w> <w n="399">gathered</w> <w n="400">together</w> <w n="401">a</w> <w n="402">great
</w>                        <w n="426">armament</w> <w n="427">,</w> <w n="428">and</w> <w n="429">then</w> <w n="430">came</w> <w n="431">to</w> <w n="432">Asia</w> <w n="433">and</w> <w n="434">destroyed</w> <w n="435">the</w> <w n="436">dominion</w> <w n="437">of</w> <w n="438">Priam</w> <w n="439">;</w> <w n="440">and
</w>                        <w n="464">that</w> <w n="465">from</w> <w n="466">this</w> <w n="467">time</w> <w n="468">forward</w> <w n="469">they</w> <w n="470">had</w> <w n="471">always</w> <w n="472">considered</w> <w n="473">the</w> <w n="474">Hellenic</w> <w n="475">race</w> <w n="476">to
</w>                        <w n="500">be</w> <w n="501">their</w> <w n="502">enemy</w> <w n="503">:</w> <w n="504">for</w> <w n="505">Asia</w> <w n="506">and</w> <w n="507">the</w> <w n="508">Barbarian</w> <w n="509">races</w> <w n="510">which</w> <w n="511">dwell</w> <w n="512">there</w> <w n="513">the
</w>                        <w n="537">Persians</w> <w n="538">claim</w> <w n="539">as</w> <w n="540">belonging</w> <w n="541">to</w> <w n="542">them</w> <w n="543">;</w> <w n="544">but</w> <w n="545">Europe</w> <w n="546">and</w> <w n="547">the</w> <w n="548">Hellenic</w> <w n="549">race</w> <w n="550">they
</w>                        <w n="574">consider</w> <w n="575">to</w> <w n="576">be</w> <w n="577">parted</w> <w n="578">off</w> <w n="579">from</w> <w n="580">them</w> <w n="581">.</w> </p> 
                 </div> 
                 <div type="chapter" n="5"   > 
                     <p><w n="1">The</w> <w n="2">Persians</w> <w n="3">for</w> <w n="4">their</w> <w n="5">part</w> <w n="6">say</w> <w n="7">that</w> <w n="8">things</w> <w n="9">happened</w> <w n="10">thus</w> <w n="11">;</w> <w n="12">and</w> <w n="13">they</w> <w n="14">conclude
</w>                        <w n="38">that</w> <w n="39">the</w> <w n="40">beginning</w> <w n="41">of</w> <w n="42">their</w> <w n="43">quarrel</w> <w n="44">with</w> <w n="45">the</w> <w n="46">Hellenes</w> <w n="47">was</w> <w n="48">on</w> <w n="49">account</w> <w n="50">of</w> <w n="51">the
</w>                        <w n="75">taking</w> <w n="76">of</w> <w n="77">Ilion</w> <w n="78">:</w> <w n="79">but</w> <w n="80">as</w> <w n="81">regards</w> <w n="82">Io</w> <w n="83">the</w> <w n="84">Phenicians</w> <w n="85">do</w> <w n="86">not</w> <w n="87">agree</w> <w n="88">with</w> <w n="89">the
</w>                        <w n="113">Persians</w> <w n="114">in</w> <w n="115">telling</w> <w n="116">the</w> <w n="117">tale</w> <w n="118">thus</w> <w n="119">;</w> <w n="120">for</w> <w n="121">they</w> <w n="122">deny</w> <w n="123">that</w> <w n="124">they</w> <w n="125">carried</w> <w n="126">her</w> <w n="127">off
</w>                        <w n="151">to</w> <w n="152">Egypt</w> <w n="153">by</w> <w n="154">violent</w> <w n="155">means</w> <w n="156">,</w> <w n="157">and</w> <w n="158">they</w> <w n="159">say</w> <w n="160">on</w> <w n="161">the</w> <w n="162">other</w> <w n="163">hand</w> <w n="164">that</w> <w n="165">when</w> <w n="166">they
</w>                        <w n="190">were</w> <w n="191">in</w> <w n="192">Argos</w> <w n="193">she</w> <w n="194">was</w> <w n="195">intimate</w> <w n="196">with</w> <w n="197">the</w> <w n="198">master</w> <w n="199">of</w> <w n="200">their</w> <w n="201">ship</w> <w n="202">,</w> <w n="203">and</w> <w n="204">perceiving
</w>                        <w n="228">that</w> <w n="229">she</w> <w n="230">was</w> <w n="231">with</w> <w n="232">child</w> <w n="233">,</w> <w n="234">she</w> <w n="235">was</w> <w n="236">ashamed</w> <w n="237">to</w> <w n="238">confess</w> <w n="239">it</w> <w n="240">to</w> <w n="241">her</w> <w n="242">parents</w> <w n="243">,</w> <w n="244">and
</w>                        <w n="268">therefore</w> <w n="269">sailed</w> <w n="270">away</w> <w n="271">with</w> <w n="272">the</w> <w n="273">Phenicians</w> <w n="274">of</w> <w n="275">her</w> <w n="276">own</w> <w n="277">will</w> <w n="278">,</w> <w n="279">for</w> <w n="280">fear</w> <w n="281">of</w> <w n="282">being
</w>                        <w n="306">found</w> <w n="307">out</w> <w n="308">.</w> <w n="309">These</w> <w n="310">are</w> <w n="311">the</w> <w n="312">tales</w> <w n="313">told</w> <w n="314">by</w> <w n="315">the</w> <w n="316">Persians</w> <w n="317">and</w> <w n="318">the</w> <w n="319">Phenicians
</w>                        <w n="343">severally</w> <w n="344">:</w> <w n="345">and</w> <w n="346">concerning</w> <w n="347">these</w> <w n="348">things</w> <w n="349">I</w> <w n="350">am</w> <w n="351">not</w> <w n="352">going</w> <w n="353">to</w> <w n="354">say</w> <w n="355">that</w> <w n="356">they
</w>                        <w n="380">happened</w> <w n="381">thus</w> <w n="382">or</w> <w n="383">thus</w> <w n="384">,</w> <w n="385">but</w> <w n="386">when</w> <w n="387">I</w> <w n="388">have</w> <w n="389">pointed</w> <w n="390">to</w> <w n="391">the</w> <w n="392">man</w> <w n="393">who</w> <w n="394">first</w> <w n="395">within
</w>                        <w n="419">my</w> <w n="420">own</w> <w n="421">knowledge</w> <w n="422">began</w> <w n="423">to</w> <w n="424">commit</w> <w n="425">wrong</w> <w n="426">against</w> <w n="427">the</w> <w n="428">Hellenes</w> <w n="429">,</w> <w n="430">I</w> <w n="431">shall</w> <w n="432">go
</w>                        <w n="456">forward</w> <w n="457">further</w> <w n="458">with</w> <w n="459">the</w> <w n="460">story</w> <w n="461">,</w> <w n="462">giving</w> <w n="463">an</w> <w n="464">account</w> <w n="465">of</w> <w n="466">the</w> <w n="467">cities</w> <w n="468">of</w> <w n="469">men</w> <w n="470">,
</w>                        <w n="494">small</w> <w n="495">as</w> <w n="496">well</w> <w n="497">as</w> <w n="498">great</w> <w n="499">:</w> <w n="500">for</w> <w n="501">those</w> <w n="502">which</w> <w n="503">in</w> <w n="504">old</w> <w n="505">times</w> <w n="506">were</w> <w n="507">great</w> <w n="508">have</w> <w n="509">for</w> <w n="510">the
</w>                        <w n="534">most</w> <w n="535">part</w> <w n="536">become</w> <w n="537">small</w> <w n="538">,</w> <w n="539">while</w> <w n="540">those</w> <w n="541">that</w> <w n="542">were</w> <w n="543">in</w> <w n="544">my</w> <w n="545">own</w> <w n="546">time</w> <w n="547">great</w> <w n="548">used</w> <w n="549">in
</w>                        <w n="573">former</w> <w n="574">times</w> <w n="575">to</w> <w n="576">be</w> <w n="577">small</w> <w n="578">:</w> <w n="579">so</w> <w n="580">then</w> <w n="581">,</w> <w n="582">since</w> <w n="583">I</w> <w n="584">know</w> <w n="585">that</w> <w n="586">human</w> <w n="587">prosperity</w> <w n="588">never
</w>                        <w n="612">continues</w> <w n="613">steadfast</w> <w n="614">,</w> <w n="615">I</w> <w n="616">shall</w> <w n="617">make</w> <w n="618">mention</w> <w n="619">of</w> <w n="620">both</w> <w n="621">indifferently</w> <w n="622">.</w> </p> 
                 </div> 
                 <div type="chapter" n="6"   > 
                     <p><w n="1">Croesus</w> <w n="2">was</w> <w n="3">Lydian</w> <w n="4">by</w> <w n="5">race</w> <w n="6">,</w> <w n="7">the</w> <w n="8">son</w> <w n="9">of</w> <w n="10">Alyattes</w> <w n="11">and</w> <w n="12">ruler</w> <w n="13">of</w> <w n="14">the</w> <w n="15">nations
</w>                        <w n="39">which</w> <w n="40">dwell</w> <w n="41">on</w> <w n="42">this</w> <w n="43">side</w> <w n="44">of</w> <w n="45">the</w> <w n="46">river</w> <w n="47">Halys</w> <w n="48">;</w> <w n="49">which</w> <w n="50">river</w> <w n="51">,</w> <w n="52">flowing</w> <w n="53">from</w> <w n="54">the
</w>                        <w n="78">South</w> <w n="79">between</w> <w n="80">the</w> <w n="81">Syrians</w> <w n="82">and</w> <w n="83">the</w> <w n="84">Paphlagonians</w> <w n="85">,</w> <w n="86">runs</w> <w n="87">out</w> <w n="88">towards</w> <w n="89">the</w> <w n="90">North
</w>                        <w n="114">Wind</w> <w n="115">into</w> <w n="116">that</w> <w n="117">Sea</w> <w n="118">which</w> <w n="119">is</w> <w n="120">called</w> <w n="121">the</w> <w n="122">Euxine</w> <w n="123">.</w> <w n="124">This</w> <w n="125">Croesus</w> <w n="126">,</w> <w n="127">first</w> <w n="128">of</w> <w n="129">all
</w>                        <w n="153">the</w> <w n="154">Barbarians</w> <w n="155">of</w> <w n="156">whom</w> <w n="157">we</w> <w n="158">have</w> <w n="159">knowledge</w> <w n="160">,</w> <w n="161">subdued</w> <w n="162">certain</w> <w n="163">of</w> <w n="164">the</w> <w n="165">Hellenes
</w>                        <w n="189">and</w> <w n="190">forced</w> <w n="191">them</w> <w n="192">to</w> <w n="193">pay</w> <w n="194">tribute</w> <w n="195">,</w> <w n="196">while</w> <w n="197">others</w> <w n="198">he</w> <w n="199">gained</w> <w n="200">over</w> <w n="201">and</w> <w n="202">made</w> <w n="203">them
</w>                        <w n="227">his</w> <w n="228">friends</w> <w n="229">.</w> <w n="230">Those</w> <w n="231">whom</w> <w n="232">he</w> <w n="233">subdued</w> <w n="234">were</w> <w n="235">the</w> <w n="236">Ionians</w> <w n="237">,</w> <w n="238">the</w> <w n="239">Aiolians</w> <w n="240">,</w> <w n="241">and</w> <w n="242">the
</w>                        <w n="266">Dorians</w> <w n="267">who</w> <w n="268">dwell</w> <w n="269">in</w> <w n="270">Asia</w> <w n="271">;</w> <w n="272">and</w> <w n="273">those</w> <w n="274">whom</w> <w n="275">he</w> <w n="276">made</w> <w n="277">his</w> <w n="278">friends</w> <w n="279">were</w> <w n="280">the
</w>                        <w n="304">Lacedemonians</w> <w n="305">.</w> <w n="306">But</w> <w n="307">before</w> <w n="308">the</w> <w n="309">reign</w> <w n="310">of</w> <w n="311">Croesus</w> <w n="312">all</w> <w n="313">the</w> <w n="314">Hellenes</w> <w n="315">were</w> <w n="316">free</w> <w n="317">;
</w>                        <w n="341">for</w> <w n="342">the</w> <w n="343">expedition</w> <w n="344">of</w> <w n="345">the</w> <w n="346">Kimmerians</w> <w n="347">,</w> <w n="348">which</w> <w n="349">came</w> <w n="350">upon</w> <w n="351">Ionia</w> <w n="352">before</w> <w n="353">the</w> <w n="354">time
</w>                        <w n="378">of</w> <w n="379">Croesus</w> <w n="380">,</w> <w n="381">was</w> <w n="382">not</w> <w n="383">a</w> <w n="384">conquest</w> <w n="385">of</w> <w n="386">the</w> <w n="387">cities</w> <w n="388">but</w> <w n="389">a</w> <w n="390">plundering</w> <w n="391">incursion
</w>                        <w n="415">only</w> <w n="416">.</w> </p> 
                 </div> 
                 <div type="chapter" n="7"   > 
                     <p><w n="1">Now</w> <w n="2">the</w> <w n="3">supremacy</w> <w n="4">which</w> <w n="5">had</w> <w n="6">belonged</w> <w n="7">to</w> <w n="8">the</w> <w n="9">Heracleidai</w> <w n="10">came</w> <w n="11">to</w> <w n="12">the</w> <w n="13">family</w> <w n="14">of
</w>                        <w n="38">Croesus</w> <w n="39">,</w> <w n="40">called</w> <w n="41">Mermnadai</w> <w n="42">,</w> <w n="43">in</w> <w n="44">the</w> <w n="45">following</w> <w n="46">manner</w> <w n="47">:</w> <w n="48">â€”</w> <w n="49">Candaules</w> <w n="50">,</w> <w n="51">whom</w> <w n="52">the
</w>                        <w n="76">Hellenes</w> <w n="77">call</w> <w n="78">Myrsilos</w> <w n="79">,</w> <w n="80">was</w> <w n="81">ruler</w> <w n="82">of</w> <w n="83">Sardis</w> <w n="84">and</w> <w n="85">a</w> <w n="86">descendant</w> <w n="87">of</w> <w n="88">Alcaios</w> <w n="89">,</w> <w n="90">son
</w>                        <w n="114">of</w> <w n="115">Heracles</w> <w n="116">:</w> <w n="117">for</w> <w n="118">Agron</w> <w n="119">,</w> <w n="120">the</w> <w n="121">son</w> <w n="122">of</w> <w n="123">Ninos</w> <w n="124">,</w> <w n="125">the</w> <w n="126">son</w> <w n="127">of</w> <w n="128">Belos</w> <w n="129">,</w> <w n="130">the</w> <w n="131">son</w> <w n="132">of
</w>                        <w n="156">Alcaios</w> <w n="157">,</w> <w n="158">was</w> <w n="159">the</w> <w n="160">first</w> <w n="161">of</w> <w n="162">the</w> <w n="163">Heracleidai</w> <w n="164">who</w> <w n="165">became</w> <w n="166">king</w> <w n="167">of</w> <w n="168">Sardis</w> <w n="169">,</w> <w n="170">and
</w>                        <w n="194">Candaules</w> <w n="195">the</w> <w n="196">son</w> <w n="197">of</w> <w n="198">Myrsos</w> <w n="199">was</w> <w n="200">the</w> <w n="201">last</w> <w n="202">;</w> <w n="203">but</w> <w n="204">those</w> <w n="205">who</w> <w n="206">were</w> <w n="207">kings</w> <w n="208">over</w> <w n="209">this
</w>                        <w n="233">land</w> <w n="234">before</w> <w n="235">Agrond</w> <w n="236">,</w> <w n="237">were</w> <w n="238">descendants</w> <w n="239">of</w> <w n="240">Lydos</w> <w n="241">the</w> <w n="242">son</w> <w n="243">of</w> <w n="244">Atys</w> <w n="245">,</w> <w n="246">whence</w> <w n="247">this
</w>                        <w n="271">whole</w> <w n="272">nation</w> <w n="273">was</w> <w n="274">called</w> <w n="275">Lydian</w> <w n="276">,</w> <w n="277">having</w> <w n="278">been</w> <w n="279">before</w> <w n="280">called</w> <w n="281">Meonian</w> <w n="282">.</w> <w n="283">From
</w>                        <w n="307">these</w> <w n="308">the</w> <w n="309">Heracleidai</w> <w n="310">,</w> <w n="311">descended</w> <w n="312">from</w> <w n="313">Heracles</w> <w n="314">and</w> <w n="315">the</w> <w n="316">slave-girl</w> <w n="317">of
</w>                        <w n="341">Iardanos</w> <w n="342">,</w> <w n="343">obtained</w> <w n="344">the</w> <w n="345">government</w> <w n="346">,</w> <w n="347">being</w> <w n="348">charged</w> <w n="349">with</w> <w n="350">it</w> <w n="351">by</w> <w n="352">reason</w> <w n="353">of</w> <w n="354">an
</w>                        <w n="378">oracle</w> <w n="379">;</w> <w n="380">and</w> <w n="381">they</w> <w n="382">reigned</w> <w n="383">for</w> <w n="384">two-and-twenty</w> <w n="385">generations</w> <w n="386">of</w> <w n="387">men</w> <w n="388">,</w> <w n="389">five</w> <w n="390">hundred
</w>                        <w n="414">and</w> <w n="415">five</w> <w n="416">years</w> <w n="417">,</w> <w n="418">handing</w> <w n="419">on</w> <w n="420">the</w> <w n="421">power</w> <w n="422">from</w> <w n="423">father</w> <w n="424">to</w> <w n="425">son</w> <w n="426">,</w> <w n="427">till</w> <w n="428">the</w> <w n="429">time</w> <w n="430">of
</w>                        <w n="454">Clandaules</w> <w n="455">the</w> <w n="456">son</w> <w n="457">of</w> <w n="458">Myrsos</w> <w n="459">.</w> </p> 
                 </div> 
                 <div type="chapter" n="8"   > 
                     <p><w n="1">This</w> <w n="2">Candaules</w> <w n="3">then</w> <w n="4">of</w> <w n="5">whom</w> <w n="6">I</w> <w n="7">speak</w> <w n="8">had</w> <w n="9">become</w> <w n="10">passionately</w> <w n="11">in</w> <w n="12">love</w> <w n="13">with</w> <w n="14">his
</w>                        <w n="38">own</w> <w n="39">wife</w> <w n="40">;</w> <w n="41">and</w> <w n="42">having</w> <w n="43">become</w> <w n="44">so</w> <w n="45">,</w> <w n="46">he</w> <w n="47">deemed</w> <w n="48">that</w> <w n="49">his</w> <w n="50">wife</w> <w n="51">was</w> <w n="52">fairer</w> <w n="53">by</w> <w n="54">far
</w>                        <w n="78">than</w> <w n="79">all</w> <w n="80">other</w> <w n="81">women</w> <w n="82">;</w> <w n="83">and</w> <w n="84">thus</w> <w n="85">deeming</w> <w n="86">,</w> <w n="87">to</w> <w n="88">Gyges</w> <w n="89">the</w> <w n="90">son</w> <w n="91">of</w> <w n="92">Daskylos</w>  <w n="94">(for</w> <w n="95">he
</w>                        <w n="119">of</w> <w n="120">all</w> <w n="121">his</w> <w n="122">spearmen</w> <w n="123">was</w> <w n="124">the</w> <w n="125">most</w> <w n="126">pleasing</w> <w n="127">to</w> <w n="128">him</w> <w n="129">)</w> <w n="130">,</w> <w n="131">to</w> <w n="132">this</w> <w n="133">Gyges</w> <w n="134">,</w> <w n="135">I</w> <w n="136">say</w> <w n="137">,</w> <w n="138">he
</w>                        <w n="162">used</w> <w n="163">to</w> <w n="164">impart</w> <w n="165">as</w> <w n="166">well</w> <w n="167">the</w> <w n="168">more</w> <w n="169">weighty</w> <w n="170">of</w> <w n="171">his</w> <w n="172">affairs</w> <w n="173">as</w> <w n="174">also</w> <w n="175">the</w> <w n="176">beauty</w> <w n="177">of
</w>                        <w n="201">his</w> <w n="202">wife</w> <w n="203">,</w> <w n="204">praising</w> <w n="205">it</w> <w n="206">above</w> <w n="207">measure</w> <w n="208">:</w> <w n="209">and</w> <w n="210">after</w> <w n="211">no</w> <w n="212">long</w> <w n="213">time</w> <w n="214">,</w> <w n="215">since</w> <w n="216">it</w> <w n="217">was
</w>                        <w n="241">destined</w> <w n="242">that</w> <w n="243">evil</w> <w n="244">should</w> <w n="245">happen</w> <w n="246">to</w> <w n="247">Candaules</w> <w n="248">,</w> <w n="249">he</w> <w n="250">said</w> <w n="251">to</w> <w n="252">Gyges</w> <w n="253">as</w> <w n="254">follows</w> <w n="255">:
</w>                        <w n="279">"Gyges</w> <w n="280">,</w> <w n="281">I</w> <w n="282">think</w> <w n="283">that</w> <w n="284">thou</w> <w n="285">dost</w> <w n="286">not</w> <w n="287">believe</w> <w n="288">me</w> <w n="289">when</w> <w n="290">I</w> <w n="291">tell</w> <w n="292">thee</w> <w n="293">of</w> <w n="294">the</w> <w n="295">beauty
</w>                        <w n="319">of</w> <w n="320">my</w> <w n="321">wife</w> <w n="322">,</w> <w n="323">for</w> <w n="324">it</w> <w n="325">happens</w> <w n="326">that</w> <w n="327">men's</w> <w n="328">ears</w> <w n="329">are</w> <w n="330">less</w> <w n="331">apt</w> <w n="332">of</w> <w n="333">belief</w> <w n="334">than</w> <w n="335">their
</w>                        <w n="359">eyes</w> <w n="360">:</w> <w n="361">contrive</w> <w n="362">therefore</w> <w n="363">means</w> <w n="364">by</w> <w n="365">which</w> <w n="366">thou</w> <w n="367">mayest</w> <w n="368">look</w> <w n="369">upon</w> <w n="370">her</w> <w n="371">naked</w> <w n="372">."
</w>                        <w n="396">But</w> <w n="397">he</w> <w n="398">cried</w> <w n="399">aloud</w> <w n="400">and</w> <w n="401">said</w> <w n="402">:</w> <w n="403">"Master</w> <w n="404">,</w> <w n="405">what</w> <w n="406">word</w> <w n="407">of</w> <w n="408">unwisdom</w> <w n="409">is</w> <w n="410">this</w> <w n="411">which
</w>                        <w n="435">thou</w> <w n="436">dost</w> <w n="437">utter</w> <w n="438">,</w> <w n="439">bidding</w> <w n="440">me</w> <w n="441">look</w> <w n="442">upon</w> <w n="443">my</w> <w n="444">mistress</w> <w n="445">naked</w> <w n="446">?</w> <w n="447">When</w> <w n="448">a</w> <w n="449">woman</w> <w n="450">puts
</w>                        <w n="474">off</w> <w n="475">her</w> <w n="476">tunic</w> <w n="477">she</w> <w n="478">puts</w> <w n="479">off</w> <w n="480">her</w> <w n="481">modesty</w> <w n="482">also</w> <w n="483">.</w> <w n="484">Moreover</w> <w n="485">of</w> <w n="486">old</w> <w n="487">time</w> <w n="488">those</w> <w n="489">fair
</w>                        <w n="513">sayings</w> <w n="514">have</w> <w n="515">been</w> <w n="516">found</w> <w n="517">out</w> <w n="518">by</w> <w n="519">men</w> <w n="520">,</w> <w n="521">from</w> <w n="522">which</w> <w n="523">we</w> <w n="524">ought</w> <w n="525">to</w> <w n="526">learn</w> <w n="527">wisdom</w> <w n="528">;</w> <w n="529">and
</w>                        <w n="553">of</w> <w n="554">these</w> <w n="555">one</w> <w n="556">is</w> <w n="557">this</w> <w n="558">,</w> <w n="559">â€”</w> <w n="560">that</w> <w n="561">each</w> <w n="562">man</w> <w n="563">should</w> <w n="564">look</w> <w n="565">on</w> <w n="566">his</w> <w n="567">own</w> <w n="568">:</w> <w n="569">but</w> <w n="570">I</w> <w n="571">believe
</w>                        <w n="595">indeed</w> <w n="596">that</w> <w n="597">she</w> <w n="598">is</w> <w n="599">of</w> <w n="600">all</w> <w n="601">women</w> <w n="602">the</w> <w n="603">fairest</w> <w n="604">and</w> <w n="605">I</w> <w n="606">entreat</w> <w n="607">thee</w> <w n="608">not</w> <w n="609">to</w> <w n="610">ask</w> <w n="611">of
</w>                        <w n="635">me</w> <w n="636">that</w> <w n="637">which</w> <w n="638">it</w> <w n="639">is</w> <w n="640">not</w> <w n="641">lawful</w> <w n="642">for</w> <w n="643">me</w> <w n="644">to</w> <w n="645">do</w> <w n="646">."</w> </p> 
                 </div> 
                 <div type="chapter" n="9"   > 
                     <p><w n="1">With</w> <w n="2">such</w> <w n="3">words</w> <w n="4">as</w> <w n="5">these</w> <w n="6">he</w> <w n="7">resisted</w> <w n="8">,</w> <w n="9">fearing</w> <w n="10">lest</w> <w n="11">some</w> <w n="12">evil</w> <w n="13">might</w> <w n="14">come</w> <w n="15">to
</w>                        <w n="39">him</w> <w n="40">from</w> <w n="41">this</w> <w n="42">;</w> <w n="43">but</w> <w n="44">the</w> <w n="45">king</w> <w n="46">answered</w> <w n="47">him</w> <w n="48">thus</w> <w n="49">:</w> <w n="50">"Be</w> <w n="51">of</w> <w n="52">good</w> <w n="53">courage</w> <w n="54">,</w> <w n="55">Gyges</w> <w n="56">,
</w>                        <w n="80">and</w> <w n="81">have</w> <w n="82">no</w> <w n="83">fear</w> <w n="84">,</w> <w n="85">either</w> <w n="86">of</w> <w n="87">me</w> <w n="88">,</w> <w n="89">that</w> <w n="90">I</w> <w n="91">am</w> <w n="92">saying</w> <w n="93">these</w> <w n="94">words</w> <w n="95">to</w> <w n="96">try</w> <w n="97">thee</w> <w n="98">,</w> <w n="99">or
</w>                        <w n="123">of</w> <w n="124">my</w> <w n="125">wife</w> <w n="126">,</w> <w n="127">lest</w> <w n="128">any</w> <w n="129">harm</w> <w n="130">may</w> <w n="131">happen</w> <w n="132">to</w> <w n="133">thee</w> <w n="134">from</w> <w n="135">her</w> <w n="136">.</w> <w n="137">For</w> <w n="138">I</w> <w n="139">will</w> <w n="140">contrive
</w>                        <w n="164">it</w> <w n="165">so</w> <w n="166">from</w> <w n="167">the</w> <w n="168">first</w> <w n="169">that</w> <w n="170">she</w> <w n="171">shall</w> <w n="172">not</w> <w n="173">even</w> <w n="174">perceive</w> <w n="175">that</w> <w n="176">she</w> <w n="177">has</w> <w n="178">been</w> <w n="179">seen
</w>                        <w n="203">by</w> <w n="204">thee</w> <w n="205">.</w> <w n="206">I</w> <w n="207">will</w> <w n="208">place</w> <w n="209">thee</w> <w n="210">in</w> <w n="211">the</w> <w n="212">room</w> <w n="213">where</w> <w n="214">we</w> <w n="215">sleep</w> <w n="216">,</w> <w n="217">behind</w> <w n="218">the</w> <w n="219">open</w> <w n="220">door</w> <w n="221">;
</w>                        <w n="245">and</w> <w n="246">after</w> <w n="247">I</w> <w n="248">have</w> <w n="249">gone</w> <w n="250">in</w> <w n="251">,</w> <w n="252">my</w> <w n="253">wife</w> <w n="254">also</w> <w n="255">will</w> <w n="256">come</w> <w n="257">to</w> <w n="258">lie</w> <w n="259">down</w> <w n="260">.</w> <w n="261">Now</w> <w n="262">there</w> <w n="263">is</w> <w n="264">a
</w>                        <w n="288">seat</w> <w n="289">near</w> <w n="290">the</w> <w n="291">entrance</w> <w n="292">of</w> <w n="293">the</w> <w n="294">room</w> <w n="295">,</w> <w n="296">and</w> <w n="297">upon</w> <w n="298">this</w> <w n="299">she</w> <w n="300">will</w> <w n="301">lay</w> <w n="302">her</w> <w n="303">garments
</w>                        <w n="327">as</w> <w n="328">she</w> <w n="329">takes</w> <w n="330">them</w> <w n="331">off</w> <w n="332">one</w> <w n="333">by</w> <w n="334">one</w> <w n="335">;</w> <w n="336">and</w> <w n="337">so</w> <w n="338">thou</w> <w n="339">wilt</w> <w n="340">be</w> <w n="341">able</w> <w n="342">to</w> <w n="343">gaze</w> <w n="344">upon</w> <w n="345">her
</w>                        <w n="369">at</w> <w n="370">full</w> <w n="371">leisure</w> <w n="372">.</w> <w n="373">And</w> <w n="374">when</w> <w n="375">she</w> <w n="376">goes</w> <w n="377">from</w> <w n="378">the</w> <w n="379">chair</w> <w n="380">to</w> <w n="381">the</w> <w n="382">bed</w> <w n="383">and</w> <w n="384">thou</w> <w n="385">shalt
</w>                        <w n="409">be</w> <w n="410">behind</w> <w n="411">her</w> <w n="412">back</w> <w n="413">,</w> <w n="414">then</w> <w n="415">let</w> <w n="416">it</w> <w n="417">be</w> <w n="418">thy</w> <w n="419">part</w> <w n="420">to</w> <w n="421">take</w> <w n="422">care</w> <w n="423">that</w> <w n="424">she</w> <w n="425">sees</w> <w n="426">thee
</w>                        <w n="450">not</w> <w n="451">as</w> <w n="452">thou</w> <w n="453">goest</w> <w n="454">through</w> <w n="455">the</w> <w n="456">door</w> <w n="457">."</w> </p> 
                 </div> 
                 <div type="chapter" n="10"   > 
                     <p><w n="1">He</w> <w n="2">then</w> <w n="3">,</w> <w n="4">since</w> <w n="5">he</w> <w n="6">might</w> <w n="7">not</w> <w n="8">avoid</w> <w n="9">it</w> <w n="10">,</w> <w n="11">gave</w> <w n="12">consent</w> <w n="13">:</w> <w n="14">and</w> <w n="15">Candaules</w> <w n="16">,</w> <w n="17">when</w> <w n="18">he
</w>                        <w n="42">considered</w> <w n="43">that</w> <w n="44">it</w> <w n="45">was</w> <w n="46">time</w> <w n="47">to</w> <w n="48">rest</w> <w n="49">,</w> <w n="50">led</w> <w n="51">Gyges</w> <w n="52">to</w> <w n="53">the</w> <w n="54">chamber</w> <w n="55">;</w> <w n="56">and
</w>                        <w n="80">straightway</w> <w n="81">after</w> <w n="82">this</w> <w n="83">the</w> <w n="84">woman</w> <w n="85">also</w> <w n="86">appeared</w> <w n="87">:</w> <w n="88">and</w> <w n="89">Gyges</w> <w n="90">looked</w> <w n="91">upon</w> <w n="92">her
</w>                        <w n="116">after</w> <w n="117">she</w> <w n="118">came</w> <w n="119">in</w> <w n="120">and</w> <w n="121">as</w> <w n="122">she</w> <w n="123">laid</w> <w n="124">down</w> <w n="125">her</w> <w n="126">garments</w> <w n="127">;</w> <w n="128">and</w> <w n="129">when</w> <w n="130">she</w> <w n="131">had</w> <w n="132">her
</w>                        <w n="156">back</w> <w n="157">turned</w> <w n="158">towards</w> <w n="159">him</w> <w n="160">,</w> <w n="161">as</w> <w n="162">she</w> <w n="163">went</w> <w n="164">to</w> <w n="165">the</w> <w n="166">bed</w> <w n="167">,</w> <w n="168">then</w> <w n="169">he</w> <w n="170">slipped</w> <w n="171">away</w> <w n="172">from
</w>                        <w n="196">his</w> <w n="197">hiding-place</w> <w n="198">and</w> <w n="199">was</w> <w n="200">going</w> <w n="201">forth</w> <w n="202">.</w> <w n="203">And</w> <w n="204">as</w> <w n="205">he</w> <w n="206">went</w> <w n="207">out</w> <w n="208">,</w> <w n="209">the</w> <w n="210">woman</w> <w n="211">caught
</w>                        <w n="235">sight</w> <w n="236">of</w> <w n="237">him</w> <w n="238">,</w> <w n="239">and</w> <w n="240">perceiving</w> <w n="241">that</w> <w n="242">which</w> <w n="243">had</w> <w n="244">been</w> <w n="245">done</w> <w n="246">by</w> <w n="247">her</w> <w n="248">husband</w> <w n="249">she</w> <w n="250">did
</w>                        <w n="274">not</w> <w n="275">cry</w> <w n="276">out</w> <w n="277">,</w> <w n="278">though</w> <w n="279">struck</w> <w n="280">with</w> <w n="281">shame</w> <w n="282">,</w> <w n="283">but</w> <w n="284">she</w> <w n="285">made</w> <w n="286">as</w> <w n="287">though</w> <w n="288">she</w> <w n="289">had</w> <w n="290">not
</w>                        <w n="314">perceived</w> <w n="315">the</w> <w n="316">matter</w> <w n="317">,</w> <w n="318">meaning</w> <w n="319">to</w> <w n="320">avenge</w> <w n="321">herself</w> <w n="322">upon</w> <w n="323">Candaules</w> <w n="324">:</w> <w n="325">for</w> <w n="326">among
</w>                        <w n="350">the</w> <w n="351">Lydians</w> <w n="352">as</w> <w n="353">also</w> <w n="354">among</w> <w n="355">most</w> <w n="356">other</w> <w n="357">Barbarians</w> <w n="358">it</w> <w n="359">is</w> <w n="360">a</w> <w n="361">shame</w> <w n="362">even</w> <w n="363">for</w> <w n="364">a</w> <w n="365">man
</w>                        <w n="389">to</w> <w n="390">be</w> <w n="391">seen</w> <w n="392">naked</w> <w n="393">.</w> </p> 
                 </div> 
               
             </div> 
             <div type="book" n="2"   > 
                 <head> THE SECOND BOOK OF THE HISTORIES , CALLED EUTERPE </head> 
                 <div type="chapter" n="1"   > 
                     <p><w n="1">When</w> <w n="2">Cyrus</w> <w n="3">had</w> <w n="4">brought</w> <w n="5">his</w> <w n="6">life</w> <w n="7">to</w> <w n="8">an</w> <w n="9">end</w> <w n="10">,</w> <w n="11">Cambyses</w> <w n="12">received</w> <w n="13">the</w> <w n="14">royal</w> <w n="15">power
</w>                        <w n="39">in</w> <w n="40">succession</w> <w n="41">,</w> <w n="42">being</w> <w n="43">the</w> <w n="44">son</w> <w n="45">of</w> <w n="46">Cyrus</w> <w n="47">and</w> <w n="48">of</w> <w n="49">Cassandane</w> <w n="50">the</w> <w n="51">daughter</w> <w n="52">of
</w>                        <w n="76">Pharnaspes</w> <w n="77">,</w> <w n="78">for</w> <w n="79">whose</w> <w n="80">death</w> <w n="81">,</w> <w n="82">which</w> <w n="83">came</w> <w n="84">about</w> <w n="85">before</w> <w n="86">his</w> <w n="87">own</w> <w n="88">,</w> <w n="89">Cyrus</w> <w n="90">had</w> <w n="91">made
</w>                        <w n="115">great</w> <w n="116">mourning</w> <w n="117">himself</w> <w n="118">and</w> <w n="119">also</w> <w n="120">had</w> <w n="121">proclaimed</w> <w n="122">to</w> <w n="123">all</w> <w n="124">those</w> <w n="125">over</w> <w n="126">whom</w> <w n="127">he
</w>                        <w n="151">bore</w> <w n="152">rule</w> <w n="153">that</w> <w n="154">they</w> <w n="155">should</w> <w n="156">make</w> <w n="157">mourning</w> <w n="158">for</w> <w n="159">her</w> <w n="160">:</w> <w n="161">Cambyses</w> <w n="162">,</w> <w n="163">I</w> <w n="164">say</w> <w n="165">,</w> <w n="166">being</w> <w n="167">the
</w>                        <w n="191">son</w> <w n="192">of</w> <w n="193">this</w> <w n="194">woman</w> <w n="195">and</w> <w n="196">of</w> <w n="197">Cyrus</w> <w n="198">,</w> <w n="199">regarded</w> <w n="200">the</w> <w n="201">Ionians</w> <w n="202">and</w> <w n="203">Aiolians</w> <w n="204">as</w> <w n="205">slaves
</w>                        <w n="229">inherited</w> <w n="230">from</w> <w n="231">his</w> <w n="232">father</w> <w n="233">;</w> <w n="234">and</w> <w n="235">he</w> <w n="236">proceeded</w> <w n="237">to</w> <w n="238">march</w> <w n="239">an</w> <w n="240">army</w> <w n="241">against</w> <w n="242">Egypt</w> <w n="243">,
</w>                        <w n="267">taking</w> <w n="268">with</w> <w n="269">him</w> <w n="270">as</w> <w n="271">helpers</w> <w n="272">not</w> <w n="273">only</w> <w n="274">the</w> <w n="275">other</w> <w n="276">nations</w> <w n="277">of</w> <w n="278">which</w> <w n="279">he</w> <w n="280">was</w> <w n="281">the
</w>                        <w n="305">ruler</w> <w n="306">,</w> <w n="307">but</w> <w n="308">also</w> <w n="309">those</w> <w n="310">of</w> <w n="311">the</w> <w n="312">Hellenes</w> <w n="313">over</w> <w n="314">whom</w> <w n="315">he</w> <w n="316">had</w> <w n="317">power</w> <w n="318">besides</w> <w n="319">.</w> </p> 
                 </div> 
                 <div type="chapter" n="2"   > 
                     <p><w n="1">Now</w> <w n="2">the</w> <w n="3">Egyptians</w> <w n="4">,</w> <w n="5">before</w> <w n="6">the</w> <w n="7">time</w> <w n="8">when</w> <w n="9">Psammetichos</w> <w n="10">became</w> <w n="11">king</w> <w n="12">over</w> <w n="13">them</w> <w n="14">,
</w>                        <w n="38">were</w> <w n="39">wont</w> <w n="40">to</w> <w n="41">suppose</w> <w n="42">that</w> <w n="43">they</w> <w n="44">had</w> <w n="45">come</w> <w n="46">into</w> <w n="47">being</w> <w n="48">first</w> <w n="49">of</w> <w n="50">all</w> <w n="51">men</w> <w n="52">;</w> <w n="53">but
</w>                        <w n="77">since</w> <w n="78">the</w> <w n="79">time</w> <w n="80">when</w> <w n="81">Psammetichos</w> <w n="82">having</w> <w n="83">become</w> <w n="84">king</w> <w n="85">desired</w> <w n="86">to</w> <w n="87">know</w> <w n="88">what</w> <w n="89">men
</w>                        <w n="113">had</w> <w n="114">come</w> <w n="115">into</w> <w n="116">being</w> <w n="117">first</w> <w n="118">,</w> <w n="119">they</w> <w n="120">suppose</w> <w n="121">that</w> <w n="122">the</w> <w n="123">Phrygians</w> <w n="124">came</w> <w n="125">into</w> <w n="126">being
</w>                        <w n="150">before</w> <w n="151">themselves</w> <w n="152">,</w> <w n="153">but</w> <w n="154">they</w> <w n="155">themselves</w> <w n="156">before</w> <w n="157">all</w> <w n="158">other</w> <w n="159">men</w> <w n="160">.</w> <w n="161">Now
</w>                        <w n="185">Psammetichos</w> <w n="186">,</w> <w n="187">when</w> <w n="188">he</w> <w n="189">was</w> <w n="190">not</w> <w n="191">able</w> <w n="192">by</w> <w n="193">inquiry</w> <w n="194">to</w> <w n="195">find</w> <w n="196">out</w> <w n="197">any</w> <w n="198">means</w> <w n="199">of
</w>                        <w n="223">knowing</w> <w n="224">who</w> <w n="225">had</w> <w n="226">come</w> <w n="227">into</w> <w n="228">being</w> <w n="229">first</w> <w n="230">of</w> <w n="231">all</w> <w n="232">men</w> <w n="233">,</w> <w n="234">contrived</w> <w n="235">a</w> <w n="236">device</w> <w n="237">of</w> <w n="238">the
</w>                        <w n="262">following</w> <w n="263">kind</w> <w n="264">:</w> <w n="265">â€”</w> <w n="266">Taking</w> <w n="267">two</w> <w n="268">new-</w> <w n="269">born</w> <w n="270">children</w> <w n="271">belonging</w> <w n="272">to</w> <w n="273">persons</w> <w n="274">of</w> <w n="275">the
</w>                        <w n="299">common</w> <w n="300">sort</w> <w n="301">he</w> <w n="302">gave</w> <w n="303">them</w> <w n="304">to</w> <w n="305">a</w> <w n="306">shepherd</w> <w n="307">to</w> <w n="308">bring</w> <w n="309">up</w> <w n="310">at</w> <w n="311">the</w> <w n="312">place</w> <w n="313">where</w> <w n="314">his
</w>                        <w n="338">flocks</w> <w n="339">were</w> <w n="340">,</w> <w n="341">with</w> <w n="342">a</w> <w n="343">manner</w> <w n="344">of</w> <w n="345">bringing</w> <w n="346">up</w> <w n="347">such</w> <w n="348">as</w> <w n="349">I</w> <w n="350">shall</w> <w n="351">say</w> <w n="352">,</w> <w n="353">charging</w> <w n="354">him
</w>                        <w n="378">namely</w> <w n="379">that</w> <w n="380">no</w> <w n="381">man</w> <w n="382">should</w> <w n="383">utter</w> <w n="384">any</w> <w n="385">word</w> <w n="386">in</w> <w n="387">their</w> <w n="388">presence</w> <w n="389">,</w> <w n="390">and</w> <w n="391">that</w> <w n="392">they
</w>                        <w n="416">should</w> <w n="417">be</w> <w n="418">placed</w> <w n="419">by</w> <w n="420">themselves</w> <w n="421">in</w> <w n="422">a</w> <w n="423">room</w> <w n="424">where</w> <w n="425">none</w> <w n="426">might</w> <w n="427">come</w> <w n="428">,</w> <w n="429">and</w> <w n="430">at</w> <w n="431">the
</w>                        <w n="455">proper</w> <w n="456">time</w> <w n="457">he</w> <w n="458">should</w> <w n="459">bring</w> <w n="460">to</w> <w n="461">them</w> <w n="462">she-goats</w> <w n="463">,</w> <w n="464">and</w> <w n="465">when</w> <w n="466">he</w> <w n="467">had</w> <w n="468">satisfied
</w>                        <w n="492">them</w> <w n="493">with</w> <w n="494">milk</w> <w n="495">he</w> <w n="496">should</w> <w n="497">do</w> <w n="498">for</w> <w n="499">them</w> <w n="500">whatever</w> <w n="501">else</w> <w n="502">was</w> <w n="503">needed</w> <w n="504">.</w> <w n="505">These</w> <w n="506">things
</w>                        <w n="530">Psammetichos</w> <w n="531">did</w> <w n="532">and</w> <w n="533">gave</w> <w n="534">him</w> <w n="535">this</w> <w n="536">charge</w> <w n="537">wishing</w> <w n="538">to</w> <w n="539">hear</w> <w n="540">what</w> <w n="541">word</w> <w n="542">the
</w>                        <w n="566">children</w> <w n="567">would</w> <w n="568">let</w> <w n="569">break</w> <w n="570">forth</w> <w n="571">first</w> <w n="572">,</w> <w n="573">after</w> <w n="574">they</w> <w n="575">had</w> <w n="576">ceased</w> <w n="577">from</w> <w n="578">wailings
</w>                        <w n="602">without</w> <w n="603">sense</w> <w n="604">.</w> <w n="605">And</w> <w n="606">accordingly</w> <w n="607">so</w> <w n="608">it</w> <w n="609">came</w> <w n="610">to</w> <w n="611">pass</w> <w n="612">;</w> <w n="613">for</w> <w n="614">after</w> <w n="615">a</w> <w n="616">space</w> <w n="617">of</w> <w n="618">two
</w>                        <w n="642">years</w> <w n="643">had</w> <w n="644">gone</w> <w n="645">by</w> <w n="646">,</w> <w n="647">during</w> <w n="648">which</w> <w n="649">the</w> <w n="650">shepherd</w> <w n="651">went</w> <w n="652">on</w> <w n="653">acting</w> <w n="654">so</w> <w n="655">,</w> <w n="656">at</w> <w n="657">length</w> <w n="658">,
</w>                        <w n="682">when</w> <w n="683">he</w> <w n="684">opened</w> <w n="685">the</w> <w n="686">door</w> <w n="687">and</w> <w n="688">entered</w> <w n="689">,</w> <w n="690">both</w> <w n="691">the</w> <w n="692">children</w> <w n="693">fell</w> <w n="694">before</w> <w n="695">him</w> <w n="696">in
</w>                        <w n="720">entreaty</w> <w n="721">and</w> <w n="722">uttered</w> <w n="723">the</w> <w n="724">word</w>   <w n="727">bekos</w>   <w n="730">,</w> <w n="731">stretching</w> <w n="732">forth</w> <w n="733">their
</w>                        <w n="757">hands</w> <w n="758">.</w> <w n="759">At</w> <w n="760">first</w> <w n="761">when</w> <w n="762">he</w> <w n="763">heard</w> <w n="764">this</w> <w n="765">the</w> <w n="766">shepherd</w> <w n="767">kept</w> <w n="768">silence</w> <w n="769">;</w> <w n="770">but</w> <w n="771">since</w> <w n="772">this
</w>                        <w n="796">word</w> <w n="797">was</w> <w n="798">often</w> <w n="799">repeated</w> <w n="800">,</w> <w n="801">as</w> <w n="802">he</w> <w n="803">visited</w> <w n="804">them</w> <w n="805">constantly</w> <w n="806">and</w> <w n="807">attended</w> <w n="808">to</w> <w n="809">them</w> <w n="810">,
</w>                        <w n="834">at</w> <w n="835">last</w> <w n="836">he</w> <w n="837">declared</w> <w n="838">the</w> <w n="839">matter</w> <w n="840">to</w> <w n="841">his</w> <w n="842">master</w> <w n="843">,</w> <w n="844">and</w> <w n="845">at</w> <w n="846">his</w> <w n="847">command</w> <w n="848">he</w> <w n="849">brought
</w>                        <w n="873">the</w> <w n="874">children</w> <w n="875">before</w> <w n="876">his</w> <w n="877">face</w> <w n="878">.</w> <w n="879">Then</w> <w n="880">Psammetichos</w> <w n="881">having</w> <w n="882">himself</w> <w n="883">also</w> <w n="884">heard
</w>                        <w n="908">it</w> <w n="909">,</w> <w n="910">began</w> <w n="911">to</w> <w n="912">inquire</w> <w n="913">about</w> <w n="914">what</w> <w n="915">nation</w> <w n="916">of</w> <w n="917">men</w> <w n="918">named</w> <w n="919">anything
</w>                              <w n="949">bekos</w>   <w n="952">,</w> <w n="953">and</w> <w n="954">inquiring</w> <w n="955">he</w> <w n="956">found</w> <w n="957">that</w> <w n="958">the</w> <w n="959">Phrygians</w> <w n="960">had</w> <w n="961">this
</w>                        <w n="985">name</w> <w n="986">for</w> <w n="987">bread</w> <w n="988">.</w> <w n="989">In</w> <w n="990">this</w> <w n="991">manner</w> <w n="992">and</w> <w n="993">guided</w> <w n="994">by</w> <w n="995">an</w> <w n="996">indication</w> <w n="997">such</w> <w n="998">as</w> <w n="999">this</w> <w n="1000">,</w> <w n="1001">the
</w>                        <w n="1025">Egyptians</w> <w n="1026">were</w> <w n="1027">brought</w> <w n="1028">to</w> <w n="1029">allow</w> <w n="1030">that</w> <w n="1031">the</w> <w n="1032">Phrygians</w> <w n="1033">were</w> <w n="1034">a</w> <w n="1035">more</w> <w n="1036">ancient
</w>                        <w n="1060">people</w> <w n="1061">than</w> <w n="1062">themselves</w> <w n="1063">.</w> </p> 
                 </div> 
                 <div type="chapter" n="3"   > 
                     <p><w n="1">That</w> <w n="2">so</w> <w n="3">it</w> <w n="4">came</w> <w n="5">to</w> <w n="6">pass</w> <w n="7">I</w> <w n="8">heard</w> <w n="9">from</w> <w n="10">the</w> <w n="11">priests</w> <w n="12">of</w> <w n="13">that</w> <w n="14">Hephaistos</w> <w n="15">who
</w>                        <w n="39">dwells</w> <w n="40">at</w> <w n="41">Memphis</w> <w n="42">;</w> <w n="43">but</w> <w n="44">the</w> <w n="45">Hellenes</w> <w n="46">relate</w> <w n="47">,</w> <w n="48">besides</w> <w n="49">many</w> <w n="50">other</w> <w n="51">idle</w> <w n="52">tales</w> <w n="53">,
</w>                        <w n="77">that</w> <w n="78">Psammetichos</w> <w n="79">cut</w> <w n="80">out</w> <w n="81">the</w> <w n="82">tongues</w> <w n="83">of</w> <w n="84">certain</w> <w n="85">women</w> <w n="86">,</w> <w n="87">and</w> <w n="88">then</w> <w n="89">caused</w> <w n="90">the
</w>                        <w n="114">children</w> <w n="115">to</w> <w n="116">live</w> <w n="117">with</w> <w n="118">these</w> <w n="119">women</w> <w n="120">.</w> <w n="121">With</w> <w n="122">regard</w> <w n="123">then</w> <w n="124">to</w> <w n="125">the</w> <w n="126">rearing</w> <w n="127">of</w> <w n="128">the
</w>                        <w n="152">children</w> <w n="153">they</w> <w n="154">related</w> <w n="155">so</w> <w n="156">much</w> <w n="157">as</w> <w n="158">I</w> <w n="159">have</w> <w n="160">said</w> <w n="161">:</w> <w n="162">and</w> <w n="163">I</w> <w n="164">heard</w> <w n="165">also</w> <w n="166">other</w> <w n="167">things
</w>                        <w n="191">at</w> <w n="192">Memphis</w> <w n="193">when</w> <w n="194">I</w> <w n="195">had</w> <w n="196">speech</w> <w n="197">with</w> <w n="198">the</w> <w n="199">priests</w> <w n="200">of</w> <w n="201">Hephaistos</w> <w n="202">.</w> <w n="203">Moreover</w> <w n="204">I
</w>                        <w n="228">visited</w> <w n="229">both</w> <w n="230">Thebes</w> <w n="231">and</w> <w n="232">Heliopolis</w> <w n="233">for</w> <w n="234">this</w> <w n="235">very</w> <w n="236">cause</w> <w n="237">,</w> <w n="238">namely</w> <w n="239">because</w> <w n="240">I
</w>                        <w n="264">wished</w> <w n="265">to</w> <w n="266">know</w> <w n="267">whether</w> <w n="268">the</w> <w n="269">priests</w> <w n="270">at</w> <w n="271">these</w> <w n="272">places</w> <w n="273">would</w> <w n="274">agree</w> <w n="275">in</w> <w n="276">their
</w>                        <w n="300">accounts</w> <w n="301">with</w> <w n="302">those</w> <w n="303">at</w> <w n="304">Memphis</w> <w n="305">;</w> <w n="306">for</w> <w n="307">the</w> <w n="308">men</w> <w n="309">of</w> <w n="310">Heliopolis</w> <w n="311">are</w> <w n="312">said</w> <w n="313">to</w> <w n="314">be</w> <w n="315">the
</w>                        <w n="339">most</w> <w n="340">learned</w> <w n="341">in</w> <w n="342">records</w> <w n="343">of</w> <w n="344">the</w> <w n="345">Egyptians</w> <w n="346">.</w> <w n="347">Those</w> <w n="348">of</w> <w n="349">their</w> <w n="350">narrations</w> <w n="351">which</w> <w n="352">I
</w>                        <w n="376">heard</w> <w n="377">with</w> <w n="378">regard</w> <w n="379">to</w> <w n="380">the</w> <w n="381">gods</w> <w n="382">I</w> <w n="383">am</w> <w n="384">not</w> <w n="385">earnest</w> <w n="386">to</w> <w n="387">relate</w> <w n="388">in</w> <w n="389">full</w> <w n="390">,</w> <w n="391">but</w> <w n="392">I
</w>                        <w n="416">shall</w> <w n="417">name</w> <w n="418">them</w> <w n="419">only</w> <w n="420">,</w> <w n="421">because</w> <w n="422">I</w> <w n="423">consider</w> <w n="424">that</w> <w n="425">all</w> <w n="426">men</w> <w n="427">are</w> <w n="428">equally</w> <w n="429">ignorant
</w>                        <w n="453">of</w> <w n="454">these</w> <w n="455">matters</w> <w n="456">:</w> <w n="457">and</w> <w n="458">whatever</w> <w n="459">things</w> <w n="460">of</w> <w n="461">them</w> <w n="462">I</w> <w n="463">may</w> <w n="464">record</w> <w n="465">,</w> <w n="466">I</w> <w n="467">shall</w> <w n="468">record
</w>                        <w n="492">only</w> <w n="493">because</w> <w n="494">I</w> <w n="495">am</w> <w n="496">compelled</w> <w n="497">by</w> <w n="498">the</w> <w n="499">course</w> <w n="500">of</w> <w n="501">the</w> <w n="502">story</w> <w n="503">.</w> </p> 
                 </div> 
                 <div type="chapter" n="4"   > 
                     <p><w n="1">But</w> <w n="2">as</w> <w n="3">to</w> <w n="4">those</w> <w n="5">matters</w> <w n="6">which</w> <w n="7">concern</w> <w n="8">men</w> <w n="9">,</w> <w n="10">the</w> <w n="11">priests</w> <w n="12">agreed</w> <w n="13">with</w> <w n="14">one
</w>                        <w n="38">another</w> <w n="39">in</w> <w n="40">saying</w> <w n="41">that</w> <w n="42">the</w> <w n="43">Egyptians</w> <w n="44">were</w> <w n="45">the</w> <w n="46">first</w> <w n="47">of</w> <w n="48">all</w> <w n="49">men</w> <w n="50">on</w> <w n="51">earth</w> <w n="52">to
</w>                        <w n="76">find</w> <w n="77">out</w> <w n="78">the</w> <w n="79">course</w> <w n="80">of</w> <w n="81">the</w> <w n="82">year</w> <w n="83">,</w> <w n="84">having</w> <w n="85">divided</w> <w n="86">the</w> <w n="87">seasons</w> <w n="88">into</w> <w n="89">twelve
</w>                        <w n="113">parts</w> <w n="114">to</w> <w n="115">make</w> <w n="116">up</w> <w n="117">the</w> <w n="118">whole</w> <w n="119">;</w> <w n="120">and</w> <w n="121">this</w> <w n="122">they</w> <w n="123">said</w> <w n="124">they</w> <w n="125">found</w> <w n="126">out</w> <w n="127">from</w> <w n="128">the
</w>                        <w n="152">stars</w> <w n="153">:</w> <w n="154">and</w> <w n="155">they</w> <w n="156">reckon</w> <w n="157">to</w> <w n="158">this</w> <w n="159">extent</w> <w n="160">more</w> <w n="161">wisely</w> <w n="162">than</w> <w n="163">the</w> <w n="164">Hellenes</w> <w n="165">,</w> <w n="166">as</w> <w n="167">it
</w>                        <w n="191">seems</w> <w n="192">to</w> <w n="193">me</w> <w n="194">,</w> <w n="195">inasmuch</w> <w n="196">as</w> <w n="197">the</w> <w n="198">Hellenes</w> <w n="199">throw</w> <w n="200">in</w> <w n="201">an</w> <w n="202">intercalated</w> <w n="203">month</w> <w n="204">every
</w>                        <w n="228">other</w> <w n="229">year</w> <w n="230">,</w> <w n="231">to</w> <w n="232">make</w> <w n="233">the</w> <w n="234">seasons</w> <w n="235">right</w> <w n="236">,</w> <w n="237">whereas</w> <w n="238">the</w> <w n="239">Egyptians</w> <w n="240">,</w> <w n="241">reckoning</w> <w n="242">the
</w>                        <w n="266">twelve</w> <w n="267">months</w> <w n="268">at</w> <w n="269">thirty</w> <w n="270">days</w> <w n="271">each</w> <w n="272">,</w> <w n="273">bring</w> <w n="274">in</w> <w n="275">also</w> <w n="276">every</w> <w n="277">year</w> <w n="278">five</w> <w n="279">days</w> <w n="280">beyond
</w>                        <w n="304">the</w> <w n="305">number</w> <w n="306">,</w> <w n="307">and</w> <w n="308">thus</w> <w n="309">the</w> <w n="310">circle</w> <w n="311">of</w> <w n="312">their</w> <w n="313">seasons</w> <w n="314">is</w> <w n="315">completed</w> <w n="316">and</w> <w n="317">comes
</w>                        <w n="341">round</w> <w n="342">to</w> <w n="343">the</w> <w n="344">same</w> <w n="345">point</w> <w n="346">whence</w> <w n="347">it</w> <w n="348">set</w> <w n="349">out</w> <w n="350">.</w> <w n="351">They</w> <w n="352">said</w> <w n="353">moreover</w> <w n="354">that</w> <w n="355">the
</w>                        <w n="379">Egyptians</w> <w n="380">were</w> <w n="381">the</w> <w n="382">first</w> <w n="383">who</w> <w n="384">brought</w> <w n="385">into</w> <w n="386">use</w> <w n="387">appellations</w> <w n="388">for</w> <w n="389">the</w> <w n="390">twelve
</w>                        <w n="414">gods</w> <w n="415">and</w> <w n="416">the</w> <w n="417">Hellenes</w> <w n="418">took</w> <w n="419">up</w> <w n="420">the</w> <w n="421">use</w> <w n="422">from</w> <w n="423">them</w> <w n="424">;</w> <w n="425">and</w> <w n="426">that</w> <w n="427">they</w> <w n="428">were</w> <w n="429">the
</w>                        <w n="453">first</w> <w n="454">who</w> <w n="455">assigned</w> <w n="456">altars</w> <w n="457">and</w> <w n="458">images</w> <w n="459">and</w> <w n="460">temples</w> <w n="461">to</w> <w n="462">the</w> <w n="463">gods</w> <w n="464">,</w> <w n="465">and</w> <w n="466">who
</w>                        <w n="490">engraved</w> <w n="491">figures</w> <w n="492">on</w> <w n="493">stones</w> <w n="494">;</w> <w n="495">and</w> <w n="496">with</w> <w n="497">regard</w> <w n="498">to</w> <w n="499">the</w> <w n="500">greater</w> <w n="501">number</w> <w n="502">of</w> <w n="503">these
</w>                        <w n="527">things</w> <w n="528">they</w> <w n="529">showed</w> <w n="530">me</w> <w n="531">by</w> <w n="532">actual</w> <w n="533">facts</w> <w n="534">that</w> <w n="535">they</w> <w n="536">had</w> <w n="537">happened</w> <w n="538">so</w> <w n="539">.</w> <w n="540">They</w> <w n="541">said
</w>                        <w n="565">also</w> <w n="566">that</w> <w n="567">the</w> <w n="568">first</w> <w n="569">man</w> <w n="570">who</w> <w n="571">became</w> <w n="572">king</w> <w n="573">of</w> <w n="574">Egypt</w> <w n="575">was</w> <w n="576">Min</w> <w n="577">;</w> <w n="578">and</w> <w n="579">that</w> <w n="580">in</w> <w n="581">his
</w>                        <w n="605">time</w> <w n="606">all</w> <w n="607">Egypt</w> <w n="608">except</w> <w n="609">the</w> <w n="610">district</w> <w n="611">of</w> <w n="612">Thebes</w> <w n="613">was</w> <w n="614">a</w> <w n="615">swamp</w> <w n="616">,</w> <w n="617">and</w> <w n="618">none</w> <w n="619">of</w> <w n="620">the
</w>                        <w n="644">regions</w> <w n="645">were</w> <w n="646">then</w> <w n="647">above</w> <w n="648">water</w> <w n="649">which</w> <w n="650">now</w> <w n="651">lie</w> <w n="652">below</w> <w n="653">the</w> <w n="654">lake</w> <w n="655">of</w> <w n="656">Moiris</w> <w n="657">,</w> <w n="658">to
</w>                        <w n="682">which</w> <w n="683">lake</w> <w n="684">it</w> <w n="685">is</w> <w n="686">a</w> <w n="687">voyage</w> <w n="688">of</w> <w n="689">seven</w> <w n="690">days</w> <w n="691">up</w> <w n="692">the</w> <w n="693">river</w> <w n="694">from</w> <w n="695">the</w> <w n="696">sea</w> <w n="697">:</w> </p> 
                 </div> 
                 <div type="chapter" n="5"   > 
                     <p> <w n="2">and</w> <w n="3">I</w> <w n="4">thought</w> <w n="5">that</w> <w n="6">they</w> <w n="7">said</w> <w n="8">well</w> <w n="9">about</w> <w n="10">the</w> <w n="11">land</w> <w n="12">;</w> <w n="13">for</w> <w n="14">it</w> <w n="15">is</w> <w n="16">manifest</w> <w n="17">in
</w>                        <w n="41">truth</w> <w n="42">even</w> <w n="43">to</w> <w n="44">a</w> <w n="45">person</w> <w n="46">who</w> <w n="47">has</w> <w n="48">not</w> <w n="49">heard</w> <w n="50">it</w> <w n="51">beforehand</w> <w n="52">but</w> <w n="53">has</w> <w n="54">only</w> <w n="55">seen</w> <w n="56">,</w> <w n="57">at
</w>                        <w n="81">least</w> <w n="82">if</w> <w n="83">he</w> <w n="84">have</w> <w n="85">understanding</w> <w n="86">,</w> <w n="87">that</w> <w n="88">the</w> <w n="89">Egypt</w> <w n="90">to</w> <w n="91">which</w> <w n="92">the</w> <w n="93">Hellenes</w> <w n="94">come</w> <w n="95">in
</w>                        <w n="119">ships</w> <w n="120">is</w> <w n="121">a</w> <w n="122">land</w> <w n="123">which</w> <w n="124">has</w> <w n="125">been</w> <w n="126">won</w> <w n="127">by</w> <w n="128">the</w> <w n="129">Egyptians</w> <w n="130">as</w> <w n="131">an</w> <w n="132">addition</w> <w n="133">,</w> <w n="134">and</w> <w n="135">that
</w>                        <w n="159">it</w> <w n="160">is</w> <w n="161">a</w> <w n="162">gift</w> <w n="163">of</w> <w n="164">the</w> <w n="165">river</w> <w n="166">:</w> <w n="167">moreover</w> <w n="168">the</w> <w n="169">regions</w> <w n="170">which</w> <w n="171">lie</w> <w n="172">above</w> <w n="173">this</w> <w n="174">lake
</w>                        <w n="198">also</w> <w n="199">for</w> <w n="200">a</w> <w n="201">distance</w> <w n="202">of</w> <w n="203">three</w> <w n="204">days'</w> <w n="205">sail</w> <w n="206">,</w> <w n="207">about</w> <w n="208">which</w> <w n="209">they</w> <w n="210">did</w> <w n="211">not</w> <w n="212">go</w> <w n="213">on</w> <w n="214">to
</w>                        <w n="238">say</w> <w n="239">anything</w> <w n="240">of</w> <w n="241">this</w> <w n="242">kind</w> <w n="243">,</w> <w n="244">are</w> <w n="245">nevertheless</w> <w n="246">another</w> <w n="247">instance</w> <w n="248">of</w> <w n="249">the</w> <w n="250">same
</w>                        <w n="274">thing</w> <w n="275">:</w> <w n="276">for</w> <w n="277">the</w> <w n="278">nature</w> <w n="279">of</w> <w n="280">the</w> <w n="281">land</w> <w n="282">of</w> <w n="283">Egypt</w> <w n="284">is</w> <w n="285">as</w> <w n="286">follows</w> <w n="287">:</w> <w n="288">â€”</w>  <w n="290">First</w> <w n="291">when</w> <w n="292">you
</w>                        <w n="316">are</w> <w n="317">still</w> <w n="318">approaching</w> <w n="319">it</w> <w n="320">in</w> <w n="321">a</w> <w n="322">ship</w> <w n="323">and</w> <w n="324">are</w> <w n="325">distant</w> <w n="326">a</w> <w n="327">day's</w> <w n="328">run</w> <w n="329">from</w> <w n="330">the
</w>                        <w n="354">land</w> <w n="355">,</w> <w n="356">if</w> <w n="357">you</w> <w n="358">let</w> <w n="359">down</w> <w n="360">a</w> <w n="361">sounding-line</w> <w n="362">you</w> <w n="363">will</w> <w n="364">bring</w> <w n="365">up</w> <w n="366">mud</w> <w n="367">and</w> <w n="368">will</w> <w n="369">find
</w>                        <w n="393">yourself</w> <w n="394">in</w> <w n="395">eleven</w> <w n="396">fathoms</w> <w n="397">.</w> <w n="398">This</w> <w n="399">then</w> <w n="400">so</w> <w n="401">far</w> <w n="402">shows</w> <w n="403">that</w> <w n="404">there</w> <w n="405">is</w> <w n="406">a</w> <w n="407">silting
</w>                        <w n="431">forward</w> <w n="432">of</w> <w n="433">the</w> <w n="434">land</w> <w n="435">.</w> </p> 
                 </div> 
                 <div type="chapter" n="6"   > 
                     <p><w n="1">Then</w> <w n="2">secondly</w> <w n="3">,</w> <w n="4">as</w> <w n="5">to</w> <w n="6">Egypt</w> <w n="7">itself</w> <w n="8">,</w> <w n="9">the</w> <w n="10">extent</w> <w n="11">of</w> <w n="12">it</w> <w n="13">along</w> <w n="14">the</w> <w n="15">sea</w> <w n="16">is</w> <w n="17">sixty
</w>                              <w n="47">schoines</w>   <w n="50">,</w> <w n="51">according</w> <w n="52">to</w> <w n="53">our</w> <w n="54">definition</w> <w n="55">of</w> <w n="56">Egypt</w> <w n="57">as</w> <w n="58">extending
</w>                        <w n="82">from</w> <w n="83">the</w> <w n="84">Gulf</w> <w n="85">of</w> <w n="86">Plinthine</w> <w n="87">to</w> <w n="88">the</w> <w n="89">Serbonian</w> <w n="90">lake</w> <w n="91">,</w> <w n="92">along</w> <w n="93">which</w> <w n="94">stretches
</w>                        <w n="118">Mount</w> <w n="119">Casion</w> <w n="120">;</w> <w n="121">from</w> <w n="122">this</w> <w n="123">lake</w> <w n="124">then</w> <w n="125">the</w> <w n="126">sixty</w>   <w n="129">schoines</w>   <w n="132">are
</w>                        <w n="156">reckoned</w> <w n="157">:</w> <w n="158">for</w> <w n="159">those</w> <w n="160">of</w> <w n="161">men</w> <w n="162">who</w> <w n="163">are</w> <w n="164">poor</w> <w n="165">in</w> <w n="166">land</w> <w n="167">have</w> <w n="168">their</w> <w n="169">country</w> <w n="170">measured
</w>                        <w n="194">by</w> <w n="195">fathoms</w> <w n="196">,</w> <w n="197">those</w> <w n="198">who</w> <w n="199">are</w> <w n="200">less</w> <w n="201">poor</w> <w n="202">by</w> <w n="203">furlongs</w> <w n="204">,</w> <w n="205">those</w> <w n="206">who</w> <w n="207">have</w> <w n="208">much</w> <w n="209">land</w> <w n="210">by
</w>                        <w n="234">parasangs</w> <w n="235">,</w> <w n="236">and</w> <w n="237">those</w> <w n="238">who</w> <w n="239">have</w> <w n="240">land</w> <w n="241">in</w> <w n="242">very</w> <w n="243">great</w> <w n="244">abundance</w> <w n="245">by
</w>                              <w n="275">schoines</w>   <w n="278">:</w> <w n="279">now</w> <w n="280">the</w> <w n="281">parasang</w> <w n="282">is</w> <w n="283">equal</w> <w n="284">to</w> <w n="285">thirty</w> <w n="286">furlongs</w> <w n="287">,</w> <w n="288">and
</w>                        <w n="312">each</w>   <w n="315">schoine</w>   <w n="318">,</w> <w n="319">which</w> <w n="320">is</w> <w n="321">an</w> <w n="322">Egyptian</w> <w n="323">measure</w> <w n="324">,</w> <w n="325">is</w> <w n="326">equal</w> <w n="327">to</w> <w n="328">sixty
</w>                        <w n="352">furlongs</w> <w n="353">.</w> <w n="354">So</w> <w n="355">there</w> <w n="356">would</w> <w n="357">be</w> <w n="358">an</w> <w n="359">extent</w> <w n="360">of</w> <w n="361">three</w> <w n="362">thousand</w> <w n="363">six</w> <w n="364">hundred</w> <w n="365">furlongs
</w>                        <w n="389">for</w> <w n="390">the</w> <w n="391">coast-land</w> <w n="392">of</w> <w n="393">Egypt</w> <w n="394">.</w> </p> 
                 </div> 
                 <div type="chapter" n="7"   > 
                     <p><w n="1">From</w> <w n="2">thence</w> <w n="3">and</w> <w n="4">as</w> <w n="5">far</w> <w n="6">as</w> <w n="7">Heliopolis</w> <w n="8">inland</w> <w n="9">Egypt</w> <w n="10">is</w> <w n="11">broad</w> <w n="12">,</w> <w n="13">and</w> <w n="14">the</w> <w n="15">land</w> <w n="16">is
</w>                        <w n="40">all</w> <w n="41">flat</w> <w n="42">and</w> <w n="43">without</w> <w n="44">springs</w> <w n="45">of</w> <w n="46">water</w> <w n="47">and</w> <w n="48">formed</w> <w n="49">of</w> <w n="50">mud</w> <w n="51">:</w> <w n="52">and</w> <w n="53">the</w> <w n="54">road</w> <w n="55">as</w> <w n="56">one
</w>                        <w n="80">goes</w> <w n="81">inland</w> <w n="82">from</w> <w n="83">the</w> <w n="84">sea</w> <w n="85">to</w> <w n="86">Heliopolis</w> <w n="87">is</w> <w n="88">about</w> <w n="89">the</w> <w n="90">same</w> <w n="91">in</w> <w n="92">length</w> <w n="93">as</w> <w n="94">that
</w>                        <w n="118">which</w> <w n="119">leads</w> <w n="120">from</w> <w n="121">the</w> <w n="122">altar</w> <w n="123">of</w> <w n="124">the</w> <w n="125">twelve</w> <w n="126">gods</w> <w n="127">at</w> <w n="128">Athens</w> <w n="129">to</w> <w n="130">Pisa</w> <w n="131">and</w> <w n="132">the
</w>                        <w n="156">temple</w> <w n="157">of</w> <w n="158">Olympian</w> <w n="159">Zeus</w> <w n="160">:</w> <w n="161">reckoning</w> <w n="162">up</w> <w n="163">you</w> <w n="164">would</w> <w n="165">find</w> <w n="166">the</w> <w n="167">difference</w> <w n="168">very
</w>                        <w n="192">small</w> <w n="193">by</w> <w n="194">which</w> <w n="195">these</w> <w n="196">roads</w> <w n="197">fail</w> <w n="198">of</w> <w n="199">being</w> <w n="200">equal</w> <w n="201">in</w> <w n="202">length</w> <w n="203">,</w> <w n="204">not</w> <w n="205">more</w> <w n="206">indeed
</w>                        <w n="230">than</w> <w n="231">fifteen</w> <w n="232">furlongs</w> <w n="233">;</w> <w n="234">for</w> <w n="235">the</w> <w n="236">road</w> <w n="237">from</w> <w n="238">Athens</w> <w n="239">to</w> <w n="240">Pisa</w> <w n="241">wants</w> <w n="242">fifteen
</w>                        <w n="266">furlongs</w> <w n="267">of</w> <w n="268">being</w> <w n="269">fifteen</w> <w n="270">hundred</w> <w n="271">,</w> <w n="272">while</w> <w n="273">the</w> <w n="274">road</w> <w n="275">to</w> <w n="276">Heliopolis</w> <w n="277">from</w> <w n="278">the</w> <w n="279">sea
</w>                        <w n="303">reaches</w> <w n="304">that</w> <w n="305">number</w> <w n="306">completely</w> <w n="307">.</w> </p> 
                 </div> 
                 <div type="chapter" n="8"   > 
                     <p><w n="1">From</w> <w n="2">Heliopolis</w> <w n="3">however</w> <w n="4">,</w> <w n="5">as</w> <w n="6">you</w> <w n="7">go</w> <w n="8">up</w> <w n="9">,</w> <w n="10">Egypt</w> <w n="11">is</w> <w n="12">narrow</w> <w n="13">;</w> <w n="14">for</w> <w n="15">on</w> <w n="16">the</w> <w n="17">one</w> <w n="18">side</w> <w n="19">a
</w>                        <w n="43">mountain-range</w> <w n="44">belonging</w> <w n="45">to</w> <w n="46">Arabia</w> <w n="47">stretches</w> <w n="48">along</w> <w n="49">by</w> <w n="50">the</w> <w n="51">side</w> <w n="52">of</w> <w n="53">it</w> <w n="54">,</w> <w n="55">going
</w>                        <w n="79">in</w> <w n="80">a</w> <w n="81">direction</w> <w n="82">from</w> <w n="83">North</w> <w n="84">towards</w> <w n="85">the</w> <w n="86">midday</w> <w n="87">and</w> <w n="88">the</w> <w n="89">South</w> <w n="90">Wind</w> <w n="91">,</w> <w n="92">tending
</w>                        <w n="116">upwards</w> <w n="117">without</w> <w n="118">a</w> <w n="119">break</w> <w n="120">to</w> <w n="121">that</w> <w n="122">which</w> <w n="123">is</w> <w n="124">called</w> <w n="125">the</w> <w n="126">Erythraian</w> <w n="127">Sea</w> <w n="128">,</w> <w n="129">in</w> <w n="130">which
</w>                        <w n="154">range</w> <w n="155">are</w> <w n="156">the</w> <w n="157">stone-quarries</w> <w n="158">which</w> <w n="159">were</w> <w n="160">used</w> <w n="161">in</w> <w n="162">cutting</w> <w n="163">stone</w> <w n="164">for</w> <w n="165">the
</w>                        <w n="189">pyramids</w> <w n="190">at</w> <w n="191">Memphis</w> <w n="192">.</w> <w n="193">On</w> <w n="194">this</w> <w n="195">side</w> <w n="196">then</w> <w n="197">the</w> <w n="198">mountain</w> <w n="199">ends</w> <w n="200">where</w> <w n="201">I</w> <w n="202">have</w> <w n="203">said</w> <w n="204">,
</w>                        <w n="228">and</w> <w n="229">then</w> <w n="230">takes</w> <w n="231">a</w> <w n="232">turn</w> <w n="233">back</w> <w n="234">;</w> <w n="235">and</w> <w n="236">where</w> <w n="237">it</w> <w n="238">is</w> <w n="239">widest</w> <w n="240">,</w> <w n="241">as</w> <w n="242">I</w> <w n="243">was</w> <w n="244">informed</w> <w n="245">,</w> <w n="246">it</w> <w n="247">is
</w>                        <w n="271">a</w> <w n="272">journey</w> <w n="273">of</w> <w n="274">two</w> <w n="275">months</w> <w n="276">across</w> <w n="277">from</w> <w n="278">East</w> <w n="279">to</w> <w n="280">West</w> <w n="281">;</w> <w n="282">and</w> <w n="283">the</w> <w n="284">borders</w> <w n="285">of</w> <w n="286">it
</w>                        <w n="310">which</w> <w n="311">turn</w> <w n="312">towards</w> <w n="313">the</w> <w n="314">East</w> <w n="315">are</w> <w n="316">said</w> <w n="317">to</w> <w n="318">produce</w> <w n="319">frankincense</w> <w n="320">.</w> <w n="321">Such</w> <w n="322">then</w> <w n="323">is
</w>                        <w n="347">the</w> <w n="348">nature</w> <w n="349">of</w> <w n="350">this</w> <w n="351">mountain-range</w> <w n="352">;</w> <w n="353">and</w> <w n="354">on</w> <w n="355">the</w> <w n="356">side</w> <w n="357">of</w> <w n="358">Egypt</w> <w n="359">towards</w> <w n="360">Libya
</w>                        <w n="384">another</w> <w n="385">range</w> <w n="386">extends</w> <w n="387">,</w> <w n="388">rocky</w> <w n="389">and</w> <w n="390">enveloped</w> <w n="391">in</w> <w n="392">sand</w> <w n="393">:</w> <w n="394">in</w> <w n="395">this</w> <w n="396">are</w> <w n="397">the
</w>                        <w n="421">pyramids</w> <w n="422">,</w> <w n="423">and</w> <w n="424">it</w> <w n="425">runs</w> <w n="426">in</w> <w n="427">the</w> <w n="428">same</w> <w n="429">direction</w> <w n="430">as</w> <w n="431">those</w> <w n="432">parts</w> <w n="433">of</w> <w n="434">the</w> <w n="435">Arabian
</w>                        <w n="459">mountains</w> <w n="460">which</w> <w n="461">go</w> <w n="462">towards</w> <w n="463">the</w> <w n="464">midday</w> <w n="465">.</w> <w n="466">So</w> <w n="467">then</w> <w n="468">,</w> <w n="469">I</w> <w n="470">say</w> <w n="471">,</w> <w n="472">from</w> <w n="473">Heliopolis</w> <w n="474">the
</w>                        <w n="498">land</w> <w n="499">has</w> <w n="500">no</w> <w n="501">longer</w> <w n="502">a</w> <w n="503">great</w> <w n="504">extent</w> <w n="505">so</w> <w n="506">far</w> <w n="507">as</w> <w n="508">it</w> <w n="509">belongs</w> <w n="510">to</w> <w n="511">Egypt</w> <w n="512">,</w> <w n="513">and</w> <w n="514">for
</w>                        <w n="538">about</w> <w n="539">four</w> <w n="540">days'</w> <w n="541">sail</w> <w n="542">up</w> <w n="543">the</w> <w n="544">river</w> <w n="545">Egypt</w> <w n="546">properly</w> <w n="547">so</w> <w n="548">called</w> <w n="549">is</w> <w n="550">narrow</w> <w n="551">:</w> <w n="552">and
</w>                        <w n="576">the</w> <w n="577">space</w> <w n="578">between</w> <w n="579">the</w> <w n="580">mountain-ranges</w> <w n="581">which</w> <w n="582">have</w> <w n="583">been</w> <w n="584">mentioned</w> <w n="585">is
</w>                        <w n="609">plain-land</w> <w n="610">,</w> <w n="611">but</w> <w n="612">where</w> <w n="613">it</w> <w n="614">is</w> <w n="615">narrowest</w> <w n="616">it</w> <w n="617">did</w> <w n="618">not</w> <w n="619">seem</w> <w n="620">to</w> <w n="621">me</w> <w n="622">to</w> <w n="623">exceed</w> <w n="624">two
</w>                        <w n="648">hundred</w> <w n="649">furlongs</w> <w n="650">from</w> <w n="651">the</w> <w n="652">Arabian</w> <w n="653">mountains</w> <w n="654">to</w> <w n="655">those</w> <w n="656">which</w> <w n="657">are</w> <w n="658">called</w> <w n="659">the
</w>                        <w n="683">Libyan</w> <w n="684">.</w> <w n="685">After</w> <w n="686">this</w> <w n="687">again</w> <w n="688">Egypt</w> <w n="689">is</w> <w n="690">broad</w> <w n="691">.</w> </p> 
                 </div> 
                 <div type="chapter" n="9"   > 
                     <p><w n="1">Such</w> <w n="2">is</w> <w n="3">the</w> <w n="4">nature</w> <w n="5">of</w> <w n="6">this</w> <w n="7">land</w> <w n="8">:</w> <w n="9">and</w> <w n="10">from</w> <w n="11">Heliopolis</w> <w n="12">to</w> <w n="13">Thebes</w> <w n="14">is</w> <w n="15">a</w> <w n="16">voyage</w> <w n="17">up
</w>                        <w n="41">the</w> <w n="42">river</w> <w n="43">of</w> <w n="44">nine</w> <w n="45">days</w> <w n="46">,</w> <w n="47">and</w> <w n="48">the</w> <w n="49">distance</w> <w n="50">of</w> <w n="51">the</w> <w n="52">journey</w> <w n="53">in</w> <w n="54">furlongs</w> <w n="55">is</w> <w n="56">four
</w>                        <w n="80">thousand</w> <w n="81">eight</w> <w n="82">hundred</w> <w n="83">and</w> <w n="84">sixty</w> <w n="85">,</w> <w n="86">the</w> <w n="87">number</w> <w n="88">of</w> <w n="89">the</w>   <w n="92">schoines</w>  <w n="94">
</w>                        <w n="118">being</w> <w n="119">eighty-one</w> <w n="120">.</w> <w n="121">If</w> <w n="122">these</w> <w n="123">measures</w> <w n="124">of</w> <w n="125">Egypt</w> <w n="126">in</w> <w n="127">furlongs</w> <w n="128">be</w> <w n="129">put</w> <w n="130">together</w> <w n="131">the
</w>                        <w n="155">result</w> <w n="156">is</w> <w n="157">as</w> <w n="158">follows</w> <w n="159">:</w> <w n="160">â€”</w> <w n="161">I</w> <w n="162">have</w> <w n="163">already</w> <w n="164">before</w> <w n="165">this</w> <w n="166">shown</w> <w n="167">that</w> <w n="168">the</w> <w n="169">distance
</w>                        <w n="193">along</w> <w n="194">the</w> <w n="195">sea</w> <w n="196">amounts</w> <w n="197">to</w> <w n="198">three</w> <w n="199">thousand</w> <w n="200">six</w> <w n="201">hundred</w> <w n="202">furlongs</w> <w n="203">,</w> <w n="204">and</w> <w n="205">I</w> <w n="206">will</w> <w n="207">now
</w>                        <w n="231">declare</w> <w n="232">what</w> <w n="233">the</w> <w n="234">distance</w> <w n="235">is</w> <w n="236">inland</w> <w n="237">from</w> <w n="238">the</w> <w n="239">sea</w> <w n="240">to</w> <w n="241">Thebes</w> <w n="242">,</w> <w n="243">namely</w> <w n="244">six
</w>                        <w n="268">thousand</w> <w n="269">one</w> <w n="270">hundred</w> <w n="271">and</w> <w n="272">twenty</w> <w n="273">furlongs</w> <w n="274">:</w> <w n="275">and</w> <w n="276">again</w> <w n="277">the</w> <w n="278">distance</w> <w n="279">from</w> <w n="280">Thebes
</w>                        <w n="304">to</w> <w n="305">the</w> <w n="306">city</w> <w n="307">called</w> <w n="308">Elephantine</w> <w n="309">is</w> <w n="310">one</w> <w n="311">thousand</w> <w n="312">eight</w> <w n="313">hundred</w> <w n="314">furlongs</w> <w n="315">.</w> </p> 
                 </div> 
                 <div type="chapter" n="10"   > 
                     <p><w n="1">Of</w> <w n="2">this</w> <w n="3">land</w> <w n="4">then</w> <w n="5">,</w> <w n="6">concerning</w> <w n="7">which</w> <w n="8">I</w> <w n="9">have</w> <w n="10">spoken</w> <w n="11">,</w> <w n="12">it</w> <w n="13">seemed</w> <w n="14">to</w> <w n="15">myself</w> <w n="16">also</w> <w n="17">,
</w>                        <w n="41">according</w> <w n="42">as</w> <w n="43">the</w> <w n="44">priests</w> <w n="45">said</w> <w n="46">,</w> <w n="47">that</w> <w n="48">the</w> <w n="49">greater</w> <w n="50">part</w> <w n="51">had</w> <w n="52">been</w> <w n="53">won</w> <w n="54">as</w> <w n="55">an
</w>                        <w n="79">addition</w> <w n="80">by</w> <w n="81">the</w> <w n="82">Egyptians</w> <w n="83">;</w> <w n="84">for</w> <w n="85">it</w> <w n="86">was</w> <w n="87">evident</w> <w n="88">to</w> <w n="89">me</w> <w n="90">that</w> <w n="91">the</w> <w n="92">space</w> <w n="93">between
</w>                        <w n="117">the</w> <w n="118">aforesaid</w> <w n="119">mountain-ranges</w> <w n="120">,</w> <w n="121">which</w> <w n="122">lie</w> <w n="123">above</w> <w n="124">the</w> <w n="125">city</w> <w n="126">of</w> <w n="127">Memphis</w> <w n="128">,</w> <w n="129">once</w> <w n="130">was
</w>                        <w n="154">a</w> <w n="155">gulf</w> <w n="156">of</w> <w n="157">the</w> <w n="158">sea</w> <w n="159">,</w> <w n="160">like</w> <w n="161">the</w> <w n="162">regions</w> <w n="163">about</w> <w n="164">Ilion</w> <w n="165">and</w> <w n="166">Teuthrania</w> <w n="167">and</w> <w n="168">Ephesos
</w>                        <w n="192">and</w> <w n="193">the</w> <w n="194">plain</w> <w n="195">of</w> <w n="196">the</w> <w n="197">Maiander</w> <w n="198">,</w> <w n="199">if</w> <w n="200">it</w> <w n="201">be</w> <w n="202">permitted</w> <w n="203">to</w> <w n="204">compare</w> <w n="205">small</w> <w n="206">things
</w>                        <w n="230">with</w> <w n="231">great</w> <w n="232">;</w> <w n="233">and</w> <w n="234">small</w> <w n="235">these</w> <w n="236">are</w> <w n="237">in</w> <w n="238">comparison</w> <w n="239">,</w> <w n="240">for</w> <w n="241">of</w> <w n="242">the</w> <w n="243">rivers</w> <w n="244">which
</w>                        <w n="268">heaped</w> <w n="269">up</w> <w n="270">the</w> <w n="271">soil</w> <w n="272">in</w> <w n="273">those</w> <w n="274">regions</w> <w n="275">none</w> <w n="276">is</w> <w n="277">worthy</w> <w n="278">to</w> <w n="279">be</w> <w n="280">compared</w> <w n="281">in</w> <w n="282">volume
</w>                        <w n="306">with</w> <w n="307">a</w> <w n="308">single</w> <w n="309">one</w> <w n="310">of</w> <w n="311">the</w> <w n="312">mouths</w> <w n="313">of</w> <w n="314">the</w> <w n="315">Nile</w> <w n="316">,</w> <w n="317">which</w> <w n="318">has</w> <w n="319">five</w> <w n="320">mouths</w> <w n="321">.</w> <w n="322">Moreover
</w>                        <w n="346">there</w> <w n="347">are</w> <w n="348">other</w> <w n="349">rivers</w> <w n="350">also</w> <w n="351">,</w> <w n="352">not</w> <w n="353">in</w> <w n="354">size</w> <w n="355">at</w> <w n="356">all</w> <w n="357">equal</w> <w n="358">to</w> <w n="359">the</w> <w n="360">Nile</w> <w n="361">,</w> <w n="362">which
</w>                        <w n="386">have</w> <w n="387">performed</w> <w n="388">great</w> <w n="389">feats</w> <w n="390">;</w> <w n="391">of</w> <w n="392">which</w> <w n="393">I</w> <w n="394">can</w> <w n="395">mention</w> <w n="396">the</w> <w n="397">names</w> <w n="398">of</w> <w n="399">several</w> <w n="400">,</w> <w n="401">and
</w>                        <w n="425">especially</w> <w n="426">the</w> <w n="427">Acheloï¿½s</w> <w n="428">,</w> <w n="429">which</w> <w n="430">flowing</w> <w n="431">through</w> <w n="432">Acarnania</w> <w n="433">and</w> <w n="434">so</w> <w n="435">issuing</w> <w n="436">out
</w>                        <w n="460">into</w> <w n="461">the</w> <w n="462">sea</w> <w n="463">has</w> <w n="464">already</w> <w n="465">made</w> <w n="466">half</w> <w n="467">of</w> <w n="468">the</w> <w n="469">Echinades</w> <w n="470">from</w> <w n="471">islands</w> <w n="472">into
</w>                        <w n="496">mainland</w> <w n="497">.</w> </p> 
                 </div> 
                
             </div> 
             <div type="book" n="3"   > 
                 <head> THE THIRD BOOK OF THE HISTORIES , CALLED THALEIA </head> 
                 <div type="chapter" n="1"   > 
                     <p><w n="1">Against</w> <w n="2">this</w> <w n="3">Amasis</w> <w n="4">then</w> <w n="5">Cambyses</w> <w n="6">the</w> <w n="7">son</w> <w n="8">of</w> <w n="9">Cyrus</w> <w n="10">was</w> <w n="11">making</w> <w n="12">his</w> <w n="13">march</w> <w n="14">,
</w>                        <w n="38">taking</w> <w n="39">with</w> <w n="40">him</w> <w n="41">not</w> <w n="42">only</w> <w n="43">other</w> <w n="44">nations</w> <w n="45">of</w> <w n="46">which</w> <w n="47">he</w> <w n="48">was</w> <w n="49">ruler</w> <w n="50">,</w> <w n="51">but</w> <w n="52">also
</w>                        <w n="76">Hellenes</w> <w n="77">,</w> <w n="78">both</w> <w n="79">Ionians</w> <w n="80">and</w> <w n="81">Aiolians</w> <w n="82">:</w> <w n="83">and</w> <w n="84">the</w> <w n="85">cause</w> <w n="86">of</w> <w n="87">the</w> <w n="88">expedition</w> <w n="89">was</w> <w n="90">as
</w>                        <w n="114">follows</w> <w n="115">:</w> <w n="116">â€”</w> <w n="117">Cambyses</w> <w n="118">sent</w> <w n="119">an</w> <w n="120">envoy</w> <w n="121">to</w> <w n="122">Egypt</w> <w n="123">and</w> <w n="124">asked</w> <w n="125">Amasis</w> <w n="126">to</w> <w n="127">give</w> <w n="128">him</w> <w n="129">his
</w>                        <w n="153">daughter</w> <w n="154">;</w> <w n="155">and</w> <w n="156">he</w> <w n="157">made</w> <w n="158">the</w> <w n="159">request</w> <w n="160">by</w> <w n="161">counsel</w> <w n="162">of</w> <w n="163">an</w> <w n="164">Egyptian</w> <w n="165">,</w> <w n="166">who</w> <w n="167">brought
</w>                        <w n="191">this</w> <w n="192">upon</w> <w n="193">Amasis</w> <w n="194">having</w> <w n="195">a</w> <w n="196">quarrel</w> <w n="197">with</w> <w n="198">him</w> <w n="199">for</w> <w n="200">the</w> <w n="201">following</w> <w n="202">reason</w> <w n="203">:</w> <w n="204">â€”</w> <w n="205">at</w> <w n="206">the
</w>                        <w n="230">time</w> <w n="231">when</w> <w n="232">Cyrus</w> <w n="233">sent</w> <w n="234">to</w> <w n="235">Amasis</w> <w n="236">and</w> <w n="237">asked</w> <w n="238">him</w> <w n="239">for</w> <w n="240">a</w> <w n="241">physician</w> <w n="242">of</w> <w n="243">the</w> <w n="244">eyes</w> <w n="245">,
</w>                        <w n="269">whosoever</w> <w n="270">was</w> <w n="271">the</w> <w n="272">best</w> <w n="273">of</w> <w n="274">those</w> <w n="275">in</w> <w n="276">Egypt</w> <w n="277">,</w> <w n="278">Amasis</w> <w n="279">had</w> <w n="280">selected</w> <w n="281">him</w> <w n="282">from</w> <w n="283">all
</w>                        <w n="307">the</w> <w n="308">physicians</w> <w n="309">in</w> <w n="310">Egypt</w> <w n="311">and</w> <w n="312">had</w> <w n="313">torn</w> <w n="314">him</w> <w n="315">away</w> <w n="316">from</w> <w n="317">his</w> <w n="318">wife</w> <w n="319">and</w> <w n="320">children</w> <w n="321">and
</w>                        <w n="345">delivered</w> <w n="346">him</w> <w n="347">up</w> <w n="348">to</w> <w n="349">Persia</w> <w n="350">.</w> <w n="351">Having</w> <w n="352">,</w> <w n="353">I</w> <w n="354">say</w> <w n="355">,</w> <w n="356">this</w> <w n="357">cause</w> <w n="358">of</w> <w n="359">quarrel</w> <w n="360">,</w> <w n="361">the
</w>                        <w n="385">Egyptian</w> <w n="386">urged</w> <w n="387">Cambyses</w> <w n="388">on</w> <w n="389">by</w> <w n="390">his</w> <w n="391">counsel</w> <w n="392">bidding</w> <w n="393">him</w> <w n="394">ask</w> <w n="395">Amasis</w> <w n="396">for</w> <w n="397">his
</w>                        <w n="421">daughter</w> <w n="422">,</w> <w n="423">in</w> <w n="424">order</w> <w n="425">that</w> <w n="426">he</w> <w n="427">might</w> <w n="428">either</w> <w n="429">be</w> <w n="430">grieved</w> <w n="431">if</w> <w n="432">he</w> <w n="433">gave</w> <w n="434">her</w> <w n="435">,</w> <w n="436">or</w> <w n="437">if</w> <w n="438">he
</w>                        <w n="462">refused</w> <w n="463">to</w> <w n="464">give</w> <w n="465">her</w> <w n="466">,</w> <w n="467">might</w> <w n="468">offend</w> <w n="469">Cambyses</w> <w n="470">.</w> <w n="471">So</w> <w n="472">Amasis</w> <w n="473">,</w> <w n="474">who</w> <w n="475">was</w> <w n="476">vexed</w> <w n="477">by</w> <w n="478">the
</w>                        <w n="502">power</w> <w n="503">of</w> <w n="504">the</w> <w n="505">Persians</w> <w n="506">and</w> <w n="507">afraid</w> <w n="508">of</w> <w n="509">it</w> <w n="510">,</w> <w n="511">knew</w> <w n="512">neither</w> <w n="513">how</w> <w n="514">to</w> <w n="515">give</w> <w n="516">nor</w> <w n="517">how</w> <w n="518">to
</w>                        <w n="542">refuse</w> <w n="543">:</w> <w n="544">for</w> <w n="545">he</w> <w n="546">was</w> <w n="547">well</w> <w n="548">assured</w> <w n="549">that</w> <w n="550">Cambyses</w> <w n="551">did</w> <w n="552">not</w> <w n="553">intend</w> <w n="554">to</w> <w n="555">have</w> <w n="556">her</w> <w n="557">as
</w>                        <w n="581">his</w> <w n="582">wife</w> <w n="583">but</w> <w n="584">as</w> <w n="585">a</w> <w n="586">concubine</w> <w n="587">.</w> <w n="588">So</w> <w n="589">making</w> <w n="590">account</w> <w n="591">of</w> <w n="592">the</w> <w n="593">matter</w> <w n="594">thus</w> <w n="595">,</w> <w n="596">he</w> <w n="597">did</w> <w n="598">as
</w>                        <w n="622">follows</w> <w n="623">:</w> <w n="624">â€”</w> <w n="625">there</w> <w n="626">was</w> <w n="627">a</w> <w n="628">daughter</w> <w n="629">of</w> <w n="630">Apries</w> <w n="631">the</w> <w n="632">former</w> <w n="633">king</w> <w n="634">,</w> <w n="635">very</w> <w n="636">tall</w> <w n="637">and
</w>                        <w n="661">comely</w> <w n="662">of</w> <w n="663">form</w> <w n="664">and</w> <w n="665">the</w> <w n="666">only</w> <w n="667">person</w> <w n="668">left</w> <w n="669">of</w> <w n="670">his</w> <w n="671">house</w> <w n="672">,</w> <w n="673">and</w> <w n="674">her</w> <w n="675">name</w> <w n="676">was
</w>                        <w n="700">Nitetis</w> <w n="701">.</w> <w n="702">This</w> <w n="703">girl</w> <w n="704">Amasis</w> <w n="705">adorned</w> <w n="706">with</w> <w n="707">raiment</w> <w n="708">and</w> <w n="709">with</w> <w n="710">gold</w> <w n="711">,</w> <w n="712">and</w> <w n="713">sent</w> <w n="714">her
</w>                        <w n="738">away</w> <w n="739">to</w> <w n="740">Persia</w> <w n="741">as</w> <w n="742">his</w> <w n="743">own</w> <w n="744">daughter</w> <w n="745">:</w> <w n="746">but</w> <w n="747">after</w> <w n="748">a</w> <w n="749">time</w> <w n="750">,</w> <w n="751">when</w> <w n="752">Cambyses</w> <w n="753">saluted
</w>                        <w n="777">her</w> <w n="778">calling</w> <w n="779">her</w> <w n="780">by</w> <w n="781">the</w> <w n="782">name</w> <w n="783">of</w> <w n="784">her</w> <w n="785">father</w> <w n="786">,</w> <w n="787">the</w> <w n="788">girl</w> <w n="789">said</w> <w n="790">to</w> <w n="791">him</w> <w n="792">:</w> <w n="793">"O</w> <w n="794">king</w> <w n="795">,
</w>                        <w n="819">thou</w> <w n="820">dost</w> <w n="821">not</w> <w n="822">perceive</w> <w n="823">how</w> <w n="824">thou</w> <w n="825">hast</w> <w n="826">been</w> <w n="827">deceived</w> <w n="828">by</w> <w n="829">Amasis</w> <w n="830">;</w> <w n="831">for</w> <w n="832">he</w> <w n="833">adorned
</w>                        <w n="857">me</w> <w n="858">with</w> <w n="859">ornaments</w> <w n="860">and</w> <w n="861">sent</w> <w n="862">me</w> <w n="863">away</w> <w n="864">giving</w> <w n="865">me</w> <w n="866">to</w> <w n="867">thee</w> <w n="868">as</w> <w n="869">his</w> <w n="870">own</w> <w n="871">daughter</w> <w n="872">,
</w>                        <w n="896">whereas</w> <w n="897">in</w> <w n="898">truth</w> <w n="899">I</w> <w n="900">am</w> <w n="901">the</w> <w n="902">daughter</w> <w n="903">of</w> <w n="904">Apries</w> <w n="905">against</w> <w n="906">whom</w> <w n="907">Amasis</w> <w n="908">rose</w> <w n="909">up
</w>                        <w n="933">with</w> <w n="934">the</w> <w n="935">Egyptians</w> <w n="936">and</w> <w n="937">murdered</w> <w n="938">him</w> <w n="939">,</w> <w n="940">who</w> <w n="941">was</w> <w n="942">his</w> <w n="943">lord</w> <w n="944">and</w> <w n="945">master</w> <w n="946">."</w> <w n="947">These
</w>                        <w n="971">words</w> <w n="972">uttered</w> <w n="973">and</w> <w n="974">this</w> <w n="975">occasion</w> <w n="976">having</w> <w n="977">arisen</w> <w n="978">,</w> <w n="979">led</w> <w n="980">Cambyses</w> <w n="981">the</w> <w n="982">son</w> <w n="983">of</w> <w n="984">Cyrus
</w>                        <w n="1008">against</w> <w n="1009">Egypt</w> <w n="1010">,</w> <w n="1011">moved</w> <w n="1012">to</w> <w n="1013">very</w> <w n="1014">great</w> <w n="1015">anger</w> <w n="1016">.</w> </p> 
                 </div> 
                 <div type="chapter" n="2"   > 
                     <p><w n="1">Such</w> <w n="2">is</w> <w n="3">the</w> <w n="4">report</w> <w n="5">made</w> <w n="6">by</w> <w n="7">the</w> <w n="8">Persians</w> <w n="9">;</w> <w n="10">but</w> <w n="11">as</w> <w n="12">for</w> <w n="13">the</w> <w n="14">Egyptians</w> <w n="15">they</w> <w n="16">claim
</w>                        <w n="40">Cambyses</w> <w n="41">as</w> <w n="42">one</w> <w n="43">of</w> <w n="44">themselves</w> <w n="45">,</w> <w n="46">saying</w> <w n="47">that</w> <w n="48">he</w> <w n="49">was</w> <w n="50">born</w> <w n="51">of</w> <w n="52">this</w> <w n="53">very</w> <w n="54">daughter
</w>                        <w n="78">of</w> <w n="79">Apries</w> <w n="80">;</w> <w n="81">for</w> <w n="82">they</w> <w n="83">say</w> <w n="84">that</w> <w n="85">Cyrus</w> <w n="86">was</w> <w n="87">he</w> <w n="88">who</w> <w n="89">sent</w> <w n="90">to</w> <w n="91">Amasis</w> <w n="92">for</w> <w n="93">his
</w>                        <w n="117">daughter</w> <w n="118">,</w> <w n="119">and</w> <w n="120">not</w> <w n="121">Cambyses</w> <w n="122">.</w> <w n="123">In</w> <w n="124">saying</w> <w n="125">this</w> <w n="126">however</w> <w n="127">they</w> <w n="128">say</w> <w n="129">not</w> <w n="130">rightly</w> <w n="131">;</w> <w n="132">nor
</w>                        <w n="156">can</w> <w n="157">they</w> <w n="158">have</w> <w n="159">failed</w> <w n="160">to</w> <w n="161">observe</w>  <w n="163">(for</w> <w n="164">the</w> <w n="165">Egyptians</w> <w n="166">fully</w> <w n="167">as</w> <w n="168">well</w> <w n="169">as</w> <w n="170">any
</w>                        <w n="194">other</w> <w n="195">people</w> <w n="196">are</w> <w n="197">acquainted</w> <w n="198">with</w> <w n="199">the</w> <w n="200">laws</w> <w n="201">and</w> <w n="202">customs</w> <w n="203">of</w> <w n="204">the</w> <w n="205">Persians</w> <w n="206">)</w> <w n="207">,
</w>                        <w n="231">first</w> <w n="232">that</w> <w n="233">it</w> <w n="234">is</w> <w n="235">not</w> <w n="236">customary</w> <w n="237">among</w> <w n="238">them</w> <w n="239">for</w> <w n="240">a</w> <w n="241">bastard</w> <w n="242">to</w> <w n="243">become</w> <w n="244">king</w> <w n="245">,</w> <w n="246">when
</w>                        <w n="270">there</w> <w n="271">is</w> <w n="272">a</w> <w n="273">son</w> <w n="274">born</w> <w n="275">of</w> <w n="276">a</w> <w n="277">true</w> <w n="278">marriage</w> <w n="279">,</w> <w n="280">and</w> <w n="281">secondly</w> <w n="282">that</w> <w n="283">Cambyses</w> <w n="284">was</w> <w n="285">the
</w>                        <w n="309">son</w> <w n="310">of</w> <w n="311">Cassandane</w> <w n="312">the</w> <w n="313">daughter</w> <w n="314">of</w> <w n="315">Pharnaspes</w> <w n="316">,</w> <w n="317">a</w> <w n="318">man</w> <w n="319">of</w> <w n="320">the</w> <w n="321">Achaimenid
</w>                        <w n="345">family</w> <w n="346">,</w> <w n="347">and</w> <w n="348">not</w> <w n="349">the</w> <w n="350">son</w> <w n="351">of</w> <w n="352">the</w> <w n="353">Egyptian</w> <w n="354">woman</w> <w n="355">:</w> <w n="356">but</w> <w n="357">they</w> <w n="358">pervert</w> <w n="359">the</w> <w n="360">truth</w> <w n="361">of
</w>                        <w n="385">history</w> <w n="386">,</w> <w n="387">claiming</w> <w n="388">to</w> <w n="389">be</w> <w n="390">kindred</w> <w n="391">with</w> <w n="392">the</w> <w n="393">house</w> <w n="394">of</w> <w n="395">Cyrus</w> <w n="396">.</w> <w n="397">Thus</w> <w n="398">it</w> <w n="399">is</w> <w n="400">with
</w>                        <w n="424">these</w> <w n="425">matters</w> <w n="426">;</w> </p> 
                 </div> 
                 <div type="chapter" n="3"   > 
                     <p> <w n="2">and</w> <w n="3">the</w> <w n="4">following</w> <w n="5">story</w> <w n="6">is</w> <w n="7">also</w> <w n="8">told</w> <w n="9">,</w> <w n="10">which</w> <w n="11">for</w> <w n="12">my</w> <w n="13">part</w> <w n="14">I</w> <w n="15">do</w> <w n="16">not</w> <w n="17">believe</w> <w n="18">,
</w>                        <w n="42">namely</w> <w n="43">that</w> <w n="44">one</w> <w n="45">of</w> <w n="46">the</w> <w n="47">Persian</w> <w n="48">women</w> <w n="49">came</w> <w n="50">in</w> <w n="51">to</w> <w n="52">the</w> <w n="53">wives</w> <w n="54">of</w> <w n="55">Cyrus</w> <w n="56">,</w> <w n="57">and</w> <w n="58">when
</w>                        <w n="82">she</w> <w n="83">saw</w> <w n="84">standing</w> <w n="85">by</w> <w n="86">the</w> <w n="87">side</w> <w n="88">of</w> <w n="89">Cassandane</w> <w n="90">children</w> <w n="91">comely</w> <w n="92">of</w> <w n="93">form</w> <w n="94">and</w> <w n="95">tall</w> <w n="96">,
</w>                        <w n="120">she</w> <w n="121">was</w> <w n="122">loud</w> <w n="123">in</w> <w n="124">her</w> <w n="125">praises</w> <w n="126">of</w> <w n="127">them</w> <w n="128">,</w> <w n="129">expressing</w> <w n="130">great</w> <w n="131">admiration</w> <w n="132">;</w> <w n="133">and
</w>                        <w n="157">Cassandane</w> <w n="158">,</w> <w n="159">who</w> <w n="160">was</w> <w n="161">the</w> <w n="162">wife</w> <w n="163">of</w> <w n="164">Cyrus</w> <w n="165">,</w> <w n="166">spoke</w> <w n="167">as</w> <w n="168">follows</w> <w n="169">:</w> <w n="170">"Nevertheless</w> <w n="171">,
</w>                        <w n="195">though</w> <w n="196">I</w> <w n="197">am</w> <w n="198">the</w> <w n="199">mother</w> <w n="200">of</w> <w n="201">such</w> <w n="202">children</w> <w n="203">of</w> <w n="204">these</w> <w n="205">,</w> <w n="206">Cyrus</w> <w n="207">treats</w> <w n="208">me</w> <w n="209">with
</w>                        <w n="233">dishonour</w> <w n="234">and</w> <w n="235">holds</w> <w n="236">in</w> <w n="237">honour</w> <w n="238">her</w> <w n="239">whom</w> <w n="240">he</w> <w n="241">has</w> <w n="242">brought</w> <w n="243">in</w> <w n="244">from</w> <w n="245">Egypt</w> <w n="246">."</w> <w n="247">Thus
</w>                        <w n="271">she</w> <w n="272">spoke</w> <w n="273">,</w> <w n="274">they</w> <w n="275">say</w> <w n="276">,</w> <w n="277">being</w> <w n="278">vexed</w> <w n="279">by</w> <w n="280">Nitetis</w> <w n="281">,</w> <w n="282">and</w> <w n="283">upon</w> <w n="284">that</w> <w n="285">Cambyses</w> <w n="286">the
</w>                        <w n="310">elder</w> <w n="311">of</w> <w n="312">her</w> <w n="313">sons</w> <w n="314">said</w> <w n="315">:</w> <w n="316">"For</w> <w n="317">this</w> <w n="318">cause</w> <w n="319">,</w> <w n="320">mother</w> <w n="321">,</w> <w n="322">when</w> <w n="323">I</w> <w n="324">am</w> <w n="325">grown</w> <w n="326">to</w> <w n="327">be</w> <w n="328">a
</w>                        <w n="352">man</w> <w n="353">,</w> <w n="354">I</w> <w n="355">will</w> <w n="356">make</w> <w n="357">that</w> <w n="358">which</w> <w n="359">is</w> <w n="360">above</w> <w n="361">in</w> <w n="362">Egypt</w> <w n="363">to</w> <w n="364">be</w> <w n="365">below</w> <w n="366">,</w> <w n="367">and</w> <w n="368">that</w> <w n="369">which</w> <w n="370">is
</w>                        <w n="394">below</w> <w n="395">above</w> <w n="396">."</w> <w n="397">This</w> <w n="398">he</w> <w n="399">is</w> <w n="400">reported</w> <w n="401">to</w> <w n="402">have</w> <w n="403">said</w> <w n="404">when</w> <w n="405">he</w> <w n="406">was</w> <w n="407">perhaps</w> <w n="408">about</w> <w n="409">ten
</w>                        <w n="433">years</w> <w n="434">old</w> <w n="435">,</w> <w n="436">and</w> <w n="437">the</w> <w n="438">women</w> <w n="439">were</w> <w n="440">astonished</w> <w n="441">by</w> <w n="442">it</w> <w n="443">:</w> <w n="444">and</w> <w n="445">he</w> <w n="446">,</w> <w n="447">they</w> <w n="448">say</w> <w n="449">,</w> <w n="450">kept</w> <w n="451">it
</w>                        <w n="475">ever</w> <w n="476">in</w> <w n="477">mind</w> <w n="478">,</w> <w n="479">and</w> <w n="480">so</w> <w n="481">at</w> <w n="482">last</w> <w n="483">when</w> <w n="484">he</w> <w n="485">had</w> <w n="486">become</w> <w n="487">a</w> <w n="488">man</w> <w n="489">and</w> <w n="490">had</w> <w n="491">obtained</w> <w n="492">the
</w>                        <w n="516">royal</w> <w n="517">power</w> <w n="518">,</w> <w n="519">he</w> <w n="520">made</w> <w n="521">the</w> <w n="522">expedition</w> <w n="523">against</w> <w n="524">Egypt</w> <w n="525">.</w> </p> 
                 </div> 
                 <div type="chapter" n="4"   > 
                     <p><w n="1">Another</w> <w n="2">thing</w> <w n="3">also</w> <w n="4">contributed</w> <w n="5">to</w> <w n="6">this</w> <w n="7">expedition</w> <w n="8">,</w> <w n="9">which</w> <w n="10">was</w> <w n="11">as
</w>                        <w n="35">follows</w> <w n="36">:</w> <w n="37">â€”</w> <w n="38">There</w> <w n="39">was</w> <w n="40">among</w> <w n="41">the</w> <w n="42">foreign</w> <w n="43">mercenaries</w> <w n="44">of</w> <w n="45">Amasis</w> <w n="46">a</w> <w n="47">man</w> <w n="48">who</w> <w n="49">was</w> <w n="50">by
</w>                        <w n="74">race</w> <w n="75">of</w> <w n="76">Halicarnassos</w> <w n="77">,</w> <w n="78">and</w> <w n="79">his</w> <w n="80">name</w> <w n="81">was</w> <w n="82">Phanes</w> <w n="83">,</w> <w n="84">one</w> <w n="85">who</w> <w n="86">was</w> <w n="87">both</w> <w n="88">capable</w> <w n="89">in
</w>                        <w n="113">judgment</w> <w n="114">and</w> <w n="115">valiant</w> <w n="116">in</w> <w n="117">that</w> <w n="118">which</w> <w n="119">pertained</w> <w n="120">to</w> <w n="121">war</w> <w n="122">.</w> <w n="123">This</w> <w n="124">Phanes</w> <w n="125">,</w> <w n="126">having</w>  <w n="128">(as
</w>                        <w n="152">we</w> <w n="153">may</w> <w n="154">suppose</w> <w n="155">)</w> <w n="156">some</w> <w n="157">quarrel</w> <w n="158">with</w> <w n="159">Amasis</w> <w n="160">,</w> <w n="161">fled</w> <w n="162">away</w> <w n="163">from</w> <w n="164">Egypt</w> <w n="165">in</w> <w n="166">a</w> <w n="167">ship</w> <w n="168">,
</w>                        <w n="192">desiring</w> <w n="193">to</w> <w n="194">come</w> <w n="195">to</w> <w n="196">speech</w> <w n="197">with</w> <w n="198">Cambyses</w> <w n="199">:</w> <w n="200">and</w> <w n="201">as</w> <w n="202">he</w> <w n="203">was</w> <w n="204">of</w> <w n="205">no</w> <w n="206">small</w> <w n="207">repute
</w>                        <w n="231">among</w> <w n="232">the</w> <w n="233">mercenaries</w> <w n="234">and</w> <w n="235">was</w> <w n="236">very</w> <w n="237">closely</w> <w n="238">acquainted</w> <w n="239">with</w> <w n="240">all</w> <w n="241">the</w> <w n="242">affairs
</w>                        <w n="266">of</w> <w n="267">Egypt</w> <w n="268">,</w> <w n="269">Amasis</w> <w n="270">pursued</w> <w n="271">him</w> <w n="272">and</w> <w n="273">considered</w> <w n="274">it</w> <w n="275">a</w> <w n="276">matter</w> <w n="277">of</w> <w n="278">some</w> <w n="279">moment</w> <w n="280">to
</w>                        <w n="304">capture</w> <w n="305">him</w> <w n="306">:</w> <w n="307">and</w> <w n="308">he</w> <w n="309">pursued</w> <w n="310">by</w> <w n="311">sending</w> <w n="312">after</w> <w n="313">him</w> <w n="314">the</w> <w n="315">most</w> <w n="316">trusted</w> <w n="317">of</w> <w n="318">his
</w>                        <w n="342">eunuchs</w> <w n="343">with</w> <w n="344">a</w> <w n="345">trireme</w> <w n="346">,</w> <w n="347">who</w> <w n="348">captured</w> <w n="349">him</w> <w n="350">in</w> <w n="351">Lykia</w> <w n="352">;</w> <w n="353">but</w> <w n="354">having</w> <w n="355">captured</w> <w n="356">him
</w>                        <w n="380">he</w> <w n="381">did</w> <w n="382">not</w> <w n="383">bring</w> <w n="384">him</w> <w n="385">back</w> <w n="386">to</w> <w n="387">Egypt</w> <w n="388">,</w> <w n="389">since</w> <w n="390">Phanes</w> <w n="391">got</w> <w n="392">the</w> <w n="393">better</w> <w n="394">of</w> <w n="395">him</w> <w n="396">by
</w>                        <w n="420">cunning</w> <w n="421">;</w> <w n="422">for</w> <w n="423">he</w> <w n="424">made</w> <w n="425">his</w> <w n="426">guards</w> <w n="427">drunk</w> <w n="428">and</w> <w n="429">escaped</w> <w n="430">to</w> <w n="431">Persia</w> <w n="432">.</w> <w n="433">So</w> <w n="434">when
</w>                        <w n="458">Cambyses</w> <w n="459">had</w> <w n="460">made</w> <w n="461">his</w> <w n="462">resolve</w> <w n="463">to</w> <w n="464">march</w> <w n="465">upon</w> <w n="466">Egypt</w> <w n="467">,</w> <w n="468">and</w> <w n="469">was</w> <w n="470">in</w> <w n="471">difficulty
</w>                        <w n="495">about</w> <w n="496">the</w> <w n="497">march</w> <w n="498">,</w> <w n="499">as</w> <w n="500">to</w> <w n="501">how</w> <w n="502">he</w> <w n="503">should</w> <w n="504">get</w> <w n="505">safely</w> <w n="506">through</w> <w n="507">the</w> <w n="508">waterless
</w>                        <w n="532">region</w> <w n="533">,</w> <w n="534">this</w> <w n="535">man</w> <w n="536">came</w> <w n="537">to</w> <w n="538">him</w> <w n="539">and</w> <w n="540">besides</w> <w n="541">informing</w> <w n="542">of</w> <w n="543">the</w> <w n="544">other</w> <w n="545">matters</w> <w n="546">of
</w>                        <w n="570">Amasis</w> <w n="571">,</w> <w n="572">he</w> <w n="573">instructed</w> <w n="574">him</w> <w n="575">also</w> <w n="576">as</w> <w n="577">to</w> <w n="578">the</w> <w n="579">march</w> <w n="580">,</w> <w n="581">advising</w> <w n="582">him</w> <w n="583">to</w> <w n="584">send</w> <w n="585">to</w> <w n="586">the
</w>                        <w n="610">king</w> <w n="611">of</w> <w n="612">the</w> <w n="613">Arabians</w> <w n="614">and</w> <w n="615">ask</w> <w n="616">that</w> <w n="617">he</w> <w n="618">would</w> <w n="619">give</w> <w n="620">him</w> <w n="621">safety</w> <w n="622">of</w> <w n="623">passage
</w>                        <w n="647">through</w> <w n="648">this</w> <w n="649">region</w> <w n="650">.</w> </p> 
                 </div> 
                 <div type="chapter" n="5"   > 
                     <p><w n="1">Now</w> <w n="2">by</w> <w n="3">this</w> <w n="4">way</w> <w n="5">only</w> <w n="6">is</w> <w n="7">there</w> <w n="8">a</w> <w n="9">known</w> <w n="10">entrance</w> <w n="11">to</w> <w n="12">Egypt</w> <w n="13">:</w> <w n="14">for</w> <w n="15">from</w> <w n="16">Phenicia</w> <w n="17">to
</w>                        <w n="41">the</w> <w n="42">borders</w> <w n="43">of</w> <w n="44">the</w> <w n="45">city</w> <w n="46">of</w> <w n="47">Cadytis</w> <w n="48">belongs</w> <w n="49">to</w> <w n="50">the</w> <w n="51">Syrians</w> <w n="52">who</w> <w n="53">are</w> <w n="54">called</w> <w n="55">of
</w>                        <w n="79">Palestine</w> <w n="80">,</w> <w n="81">and</w> <w n="82">from</w> <w n="83">Cadytis</w> <w n="84">,</w> <w n="85">which</w> <w n="86">is</w> <w n="87">a</w> <w n="88">city</w> <w n="89">I</w> <w n="90">suppose</w> <w n="91">not</w> <w n="92">much</w> <w n="93">less</w> <w n="94">than
</w>                        <w n="118">Sardis</w> <w n="119">,</w> <w n="120">from</w> <w n="121">this</w> <w n="122">city</w> <w n="123">the</w> <w n="124">trading</w> <w n="125">stations</w> <w n="126">on</w> <w n="127">the</w> <w n="128">sea-</w> <w n="129">coast</w> <w n="130">as</w> <w n="131">far</w> <w n="132">as</w> <w n="133">the
</w>                        <w n="157">city</w> <w n="158">of</w> <w n="159">Ienysos</w> <w n="160">belong</w> <w n="161">to</w> <w n="162">the</w> <w n="163">king</w> <w n="164">of</w> <w n="165">Arabia</w> <w n="166">,</w> <w n="167">and</w> <w n="168">then</w> <w n="169">from</w> <w n="170">Ienysos</w> <w n="171">again
</w>                        <w n="195">the</w> <w n="196">country</w> <w n="197">belongs</w> <w n="198">to</w> <w n="199">the</w> <w n="200">Syrians</w> <w n="201">as</w> <w n="202">far</w> <w n="203">as</w> <w n="204">the</w> <w n="205">Serbonian</w> <w n="206">lake</w> <w n="207">,</w> <w n="208">along</w> <w n="209">the
</w>                        <w n="233">side</w> <w n="234">of</w> <w n="235">which</w> <w n="236">Mount</w> <w n="237">Casion</w> <w n="238">extends</w> <w n="239">towards</w> <w n="240">the</w> <w n="241">Sea</w> <w n="242">.</w> <w n="243">After</w> <w n="244">that</w> <w n="245">,</w> <w n="246">from</w> <w n="247">the
</w>                        <w n="271">Serbonian</w> <w n="272">lake</w> <w n="273">,</w> <w n="274">in</w> <w n="275">which</w> <w n="276">the</w> <w n="277">story</w> <w n="278">goes</w> <w n="279">that</w> <w n="280">Typhon</w> <w n="281">is</w> <w n="282">concealed</w> <w n="283">,</w> <w n="284">from</w> <w n="285">this
</w>                        <w n="309">point</w> <w n="310">onwards</w> <w n="311">the</w> <w n="312">land</w> <w n="313">is</w> <w n="314">Egypt</w> <w n="315">.</w> <w n="316">Now</w> <w n="317">the</w> <w n="318">region</w> <w n="319">which</w> <w n="320">lies</w> <w n="321">between</w> <w n="322">the</w> <w n="323">city
</w>                        <w n="347">of</w> <w n="348">Ienysos</w> <w n="349">on</w> <w n="350">the</w> <w n="351">one</w> <w n="352">hand</w> <w n="353">and</w> <w n="354">Mount</w> <w n="355">Casion</w> <w n="356">and</w> <w n="357">the</w> <w n="358">Serbonian</w> <w n="359">lake</w> <w n="360">on</w> <w n="361">the
</w>                        <w n="385">other</w> <w n="386">,</w> <w n="387">which</w> <w n="388">is</w> <w n="389">of</w> <w n="390">no</w> <w n="391">small</w> <w n="392">extent</w> <w n="393">but</w> <w n="394">as</w> <w n="395">much</w> <w n="396">as</w> <w n="397">a</w> <w n="398">three</w> <w n="399">days'</w> <w n="400">journey</w> <w n="401">,</w> <w n="402">is
</w>                        <w n="426">grievously</w> <w n="427">destitute</w> <w n="428">of</w> <w n="429">water</w> <w n="430">.</w> </p> 
                 </div> 
                 <div type="chapter" n="6"   > 
                     <p><w n="1">And</w> <w n="2">one</w> <w n="3">thing</w> <w n="4">I</w> <w n="5">shall</w> <w n="6">tell</w> <w n="7">of</w> <w n="8">,</w> <w n="9">which</w> <w n="10">few</w> <w n="11">of</w> <w n="12">those</w> <w n="13">who</w> <w n="14">go</w> <w n="15">in</w> <w n="16">ships</w> <w n="17">to</w> <w n="18">Egypt
</w>                        <w n="42">have</w> <w n="43">observed</w> <w n="44">,</w> <w n="45">and</w> <w n="46">it</w> <w n="47">is</w> <w n="48">this</w> <w n="49">:</w> <w n="50">â€”</w>  <w n="52">into</w> <w n="53">Egypt</w> <w n="54">from</w> <w n="55">all</w> <w n="56">parts</w> <w n="57">of</w> <w n="58">Hellas</w> <w n="59">and
</w>                        <w n="83">also</w> <w n="84">from</w> <w n="85">Phenicia</w> <w n="86">are</w> <w n="87">brought</w> <w n="88">twice</w> <w n="89">every</w> <w n="90">year</w> <w n="91">earthenware</w> <w n="92">jars</w> <w n="93">full</w> <w n="94">of
</w>                        <w n="118">wine</w> <w n="119">,</w> <w n="120">and</w> <w n="121">yet</w> <w n="122">it</w> <w n="123">may</w> <w n="124">almost</w> <w n="125">be</w> <w n="126">said</w> <w n="127">that</w> <w n="128">you</w> <w n="129">cannot</w> <w n="130">see</w> <w n="131">there</w> <w n="132">one</w> <w n="133">single
</w>                        <w n="157">empty</w> <w n="158">wine-jar</w> <w n="159">.</w> <w n="160">In</w> <w n="161">what</w> <w n="162">manner</w> <w n="163">,</w> <w n="164">then</w> <w n="165">,</w> <w n="166">it</w> <w n="167">will</w> <w n="168">be</w> <w n="169">asked</w> <w n="170">,</w> <w n="171">are</w> <w n="172">they</w> <w n="173">used</w> <w n="174">up</w> <w n="175">?
</w>                        <w n="199">This</w> <w n="200">also</w> <w n="201">I</w> <w n="202">will</w> <w n="203">tell</w> <w n="204">.</w> <w n="205">The</w> <w n="206">head-man</w> <w n="207">of</w> <w n="208">each</w> <w n="209">place</w> <w n="210">must</w> <w n="211">collect</w> <w n="212">all</w> <w n="213">the
</w>                        <w n="237">earthenware</w> <w n="238">jars</w> <w n="239">from</w> <w n="240">his</w> <w n="241">own</w> <w n="242">town</w> <w n="243">and</w> <w n="244">convey</w> <w n="245">them</w> <w n="246">to</w> <w n="247">Memphis</w> <w n="248">,</w> <w n="249">and</w> <w n="250">those</w> <w n="251">at
</w>                        <w n="275">Memphis</w> <w n="276">must</w> <w n="277">fill</w> <w n="278">them</w> <w n="279">with</w> <w n="280">water</w> <w n="281">and</w> <w n="282">convey</w> <w n="283">them</w> <w n="284">to</w> <w n="285">these</w> <w n="286">same</w> <w n="287">waterless
</w>                        <w n="311">regions</w> <w n="312">of</w> <w n="313">Syria</w> <w n="314">:</w> <w n="315">this</w> <w n="316">the</w> <w n="317">jars</w> <w n="318">which</w> <w n="319">come</w> <w n="320">regularly</w> <w n="321">to</w> <w n="322">Egypt</w> <w n="323">and</w> <w n="324">are
</w>                        <w n="348">emptied</w> <w n="349">there</w> <w n="350">,</w> <w n="351">are</w> <w n="352">carried</w> <w n="353">to</w> <w n="354">Syria</w> <w n="355">to</w> <w n="356">be</w> <w n="357">added</w> <w n="358">to</w> <w n="359">that</w> <w n="360">which</w> <w n="361">has</w> <w n="362">come
</w>                        <w n="386">before</w> <w n="387">.</w> <w n="388">It</w> <w n="389">was</w> <w n="390">the</w> <w n="391">Persians</w> <w n="392">who</w> <w n="393">thus</w> <w n="394">prepared</w> <w n="395">this</w> <w n="396">approach</w> <w n="397">to</w> <w n="398">Egypt</w> <w n="399">,
</w>                        <w n="423">furnishing</w> <w n="424">it</w> <w n="425">with</w> <w n="426">water</w> <w n="427">in</w> <w n="428">the</w> <w n="429">manner</w> <w n="430">which</w> <w n="431">has</w> <w n="432">been</w> <w n="433">said</w> <w n="434">,</w> <w n="435">from</w> <w n="436">the</w> <w n="437">time
</w>                        <w n="461">when</w> <w n="462">they</w> <w n="463">first</w> <w n="464">took</w> <w n="465">possession</w> <w n="466">of</w> <w n="467">Egypt</w> <w n="468">:</w> <w n="469">but</w> <w n="470">at</w> <w n="471">the</w> <w n="472">time</w> <w n="473">of</w> <w n="474">which</w> <w n="475">I</w> <w n="476">speak</w> <w n="477">,
</w>                        <w n="501">seeing</w> <w n="502">that</w> <w n="503">water</w> <w n="504">was</w> <w n="505">not</w> <w n="506">yet</w> <w n="507">provided</w> <w n="508">,</w> <w n="509">Cambyses</w> <w n="510">,</w> <w n="511">in</w> <w n="512">accordance</w> <w n="513">with</w> <w n="514">what</w> <w n="515">he
</w>                        <w n="539">was</w> <w n="540">told</w> <w n="541">by</w> <w n="542">his</w> <w n="543">Halicarnassian</w> <w n="544">guest</w> <w n="545">,</w> <w n="546">sent</w> <w n="547">envoys</w> <w n="548">to</w> <w n="549">the</w> <w n="550">Arabian</w> <w n="551">king</w> <w n="552">and
</w>                        <w n="576">from</w> <w n="577">him</w> <w n="578">asked</w> <w n="579">and</w> <w n="580">obtained</w> <w n="581">the</w> <w n="582">safe</w> <w n="583">passage</w> <w n="584">,</w> <w n="585">having</w> <w n="586">given</w> <w n="587">him</w> <w n="588">pledges</w> <w n="589">of
</w>                        <w n="613">friendship</w> <w n="614">and</w> <w n="615">received</w> <w n="616">them</w> <w n="617">from</w> <w n="618">him</w> <w n="619">in</w> <w n="620">return</w> <w n="621">.</w> </p> 
                 </div> 
                 <div type="chapter" n="8"   > 
                     <p><w n="1">Now</w> <w n="2">the</w> <w n="3">Arabians</w> <w n="4">have</w> <w n="5">respect</w> <w n="6">for</w> <w n="7">pledges</w> <w n="8">of</w> <w n="9">friendship</w> <w n="10">as</w> <w n="11">much</w> <w n="12">as</w> <w n="13">those</w> <w n="14">men
</w>                        <w n="38">in</w> <w n="39">all</w> <w n="40">the</w> <w n="41">world</w> <w n="42">who</w> <w n="43">regard</w> <w n="44">them</w> <w n="45">most</w> <w n="46">;</w> <w n="47">and</w> <w n="48">they</w> <w n="49">give</w> <w n="50">them</w> <w n="51">in</w> <w n="52">the</w> <w n="53">following
</w>                        <w n="77">manner</w> <w n="78">:</w> <w n="79">â€”</w> <w n="80">A</w> <w n="81">man</w> <w n="82">different</w> <w n="83">from</w> <w n="84">those</w> <w n="85">who</w> <w n="86">desire</w> <w n="87">to</w> <w n="88">give</w> <w n="89">the</w> <w n="90">pledges</w> <w n="91">to</w> <w n="92">one
</w>                        <w n="116">another</w> <w n="117">,</w> <w n="118">standing</w> <w n="119">in</w> <w n="120">the</w> <w n="121">midst</w> <w n="122">between</w> <w n="123">the</w> <w n="124">two</w> <w n="125">,</w> <w n="126">cuts</w> <w n="127">with</w> <w n="128">a</w> <w n="129">sharp</w> <w n="130">stone</w> <w n="131">the
</w>                        <w n="155">inner</w> <w n="156">parts</w> <w n="157">of</w> <w n="158">the</w> <w n="159">hands</w> <w n="160">,</w> <w n="161">along</w> <w n="162">by</w> <w n="163">the</w> <w n="164">thumbs</w> <w n="165">,</w> <w n="166">of</w> <w n="167">those</w> <w n="168">who</w> <w n="169">are</w> <w n="170">giving</w> <w n="171">the
</w>                        <w n="195">pledges</w> <w n="196">to</w> <w n="197">one</w> <w n="198">another</w> <w n="199">,</w> <w n="200">and</w> <w n="201">then</w> <w n="202">he</w> <w n="203">takes</w> <w n="204">a</w> <w n="205">thread</w> <w n="206">from</w> <w n="207">the</w> <w n="208">cloak</w> <w n="209">of</w> <w n="210">each
</w>                        <w n="234">one</w> <w n="235">and</w> <w n="236">smears</w> <w n="237">with</w> <w n="238">the</w> <w n="239">blood</w> <w n="240">seven</w> <w n="241">stones</w> <w n="242">laid</w> <w n="243">in</w> <w n="244">the</w> <w n="245">midst</w> <w n="246">between</w> <w n="247">them</w> <w n="248">;
</w>                        <w n="272">and</w> <w n="273">as</w> <w n="274">he</w> <w n="275">does</w> <w n="276">this</w> <w n="277">he</w> <w n="278">calls</w> <w n="279">upon</w> <w n="280">Dionysos</w> <w n="281">and</w> <w n="282">Urania</w> <w n="283">.</w> <w n="284">When</w> <w n="285">the</w> <w n="286">man</w> <w n="287">has
</w>                        <w n="311">completed</w> <w n="312">these</w> <w n="313">ceremonies</w> <w n="314">,</w> <w n="315">he</w> <w n="316">who</w> <w n="317">has</w> <w n="318">given</w> <w n="319">the</w> <w n="320">pledges</w> <w n="321">commends</w> <w n="322">to</w> <w n="323">the
</w>                        <w n="347">care</w> <w n="348">of</w> <w n="349">his</w> <w n="350">friends</w> <w n="351">the</w> <w n="352">stranger</w>  <w n="354">(or</w> <w n="355">the</w> <w n="356">fellow-tribesman</w> <w n="357">,</w> <w n="358">if</w> <w n="359">he</w> <w n="360">is</w> <w n="361">giving
</w>                        <w n="385">the</w> <w n="386">pledges</w> <w n="387">to</w> <w n="388">one</w> <w n="389">who</w> <w n="390">is</w> <w n="391">a</w> <w n="392">member</w> <w n="393">of</w> <w n="394">his</w> <w n="395">tribe</w> <w n="396">)</w> <w n="397">,</w> <w n="398">and</w> <w n="399">the</w> <w n="400">friends</w> <w n="401">think</w> <w n="402">it
</w>                        <w n="426">right</w> <w n="427">that</w> <w n="428">they</w> <w n="429">also</w> <w n="430">should</w> <w n="431">have</w> <w n="432">regard</w> <w n="433">for</w> <w n="434">the</w> <w n="435">pledges</w> <w n="436">given</w> <w n="437">.</w> <w n="438">Of</w> <w n="439">gods</w> <w n="440">they
</w>                        <w n="464">believe</w> <w n="465">in</w> <w n="466">Dionysos</w> <w n="467">and</w> <w n="468">Urania</w> <w n="469">alone</w> <w n="470">:</w> <w n="471">moreover</w> <w n="472">they</w> <w n="473">say</w> <w n="474">that</w> <w n="475">the</w> <w n="476">cutting</w> <w n="477">of
</w>                        <w n="501">their</w> <w n="502">hair</w> <w n="503">is</w> <w n="504">done</w> <w n="505">after</w> <w n="506">the</w> <w n="507">same</w> <w n="508">fashion</w> <w n="509">as</w> <w n="510">that</w> <w n="511">of</w> <w n="512">Dionysos</w> <w n="513">himself</w> <w n="514">;</w> <w n="515">and
</w>                        <w n="539">they</w> <w n="540">cut</w> <w n="541">their</w> <w n="542">hair</w> <w n="543">in</w> <w n="544">a</w> <w n="545">circle</w> <w n="546">round</w> <w n="547">,</w> <w n="548">shaving</w> <w n="549">away</w> <w n="550">the</w> <w n="551">hair</w> <w n="552">of</w> <w n="553">the</w> <w n="554">temples</w> <w n="555">.
</w>                        <w n="579">Now</w> <w n="580">they</w> <w n="581">call</w> <w n="582">Dionysos</w> <w n="583">Orotalt</w> <w n="584">and</w> <w n="585">Urania</w> <w n="586">they</w> <w n="587">call</w> <w n="588">Alilat</w> <w n="589">.</w> </p> 
                 </div> 
                 <div type="chapter" n="9"   > 
                     <p><w n="1">So</w> <w n="2">then</w> <w n="3">when</w> <w n="4">the</w> <w n="5">Arabian</w> <w n="6">king</w> <w n="7">had</w> <w n="8">given</w> <w n="9">the</w> <w n="10">pledge</w> <w n="11">of</w> <w n="12">friendship</w> <w n="13">to</w> <w n="14">the</w> <w n="15">men
</w>                        <w n="39">who</w> <w n="40">had</w> <w n="41">come</w> <w n="42">to</w> <w n="43">him</w> <w n="44">from</w> <w n="45">Cambyses</w> <w n="46">,</w> <w n="47">he</w> <w n="48">contrived</w> <w n="49">as</w> <w n="50">follows</w> <w n="51">:</w> <w n="52">â€”</w>  <w n="54">he</w> <w n="55">took</w> <w n="56">skins
</w>                        <w n="80">of</w> <w n="81">camels</w> <w n="82">and</w> <w n="83">filled</w> <w n="84">them</w> <w n="85">with</w> <w n="86">water</w> <w n="87">and</w> <w n="88">loaded</w> <w n="89">them</w> <w n="90">upon</w> <w n="91">the</w> <w n="92">backs</w> <w n="93">of</w> <w n="94">all
</w>                        <w n="118">the</w> <w n="119">living</w> <w n="120">camels</w> <w n="121">that</w> <w n="122">he</w> <w n="123">had</w> <w n="124">;</w> <w n="125">and</w> <w n="126">having</w> <w n="127">so</w> <w n="128">done</w> <w n="129">he</w> <w n="130">drove</w> <w n="131">them</w> <w n="132">to</w> <w n="133">the
</w>                        <w n="157">waterless</w> <w n="158">region</w> <w n="159">and</w> <w n="160">there</w> <w n="161">awaited</w> <w n="162">the</w> <w n="163">army</w> <w n="164">of</w> <w n="165">Cambyses</w> <w n="166">.</w> <w n="167">This</w> <w n="168">which</w> <w n="169">has</w> <w n="170">been
</w>                        <w n="194">related</w> <w n="195">is</w> <w n="196">the</w> <w n="197">more</w> <w n="198">credible</w> <w n="199">of</w> <w n="200">the</w> <w n="201">accounts</w> <w n="202">given</w> <w n="203">,</w> <w n="204">but</w> <w n="205">the</w> <w n="206">less</w> <w n="207">credible
</w>                        <w n="231">must</w> <w n="232">also</w> <w n="233">be</w> <w n="234">related</w> <w n="235">,</w> <w n="236">since</w> <w n="237">it</w> <w n="238">is</w> <w n="239">a</w> <w n="240">current</w> <w n="241">account</w> <w n="242">.</w> <w n="243">There</w> <w n="244">is</w> <w n="245">a</w> <w n="246">great</w> <w n="247">river
</w>                        <w n="271">in</w> <w n="272">Arabia</w> <w n="273">called</w> <w n="274">Corys</w> <w n="275">,</w> <w n="276">and</w> <w n="277">this</w> <w n="278">runs</w> <w n="279">out</w> <w n="280">into</w> <w n="281">the</w> <w n="282">Sea</w> <w n="283">which</w> <w n="284">is</w> <w n="285">called
</w>                        <w n="309">Erythraian</w> <w n="310">.</w> <w n="311">From</w> <w n="312">this</w> <w n="313">river</w> <w n="314">then</w> <w n="315">it</w> <w n="316">is</w> <w n="317">said</w> <w n="318">that</w> <w n="319">the</w> <w n="320">king</w> <w n="321">of</w> <w n="322">the</w> <w n="323">Arabians</w> <w n="324">,
</w>                        <w n="348">having</w> <w n="349">got</w> <w n="350">a</w> <w n="351">conduit</w> <w n="352">pipe</w> <w n="353">made</w> <w n="354">by</w> <w n="355">sewing</w> <w n="356">together</w> <w n="357">raw</w> <w n="358">ox-hides</w> <w n="359">and</w> <w n="360">other
</w>                        <w n="384">skins</w> <w n="385">,</w> <w n="386">of</w> <w n="387">such</w> <w n="388">a</w> <w n="389">length</w> <w n="390">as</w> <w n="391">to</w> <w n="392">reach</w> <w n="393">to</w> <w n="394">the</w> <w n="395">waterless</w> <w n="396">region</w> <w n="397">,</w> <w n="398">conducted</w> <w n="399">the
</w>                        <w n="423">water</w> <w n="424">through</w> <w n="425">these</w> <w n="426">forsooth</w> <w n="427">,</w> <w n="428">and</w> <w n="429">had</w> <w n="430">great</w> <w n="431">cisterns</w> <w n="432">dug</w> <w n="433">in</w> <w n="434">the</w> <w n="435">waterless
</w>                        <w n="459">region</w> <w n="460">,</w> <w n="461">that</w> <w n="462">they</w> <w n="463">might</w> <w n="464">receive</w> <w n="465">the</w> <w n="466">water</w> <w n="467">and</w> <w n="468">preserve</w> <w n="469">it</w> <w n="470">.</w> <w n="471">Now</w> <w n="472">it</w> <w n="473">is</w> <w n="474">a
</w>                        <w n="498">journey</w> <w n="499">of</w> <w n="500">twelve</w> <w n="501">days</w> <w n="502">from</w> <w n="503">the</w> <w n="504">river</w> <w n="505">to</w> <w n="506">this</w> <w n="507">waterless</w> <w n="508">region</w> <w n="509">;</w> <w n="510">and</w> <w n="511">moreover
</w>                        <w n="535">the</w> <w n="536">story</w> <w n="537">says</w> <w n="538">that</w> <w n="539">he</w> <w n="540">conducted</w> <w n="541">the</w> <w n="542">water</w> <w n="543">by</w> <w n="544">three</w> <w n="545">conduit-pipes</w> <w n="546">to</w> <w n="547">three
</w>                        <w n="571">different</w> <w n="572">parts</w> <w n="573">of</w> <w n="574">it</w> <w n="575">.</w> </p> 
                 </div> 
                 <div type="chapter" n="10"   > 
                     <p><w n="1">Meanwhile</w> <w n="2">Psammenitos</w> <w n="3">the</w> <w n="4">son</w> <w n="5">of</w> <w n="6">Amasis</w> <w n="7">was</w> <w n="8">encamped</w> <w n="9">at</w> <w n="10">the</w> <w n="11">Pelusian</w> <w n="12">mouth</w> <w n="13">of
</w>                        <w n="37">the</w> <w n="38">Nile</w> <w n="39">waiting</w> <w n="40">for</w> <w n="41">the</w> <w n="42">coming</w> <w n="43">of</w> <w n="44">Cambyses</w> <w n="45">:</w> <w n="46">for</w> <w n="47">Cambyses</w> <w n="48">did</w> <w n="49">not</w> <w n="50">find
</w>                        <w n="74">Amasis</w> <w n="75">yet</w> <w n="76">living</w> <w n="77">when</w> <w n="78">he</w> <w n="79">marched</w> <w n="80">upon</w> <w n="81">Egypt</w> <w n="82">,</w> <w n="83">but</w> <w n="84">Amasis</w> <w n="85">had</w> <w n="86">died</w> <w n="87">after
</w>                        <w n="111">having</w> <w n="112">reigned</w> <w n="113">forty</w> <w n="114">and</w> <w n="115">four</w> <w n="116">years</w> <w n="117">during</w> <w n="118">which</w> <w n="119">no</w> <w n="120">great</w> <w n="121">misfortune</w> <w n="122">had
</w>                        <w n="146">befallen</w> <w n="147">him</w> <w n="148">:</w> <w n="149">and</w> <w n="150">when</w> <w n="151">he</w> <w n="152">had</w> <w n="153">died</w> <w n="154">and</w> <w n="155">had</w> <w n="156">been</w> <w n="157">embalmed</w> <w n="158">he</w> <w n="159">was</w> <w n="160">buried</w> <w n="161">in
</w>                        <w n="185">the</w> <w n="186">burial-place</w> <w n="187">in</w> <w n="188">the</w> <w n="189">temple</w> <w n="190">,</w> <w n="191">which</w> <w n="192">he</w> <w n="193">had</w> <w n="194">built</w> <w n="195">for</w> <w n="196">himself</w> <w n="197">.</w> <w n="198">Now</w> <w n="199">when
</w>                        <w n="223">Psammenitos</w> <w n="224">son</w> <w n="225">of</w> <w n="226">Amasis</w> <w n="227">was</w> <w n="228">reigning</w> <w n="229">as</w> <w n="230">king</w> <w n="231">,</w> <w n="232">there</w> <w n="233">happened</w> <w n="234">to</w> <w n="235">the
</w>                        <w n="259">Egyptians</w> <w n="260">a</w> <w n="261">prodigy</w> <w n="262">,</w> <w n="263">the</w> <w n="264">greatest</w> <w n="265">that</w> <w n="266">had</w> <w n="267">ever</w> <w n="268">happened</w> <w n="269">:</w> <w n="270">for</w> <w n="271">rain</w> <w n="272">fell</w> <w n="273">at
</w>                        <w n="297">Thebes</w> <w n="298">in</w> <w n="299">Egypt</w> <w n="300">,</w> <w n="301">where</w> <w n="302">never</w> <w n="303">before</w> <w n="304">had</w> <w n="305">rain</w> <w n="306">fallen</w> <w n="307">nor</w> <w n="308">afterwards</w> <w n="309">down</w> <w n="310">to
</w>                        <w n="334">my</w> <w n="335">time</w> <w n="336">,</w> <w n="337">as</w> <w n="338">the</w> <w n="339">Thebans</w> <w n="340">themselves</w> <w n="341">say</w> <w n="342">;</w> <w n="343">for</w> <w n="344">in</w> <w n="345">the</w> <w n="346">upper</w> <w n="347">parts</w> <w n="348">of</w> <w n="349">Egypt</w> <w n="350">no
</w>                        <w n="374">rain</w> <w n="375">falls</w> <w n="376">at</w> <w n="377">all</w> <w n="378">:</w> <w n="379">but</w> <w n="380">at</w> <w n="381">the</w> <w n="382">time</w> <w n="383">of</w> <w n="384">which</w> <w n="385">I</w> <w n="386">speak</w> <w n="387">rain</w> <w n="388">fell</w> <w n="389">at</w> <w n="390">Thebes</w> <w n="391">in</w> <w n="392">a
</w>                        <w n="416">drizzling</w> <w n="417">shower</w> <w n="418">.</w> </p> 
                 </div> 
                             </div> 
                     </body> 
     </text> 
 </TEI>
