<?xml version="1.0" encoding="UTF-8"?><?xml-model href="http://www.tei-c.org/release/xml/tei/custom/schema/relaxng/tei_all.rng" schematypens="http://relaxng.org/ns/structure/1.0"?>
<TEI xmlns="http://www.tei-c.org/ns/1.0">
 <teiHeader>
  <fileDesc>
   <titleStmt>
    <title>The Histories</title>
    <author>Herodotus</author>
   </titleStmt>
   <extent>about 1.4mb</extent>
   <publicationStmt>
    <pubPlace>Greenville, SC</pubPlace>
    <publisher>Furman University/Stoa Consortium</publisher>
    <date>Sept. 15, 2003</date>
   </publicationStmt>
   <sourceDesc>
    <bibl>File created electronically; a new edition edited by S. LaBerge and C.
     Blackwell, collated against Ph.E. Legrand, ed. He/rodote. Histoires (Paris:
     Les Belles Lettres) and C. Hude, ed., Herodoi Historiae (Oxford).</bibl>
   </sourceDesc>
  </fileDesc>
  <profileDesc>
   <langUsage>
    <language ident="grc">Greek, in Beta-code</language>
    <language ident="en">English</language>
   </langUsage>
  </profileDesc>
 </teiHeader>
 <text xml:lang="grc">
  <body>
   <div n="1" type="book">
     <div n="0" type="chapter"> 
      <p><w n="1">Ἡροδότου</w> <w n="2">Ἁλικαρνησσέος</w> <w n="3">ἱστορίης</w> <w n="4">ἀπόδεξις</w> <w n="5">ἥδε</w> <w n="6">,</w> <w n="7">ὡς</w> <w n="8">μήτε</w> <w n="9">τὰ
</w>      <w n="15">γενόμενα</w> <w n="16">ἐξ</w> <w n="17">ἀνθρώπων</w> <w n="18">τῷ</w> <w n="19">χρόνῳ</w> <w n="20">ἐξίτηλα</w> <w n="21">γένηται</w> <w n="22">,</w> <w n="23">μήτε</w> <w n="24">ἔργα
</w>      <w n="30">μεγάλα</w> <w n="31">τε</w> <w n="32">καὶ</w> <w n="33">θωμαστά</w> <w n="34">,</w> <w n="35">τὰ</w> <w n="36">μὲν</w> <w n="37">Ἕλλησι</w> <w n="38">τὰ</w> <w n="39">δὲ</w> <w n="40">βαρβάροισι
</w>      <w n="46">ἀποδεχθέντα</w> <w n="47">,</w> <w n="48">ἀκλεᾶ</w> <w n="49">γένηται</w> <w n="50">,</w> <w n="51">τά</w> <w n="52">τε</w> <w n="53">ἄλλα</w> <w n="54">καὶ</w> <w n="55">δι᾽</w> <w n="56">ἣν</w> <w n="57">αἰτίην
</w>      <w n="63">ἐπολέμησαν</w> <w n="64">ἀλλήλοισι</w> <w n="65">.</w> </p> 
     </div> 
     <div n="1" type="chapter"> 
      <p><w n="1">Περσέων</w> <w n="2">μέν</w> <w n="3">νυν</w> <w n="4">οἱ</w> <w n="5">λόγιοι</w> <w n="6">Φοίνικας</w> <w n="7">αἰτίους</w> <w n="8">φασὶ</w> <w n="9">γενέσθαι</w> <w n="10">τῆς
</w>      <w n="16">διαφορῆς</w> <w n="17">·</w> <w n="18">τούτους</w> <w n="19">γάρ</w> <w n="20">,</w> <w n="21">ἀπὸ</w> <w n="22">τῆς</w> <w n="23">Ἐρυθρῆς</w> <w n="24">καλεομένης</w> <w n="25">θαλάσσης
</w>      <w n="31">ἀπικομένους</w> <w n="32">ἐπὶ</w> <w n="33">τήνδε</w> <w n="34">τὴν</w> <w n="35">θάλασσαν</w> <w n="36">καὶ</w> <w n="37">οἰκήσαντας</w> <w n="38">τοῦτον</w> <w n="39">τὸν
</w>      <w n="45">χῶρον</w> <w n="46">τὸν</w> <w n="47">καὶ</w> <w n="48">νῦν</w> <w n="49">οἰκέουσι</w> <w n="50">,</w> <w n="51">αὐτίκα</w> <w n="52">ναυτιλίῃσι</w> <w n="53">μακρῇσι
</w>      <w n="59">ἐπιθέσθαι</w> <w n="60">,</w> <w n="61">ἀπαγινέοντας</w> <w n="62">δὲ</w> <w n="63">φορτία</w> <w n="64">Αἰγύπτιά</w> <w n="65">τε</w> <w n="66">καὶ</w> <w n="67">Ἀσσύρια
</w>      <w n="73">τῇ</w> <w n="74">τε</w> <w n="75">ἄλλῃ</w> <w n="76">χώρῃ</w> <w n="77">ἐσαπικνέεσθαι</w> <w n="78">καὶ</w> <w n="79">δὴ</w> <w n="80">καὶ</w> <w n="81">ἐς</w> <w n="82">Ἄργος</w> <w n="83">·</w> <w n="84">τὸ</w> <w n="85">δὲ
</w>      <w n="91">Ἄργος</w> <w n="92">τοῦτον</w> <w n="93">τὸν</w> <w n="94">χρόνον</w> <w n="95">προεῖχε</w> <w n="96">ἅπασι</w> <w n="97">τῶν</w> <w n="98">ἐν</w> <w n="99">τῇ</w> <w n="100">νῦν
</w>      <w n="106">Ἑλλάδι</w> <w n="107">καλεομένῃ</w> <w n="108">χώρῃ</w> <w n="109">.</w> <w n="110">Ἀπικομένους</w> <w n="111">δὲ</w> <w n="112">τοὺς</w> <w n="113">Φοίνικας</w> <w n="114">ἐς</w> <w n="115">δὴ
</w>      <w n="121">τὸ</w> <w n="122">Ἄργος</w> <w n="123">τοῦτο</w> <w n="124">διατίθεσθαι</w> <w n="125">τὸν</w> <w n="126">φόρτον</w> <w n="127">.</w> <w n="128">Πέμπτῃ</w> <w n="129">δὲ</w> <w n="130">ἢ</w> <w n="131">ἕκτῃ
</w>      <w n="137">ἡμέρῃ</w> <w n="138">ἀπ᾽</w> <w n="139">ἧς</w> <w n="140">ἀπίκοντο</w> <w n="141">,</w> <w n="142">ἐξεμπολημένων</w> <w n="143">σφι</w> <w n="144">σχεδὸν</w> <w n="145">πάντων</w> <w n="146">,
</w>      <w n="152">ἐλθεῖν</w> <w n="153">ἐπὶ</w> <w n="154">τὴν</w> <w n="155">θάλασσαν</w> <w n="156">γυναῖκας</w> <w n="157">ἄλλας</w> <w n="158">τε</w> <w n="159">πολλὰς</w> <w n="160">καὶ</w> <w n="161">δὴ</w> <w n="162">καὶ
</w>      <w n="168">τοῦ</w> <w n="169">βασιλέος</w> <w n="170">θυγατέρα</w> <w n="171">·</w> <w n="172">τὸ</w> <w n="173">δέ</w> <w n="174">οἱ</w> <w n="175">οὔνομα</w> <w n="176">εἶναι</w> <w n="177">,</w> <w n="178">κατὰ</w> <w n="179">τὠυτὸ</w> <w n="180">τὸ
</w>      <w n="186">καὶ</w> <w n="187">Ἕλληνες</w> <w n="188">λέγουσι</w> <w n="189">,</w> <w n="190">Ἰοῦν</w> <w n="191">τὴν</w> <w n="192">Ἰνάχου</w> <w n="193">.</w> <w n="194">Ταύτας</w> <w n="195">στάσας</w> <w n="196">κατὰ
</w>      <w n="202">πρύμνην</w> <w n="203">τῆς</w> <w n="204">νεὸς</w> <w n="205">ὠνέεσθαι</w> <w n="206">τῶν</w> <w n="207">φορτίων</w> <w n="208">τῶν</w> <w n="209">σφι</w> <w n="210">ἦν</w> <w n="211">θυμὸς
</w>      <w n="217">μάλιστα</w> <w n="218">,</w> <w n="219">καὶ</w> <w n="220">τοὺς</w> <w n="221">Φοίνικας</w> <w n="222">διακελευσαμένους</w> <w n="223">ὁρμῆσαι</w> <w n="224">ἐπ᾽</w> <w n="225">αὐτάς</w> <w n="226">.
</w>      <w n="232">Τὰς</w> <w n="233">μὲν</w> <w n="234">δὴ</w> <w n="235">πλέονας</w> <w n="236">τῶν</w> <w n="237">γυναικῶν</w> <w n="238">ἀποφυγεῖν</w> <w n="239">,</w> <w n="240">τὴν</w> <w n="241">δὲ</w> <w n="242">Ἰοῦν</w> <w n="243">σὺν
</w>      <w n="249">ἄλλῃσι</w> <w n="250">ἁρπασθῆναι</w> <w n="251">·</w> <w n="252">ἐσβαλομένους</w> <w n="253">δὲ</w> <w n="254">ἐς</w> <w n="255">τὴν</w> <w n="256">νέα</w> <w n="257">οἴχεσθαι
</w>      <w n="263">ἀποπλέοντας</w> <w n="264">ἐπ᾽</w> <w n="265">Αἰγύπτου</w> <w n="266">.</w> </p> 
     </div> 
     <div n="2" type="chapter"> 
      <p><w n="1">Οὕτω</w> <w n="2">μὲν</w> <w n="3">Ἰοῦν</w> <w n="4">ἐς</w> <w n="5">Αἴγυπτον</w> <w n="6">ἀπικέσθαι</w> <w n="7">λέγουσι</w> <w n="8">Πέρσαι</w> <w n="9">,</w> <w n="10">οὐκ
</w>      <w n="16">ὡς</w> <w n="17">Ἕλληνες</w> <w n="18">,</w> <w n="19">καὶ</w> <w n="20">τῶν</w> <w n="21">ἀδικημάτων</w> <w n="22">πρῶτον</w> <w n="23">τοῦτο</w> <w n="24">ἄρξαι</w> <w n="25">·</w> <w n="26">μετὰ</w> <w n="27">δὲ
</w>      <w n="33">ταῦτα</w> <w n="34">Ἑλλήνων</w> <w n="35">τινάς</w> <w n="36">οὐ</w> <w n="37">γὰρ</w> <w n="38">ἔχουσι</w> <w n="39">τοὔνομα</w> <w n="40">ἀπηγήσασθαι</w> <w n="41">φασὶ
</w>      <w n="47">τῆς</w> <w n="48">Φοινίκης</w> <w n="49">ἐς</w> <w n="50">Τύρον</w> <w n="51">προσσχόντας</w> <w n="52">ἁρπάσαι</w> <w n="53">τοῦ</w> <w n="54">βασιλέος</w> <w n="55">τὴν
</w>      <w n="61">θυγατέρα</w> <w n="62">Εὐρώπην</w> <w n="63">·</w> <w n="64">εἴησαν</w> <w n="65">δ᾽</w> <w n="66">ἂν</w> <w n="67">οὗτοι</w> <w n="68">Κρῆτες</w> <w n="69">.</w> <w n="70">Ταῦτα</w> <w n="71">μὲν</w> <w n="72">δὴ
</w>      <w n="78">ἴσα</w> <w n="79">πρὸς</w> <w n="80">ἴσα</w> <w n="81">σφι</w> <w n="82">γενέσθαι</w> <w n="83">·</w> <w n="84">μετὰ</w> <w n="85">δὲ</w> <w n="86">ταῦτα</w> <w n="87">Ἕλληνας</w> <w n="88">αἰτίους
</w>      <w n="94">τῆς</w> <w n="95">δευτέρης</w> <w n="96">ἀδικίης</w> <w n="97">γενέσθαι</w> <w n="98">.</w> <w n="99">Καταπλώσαντας</w> <w n="100">γὰρ</w> <w n="101">μακρῇ</w> <w n="102">νηῒ</w> <w n="103">ἐς
</w>      <w n="109">Αἶάν</w> <w n="110">τε</w> <w n="111">τὴν</w> <w n="112">Κολχίδα</w> <w n="113">καὶ</w> <w n="114">ἐπὶ</w> <w n="115">Φᾶσιν</w> <w n="116">ποταμόν</w> <w n="117">,</w> <w n="118">ἐνθεῦτεν</w> <w n="119">,
</w>      <w n="125">διαπρηξαμένους</w> <w n="126">καὶ</w> <w n="127">τἆλλα</w> <w n="128">τῶν</w> <w n="129">εἵνεκεν</w> <w n="130">ἀπίκατο</w> <w n="131">,</w> <w n="132">ἁρπάσαι</w> <w n="133">τοῦ
</w>      <w n="139">βασιλέος</w> <w n="140">τὴν</w> <w n="141">θυγατέρα</w> <w n="142">Μηδείην</w> <w n="143">.</w> <w n="144">Πέμψαντα</w> <w n="145">δὲ</w> <w n="146">τὸν</w> <w n="147">Κόλχων</w> <w n="148">βασιλέα
</w>      <w n="154">ἐς</w> <w n="155">τὴν</w> <w n="156">Ἑλλάδα</w> <w n="157">κήρυκα</w> <w n="158">αἰτέειν</w> <w n="159">τε</w> <w n="160">δίκας</w> <w n="161">τῆς</w> <w n="162">ἁρπαγῆς</w> <w n="163">καὶ
</w>      <w n="169">ἀπαιτέειν</w> <w n="170">τὴν</w> <w n="171">θυγατέρα</w> <w n="172">·</w> <w n="173">τοὺς</w> <w n="174">δὲ</w> <w n="175">ὑποκρίνασθαι</w> <w n="176">ὡς</w> <w n="177">οὐδὲ</w> <w n="178">ἐκεῖνοι
</w>      <w n="184">Ἰοῦς</w> <w n="185">τῆς</w> <w n="186">Ἀργείης</w> <w n="187">ἔδοσάν</w> <w n="188">σφι</w> <w n="189">δίκας</w> <w n="190">τῆς</w> <w n="191">ἁρπαγῆς</w> <w n="192">·</w> <w n="193">οὐδὲ</w> <w n="194">ὦν
</w>      <w n="200">αὐτοὶ</w> <w n="201">δώσειν</w> <w n="202">ἐκείνοισι</w> <w n="203">.</w> </p> 
     </div> 
     <div n="3" type="chapter"> 
      <p><w n="1">Δευτέρῃ</w> <w n="2">δὲ</w> <w n="3">λέγουσι</w> <w n="4">γενεῇ</w> <w n="5">μετὰ</w> <w n="6">ταῦτα</w> <w n="7">Ἀλέξανδρον</w> <w n="8">τὸν
</w>      <w n="14">Πριάμου</w> <w n="15">ἀκηκοότα</w> <w n="16">ταῦτα</w> <w n="17">ἐθελῆσαί</w> <w n="18">οἱ</w> <w n="19">ἐκ</w> <w n="20">τῆς</w> <w n="21">Ἑλλάδος</w> <w n="22">δι᾽
</w>      <w n="28">ἁρπαγῆς</w> <w n="29">γενέσθαι</w> <w n="30">γυναῖκα</w> <w n="31">,</w> <w n="32">ἐπιστάμενον</w> <w n="33">πάντως</w> <w n="34">ὅτι</w> <w n="35">οὐ</w> <w n="36">δώσει
</w>      <w n="42">δίκας</w> <w n="43">·</w> <w n="44">οὐδὲ</w> <w n="45">γὰρ</w> <w n="46">ἐκείνους</w> <w n="47">διδόναι</w> <w n="48">.</w> <w n="49">Οὕτω</w> <w n="50">δὴ</w> <w n="51">ἁρπάσαντος</w> <w n="52">αὐτοῦ
</w>      <w n="58">Ἑλένην</w> <w n="59">,</w> <w n="60">τοῖσι</w> <w n="61">Ἕλλησι</w> <w n="62">δόξαι</w> <w n="63">πρῶτον</w> <w n="64">πέμψαντας</w> <w n="65">ἀγγέλους
</w>      <w n="71">ἀπαιτέειν</w> <w n="72">τε</w> <w n="73">Ἑλένην</w> <w n="74">καὶ</w> <w n="75">δίκας</w> <w n="76">τῆς</w> <w n="77">ἁρπαγῆς</w> <w n="78">αἰτέειν</w> <w n="79">.</w> <w n="80">Τοὺς</w> <w n="81">δὲ
</w>      <w n="87">προϊσχομένων</w> <w n="88">ταῦτα</w> <w n="89">προφέρειν</w> <w n="90">σφι</w> <w n="91">Μηδείης</w> <w n="92">τὴν</w> <w n="93">ἁρπαγήν</w> <w n="94">,</w> <w n="95">ὡς</w> <w n="96">οὐ
</w>      <w n="102">δόντες</w> <w n="103">αὐτοὶ</w> <w n="104">δίκας</w> <w n="105">οὐδὲ</w> <w n="106">ἐκδόντες</w> <w n="107">ἀπαιτεόντων</w> <w n="108">βουλοίατό</w> <w n="109">σφι
</w>      <w n="115">παρ᾽</w> <w n="116">ἄλλων</w> <w n="117">δίκας</w> <w n="118">γίνεσθαι</w> <w n="119">.</w> </p> 
     </div> 
     <div n="4" type="chapter"> 
      <p><w n="1">Μέχρι</w> <w n="2">μὲν</w> <w n="3">ὦν</w> <w n="4">τούτου</w> <w n="5">ἁρπαγὰς</w> <w n="6">μούνας</w> <w n="7">εἶναι</w> <w n="8">παρ᾽</w> <w n="9">ἀλλήλων</w> <w n="10">,</w> <w n="11">τὸ
</w>      <w n="17">δὲ</w> <w n="18">ἀπὸ</w> <w n="19">τούτου</w> <w n="20">Ἕλληνας</w> <w n="21">δὴ</w> <w n="22">μεγάλως</w> <w n="23">αἰτίους</w> <w n="24">γενέσθαι</w> <w n="25">·</w> <w n="26">προτέρους
</w>      <w n="32">γὰρ</w> <w n="33">ἄρξαι</w> <w n="34">στρατεύεσθαι</w> <w n="35">ἐς</w> <w n="36">τὴν</w> <w n="37">Ἀσίην</w> <w n="38">ἢ</w> <w n="39">σφέας</w> <w n="40">ἐς</w> <w n="41">τὴν
</w>      <w n="47">Εὐρώπην</w> <w n="48">.</w> <w n="49">Τὸ</w> <w n="50">μέν</w> <w n="51">νυν</w> <w n="52">ἁρπάζειν</w> <w n="53">γυναῖκας</w> <w n="54">ἀνδρῶν</w> <w n="55">ἀδίκων</w> <w n="56">νομίζειν
</w>      <w n="62">ἔργον</w> <w n="63">εἶναι</w> <w n="64">,</w> <w n="65">τὸ</w> <w n="66">δὲ</w> <w n="67">ἁρπασθεισέων</w> <w n="68">σπουδὴν</w> <w n="69">ποιήσασθαι</w> <w n="70">τιμωρέειν
</w>      <w n="76">ἀνοήτων</w> <w n="77">,</w> <w n="78">τὸ</w> <w n="79">δὲ</w> <w n="80">μηδεμίαν</w> <w n="81">ὤρην</w> <w n="82">ἔχειν</w> <w n="83">ἁρπασθεισέων</w> <w n="84">σωφρόνων</w> <w n="85">·
</w>      <w n="91">δῆλα</w> <w n="92">γὰρ</w> <w n="93">δὴ</w> <w n="94">ὅτι</w> <w n="95">,</w> <w n="96">εἰ</w> <w n="97">μὴ</w> <w n="98">αὐταὶ</w> <w n="99">ἐβούλοντο</w> <w n="100">,</w> <w n="101">οὐκ</w> <w n="102">ἂν</w> <w n="103">ἡρπάζοντο</w> <w n="104">.
</w>      <w n="110">Σφέας</w> <w n="111">μὲν</w> <w n="112">δὴ</w> <w n="113">τοὺς</w> <w n="114">ἐκ</w> <w n="115">τῆς</w> <w n="116">Ἀσίης</w> <w n="117">λέγουσι</w> <w n="118">Πέρσαι</w> <w n="119">ἁρπαζομένων
</w>      <w n="125">τῶν</w> <w n="126">γυναικῶν</w> <w n="127">λόγον</w> <w n="128">οὐδένα</w> <w n="129">ποιήσασθαι</w> <w n="130">,</w> <w n="131">Ἕλληνας</w> <w n="132">δὲ</w> <w n="133">Λακεδαιμονίης
</w>      <w n="139">εἵνεκεν</w> <w n="140">γυναικὸς</w> <w n="141">στόλον</w> <w n="142">μέγαν</w> <w n="143">συναγεῖραι</w> <w n="144">καὶ</w> <w n="145">ἔπειτα</w> <w n="146">ἐλθόντας
</w>      <w n="152">ἐς</w> <w n="153">τὴν</w> <w n="154">Ἀσίην</w> <w n="155">τὴν</w> <w n="156">Πριάμου</w> <w n="157">δύναμιν</w> <w n="158">κατελεῖν</w> <w n="159">.</w> <w n="160">Ἀπὸ</w> <w n="161">τούτου</w> <w n="162">αἰεὶ
</w>      <w n="168">ἡγήσασθαι</w> <w n="169">τὸ</w> <w n="170">Ἑλληνικὸν</w> <w n="171">σφίσι</w> <w n="172">εἶναι</w> <w n="173">πολέμιον</w> <w n="174">.</w> <w n="175">Τὴν</w> <w n="176">γὰρ</w> <w n="177">Ἀσίην
</w>      <w n="183">καὶ</w> <w n="184">τὰ</w> <w n="185">ἐνοικέοντα</w> <w n="186">ἔθνεα</w> <w n="187">βάρβαρα</w> <w n="188">οἰκηιοῦνται</w> <w n="189">οἱ</w> <w n="190">Πέρσαι</w> <w n="191">,</w> <w n="192">τὴν
</w>      <w n="198">δὲ</w> <w n="199">Εὐρώπην</w> <w n="200">καὶ</w> <w n="201">τὸ</w> <w n="202">Ἑλληνικὸν</w> <w n="203">ἥγηνται</w> <w n="204">κεχωρίσθαι</w> <w n="205">.</w> </p> 
     </div> 
     <div n="5" type="chapter"> 
      <p><w n="1">Οὕτω</w> <w n="2">μὲν</w> <w n="3">Πέρσαι</w> <w n="4">λέγουσι</w> <w n="5">γενέσθαι</w> <w n="6">,</w> <w n="7">καὶ</w> <w n="8">διὰ</w> <w n="9">τὴν</w> <w n="10">Ἰλίου
</w>      <w n="16">ἅλωσιν</w> <w n="17">εὑρίσκουσι</w> <w n="18">σφίσι</w> <w n="19">ἐοῦσαν</w> <w n="20">τὴν</w> <w n="21">ἀρχὴν</w> <w n="22">τῆς</w> <w n="23">ἔχθρης</w> <w n="24">τῆς</w> <w n="25">ἐς
</w>      <w n="31">τοὺς</w> <w n="32">Ἕλληνας</w> <w n="33">.</w> <w n="34">Περὶ</w> <w n="35">δὲ</w> <w n="36">τῆς</w> <w n="37">Ἰοῦς</w> <w n="38">οὐκ</w> <w n="39">ὁμολογέουσι</w> <w n="40">Πέρσῃσι
</w>      <w n="46">οὕτω</w> <w n="47">Φοίνικες</w> <w n="48">·</w> <w n="49">οὐ</w> <w n="50">γὰρ</w> <w n="51">ἁρπαγῇ</w> <w n="52">σφέας</w> <w n="53">χρησαμένους</w> <w n="54">λέγουσι
</w>      <w n="60">ἀγαγεῖν</w> <w n="61">αὐτὴν</w> <w n="62">ἐς</w> <w n="63">Αἴγυπτον</w> <w n="64">,</w> <w n="65">ἀλλ᾽</w> <w n="66">ὡς</w> <w n="67">ἐν</w> <w n="68">τῷ</w> <w n="69">Ἄργεϊ</w> <w n="70">ἐμίσγετο
</w>      <w n="76">τῷ</w> <w n="77">ναυκλήρῳ</w> <w n="78">τῆς</w> <w n="79">νεός</w> <w n="80">·</w> <w n="81">ἐπεὶ</w> <w n="82">δὲ</w> <w n="83">ἔμαθε</w> <w n="84">ἔγκυος</w> <w n="85">ἐοῦσα</w> <w n="86">,
</w>      <w n="92">αἰδεομένη</w> <w n="93">τοὺς</w> <w n="94">τοκέας</w> <w n="95">,</w> <w n="96">οὕτω</w> <w n="97">δὴ</w> <w n="98">ἐθελοντὴν</w> <w n="99">αὐτὴν</w> <w n="100">τοῖσι</w> <w n="101">Φοίνιξι
</w>      <w n="107">συνεκπλῶσαι</w> <w n="108">,</w> <w n="109">ὡς</w> <w n="110">ἂν</w> <w n="111">μὴ</w> <w n="112">κατάδηλος</w> <w n="113">γένηται</w> <w n="114">.</w> </p> 
      <p><w n="1">Ταῦτα</w> <w n="2">μέν</w> <w n="3">νυν</w> <w n="4">Πέρσαι</w> <w n="5">τε</w> <w n="6">καὶ</w> <w n="7">Φοίνικες</w> <w n="8">λέγουσι</w> <w n="9">.</w> <w n="10">Ἐγὼ</w> <w n="11">δὲ</w> <w n="12">περὶ
</w>      <w n="18">μὲν</w> <w n="19">τούτων</w> <w n="20">οὐκ</w> <w n="21">ἔρχομαι</w> <w n="22">ἐρέων</w> <w n="23">ὡς</w> <w n="24">οὕτως</w> <w n="25">ἢ</w> <w n="26">ἄλλως</w> <w n="27">κως</w> <w n="28">ταῦτα
</w>      <w n="34">ἐγένετο</w> <w n="35">,</w> <w n="36">τὸν</w> <w n="37">δὲ</w> <w n="38">οἶδα</w> <w n="39">αὐτὸς</w> <w n="40">πρῶτον</w> <w n="41">ὑπάρξαντα</w> <w n="42">ἀδίκων</w> <w n="43">ἔργων
</w>      <w n="49">ἐς</w> <w n="50">τοὺς</w> <w n="51">Ἕλληνας</w> <w n="52">,</w> <w n="53">τοῦτον</w> <w n="54">σημήνας</w> <w n="55">προβήσομαι</w> <w n="56">ἐς</w> <w n="57">τὸ</w> <w n="58">πρόσω</w> <w n="59">τοῦ
</w>      <w n="65">λόγου</w> <w n="66">,</w> <w n="67">ὁμοίως</w> <w n="68">μικρὰ</w> <w n="69">καὶ</w> <w n="70">μεγάλα</w> <w n="71">ἄστεα</w> <w n="72">ἀνθρώπων</w> <w n="73">ἐπεξιών</w> <w n="74">.</w> <w n="75">Τὰ
</w>      <w n="81">γὰρ</w> <w n="82">τὸ</w> <w n="83">πάλαι</w> <w n="84">μεγάλα</w> <w n="85">ἦν</w> <w n="86">,</w> <w n="87">τὰ</w> <w n="88">πολλὰ</w> <w n="89">αὐτῶν</w> <w n="90">σμικρὰ</w> <w n="91">γέγονε</w> <w n="92">·</w> <w n="93">τὰ</w> <w n="94">δὲ
</w>      <w n="100">ἐπ᾽</w> <w n="101">ἐμέο</w> <w n="102">ἦν</w> <w n="103">μεγάλα</w> <w n="104">,</w> <w n="105">πρότερον</w> <w n="106">ἦν</w> <w n="107">σμικρά</w> <w n="108">.</w> <w n="109">Τὴν</w> <w n="110">ἀνθρωπηίην</w> <w n="111">ὦν
</w>      <w n="117">ἐπιστάμενος</w> <w n="118">εὐδαιμονίην</w> <w n="119">οὐδαμὰ</w> <w n="120">ἐν</w> <w n="121">τὠυτῷ</w> <w n="122">μένουσαν</w> <w n="123">,</w> <w n="124">ἐπιμνήσομαι
</w>      <w n="130">ἀμφοτέρων</w> <w n="131">ὁμοίως</w> <w n="132">.</w> </p> 
     </div> 
     <div n="6" type="chapter"> 
      <p><w n="1">Κροῖσος</w> <w n="2">ἦν</w> <w n="3">Λυδὸς</w> <w n="4">μὲν</w> <w n="5">γένος</w> <w n="6">,</w> <w n="7">παῖς</w> <w n="8">δὲ</w> <w n="9">Ἀλυάττεω</w> <w n="10">,</w> <w n="11">τύραννος</w> <w n="12">δὲ
</w>      <w n="18">ἐθνέων</w> <w n="19">τῶν</w> <w n="20">ἐντὸς</w> <w n="21">Ἅλυος</w> <w n="22">ποταμοῦ</w> <w n="23">,</w> <w n="24">ὃς</w> <w n="25">ῥέων</w> <w n="26">ἀπὸ</w> <w n="27">μεσαμβρίης
</w>      <w n="33">μεταξὺ</w> <w n="34">Συρίων</w> <w n="35">τε</w> <w n="36">καὶ</w> <w n="37">Παφλαγόνων</w> <w n="38">ἐξιεῖ</w> <w n="39">πρὸς</w> <w n="40">βορέην</w> <w n="41">ἄνεμον</w> <w n="42">ἐς
</w>      <w n="48">τὸν</w> <w n="49">Εὔξεινον</w> <w n="50">καλεόμενον</w> <w n="51">πόντον</w> <w n="52">.</w> <w n="53">Οὗτος</w> <w n="54">ὁ</w> <w n="55">Κροῖσος</w> <w n="56">βαρβάρων
</w>      <w n="62">πρῶτος</w> <w n="63">τῶν</w> <w n="64">ἡμεῖς</w> <w n="65">ἴδμεν</w> <w n="66">τοὺς</w> <w n="67">μὲν</w> <w n="68">κατεστρέψατο</w> <w n="69">Ἑλλήνων</w> <w n="70">ἐς
</w>      <w n="76">φόρου</w> <w n="77">ἀπαγωγήν</w> <w n="78">,</w> <w n="79">τοὺς</w> <w n="80">δὲ</w> <w n="81">φίλους</w> <w n="82">προσεποιήσατο</w> <w n="83">.</w> <w n="84">Κατεστρέψατο</w> <w n="85">μὲν
</w>      <w n="91">Ἴωνάς</w> <w n="92">τε</w> <w n="93">καὶ</w> <w n="94">Αἰολέας</w> <w n="95">καὶ</w> <w n="96">Δωριέας</w> <w n="97">τοὺς</w> <w n="98">ἐν</w> <w n="99">τῇ</w> <w n="100">Ἀσίῃ</w> <w n="101">,
</w>      <w n="107">φίλους</w> <w n="108">δὲ</w> <w n="109">προσεποιήσατο</w> <w n="110">Λακεδαιμονίους</w> <w n="111">.</w> <w n="112">Πρὸ</w> <w n="113">δὲ</w> <w n="114">τῆς</w> <w n="115">Κροίσου
</w>      <w n="121">ἀρχῆς</w> <w n="122">πάντες</w> <w n="123">Ἕλληνες</w> <w n="124">ἦσαν</w> <w n="125">ἐλεύθεροι</w> <w n="126">.</w> <w n="127">Τὸ</w> <w n="128">γὰρ</w> <w n="129">Κιμμερίων
</w>      <w n="135">στράτευμα</w> <w n="136">τὸ</w> <w n="137">ἐπὶ</w> <w n="138">τὴν</w> <w n="139">Ἰωνίην</w> <w n="140">ἀπικόμενον</w> <w n="141">,</w> <w n="142">Κροίσου</w> <w n="143">ἐὸν
</w>      <w n="149">πρεσβύτερον</w> <w n="150">,</w> <w n="151">οὐ</w> <w n="152">καταστροφὴ</w> <w n="153">ἐγένετο</w> <w n="154">τῶν</w> <w n="155">πολίων</w> <w n="156">,</w> <w n="157">ἀλλ᾽</w> <w n="158">ἐξ
</w>      <w n="164">ἐπιδρομῆς</w> <w n="165">ἁρπαγή</w> <w n="166">.</w> </p> 
     </div> 
     <div n="7" type="chapter"> 
      <p><w n="1">Ἡ</w> <w n="2">δὲ</w> <w n="3">ἡγεμονίη</w> <w n="4">οὕτω</w> <w n="5">περιῆλθε</w> <w n="6">,</w> <w n="7">ἐοῦσα</w> <w n="8">Ἡρακλειδέων</w> <w n="9">,</w> <w n="10">ἐς</w> <w n="11">τὸ
</w>      <w n="17">γένος</w> <w n="18">τὸ</w> <w n="19">Κροίσου</w> <w n="20">,</w> <w n="21">καλεομένους</w> <w n="22">δὲ</w> <w n="23">Μερμνάδας</w> <w n="24">.</w> <w n="25">Ἦν</w> <w n="26">Κανδαύλης</w> <w n="27">,
</w>      <w n="33">τὸν</w> <w n="34">οἱ</w> <w n="35">Ἕλληνες</w> <w n="36">Μυρσίλον</w> <w n="37">ὀνομάζουσι</w> <w n="38">,</w> <w n="39">τύραννος</w> <w n="40">Σαρδίων</w> <w n="41">,
</w>      <w n="47">ἀπόγονος</w> <w n="48">δὲ</w> <w n="49">Ἀλκαίου</w> <w n="50">τοῦ</w> <w n="51">Ἡρακλέος</w> <w n="52">.</w> <w n="53">Ἄγρων</w> <w n="54">μὲν</w> <w n="55">γὰρ</w> <w n="56">ὁ</w> <w n="57">Νίνου
</w>      <w n="63">τοῦ</w> <w n="64">Βήλου</w> <w n="65">τοῦ</w> <w n="66">Ἀλκαίου</w> <w n="67">πρῶτος</w> <w n="68">Ἡρακλειδέων</w> <w n="69">βασιλεὺς</w> <w n="70">ἐγένετο
</w>      <w n="76">Σαρδίων</w> <w n="77">,</w> <w n="78">Κανδαύλης</w> <w n="79">δὲ</w> <w n="80">ὁ</w> <w n="81">Μύρσου</w> <w n="82">ὕστατος</w> <w n="83">.</w> <w n="84">Οἱ</w> <w n="85">δὲ</w> <w n="86">πρότερον
</w>      <w n="92">Ἄγρωνος</w> <w n="93">βασιλεύσαντες</w> <w n="94">ταύτης</w> <w n="95">τῆς</w> <w n="96">χώρης</w> <w n="97">ἦσαν</w> <w n="98">ἀπόγονοι</w> <w n="99">Λυδοῦ
</w>      <w n="105">τοῦ</w> <w n="106">Ἄτυος</w> <w n="107">,</w> <w n="108">ἀπ᾽</w> <w n="109">ὅτεο</w> <w n="110">ὁ</w> <w n="111">δῆμος</w> <w n="112">Λύδιος</w> <w n="113">ἐκλήθη</w> <w n="114">ὁ</w> <w n="115">πᾶς</w> <w n="116">οὗτος</w> <w n="117">,
</w>      <w n="123">πρότερον</w> <w n="124">Μηίων</w> <w n="125">καλεόμενος</w> <w n="126">.</w> <w n="127">Παρὰ</w> <w n="128">τούτων</w> <w n="129">Ἡρακλεῖδαι
</w>      <w n="135">ἐπιτραφθέντες</w> <w n="136">ἔσχον</w> <w n="137">τὴν</w> <w n="138">ἀρχὴν</w> <w n="139">ἐκ</w> <w n="140">θεοπροπίου</w> <w n="141">,</w> <w n="142">ἐκ</w> <w n="143">δούλης</w> <w n="144">τε</w> <w n="145">τῆς
</w>      <w n="151">Ἰαρδάνου</w> <w n="152">γεγονότες</w> <w n="153">καὶ</w> <w n="154">Ἡρακλέος</w> <w n="155">,</w> <w n="156">ἄρξαντες</w> <w n="157">μὲν</w> <w n="158">ἐπὶ</w> <w n="159">δύο</w> <w n="160">τε
</w>      <w n="166">καὶ</w> <w n="167">εἴκοσι</w> <w n="168">γενεὰς</w> <w n="169">ἀνδρῶν</w> <w n="170">,</w> <w n="171">ἔτεα</w> <w n="172">πέντε</w> <w n="173">τε</w> <w n="174">καὶ</w> <w n="175">πεντακόσια</w> <w n="176">,</w> <w n="177">παῖς
</w>      <w n="183">παρὰ</w> <w n="184">πατρὸς</w> <w n="185">ἐκδεκόμενος</w> <w n="186">τὴν</w> <w n="187">ἀρχήν</w> <w n="188">,</w> <w n="189">μέχρι</w> <w n="190">Κανδαύλεω</w> <w n="191">τοῦ
</w>      <w n="197">Μύρσου</w> <w n="198">.</w> </p> 
     </div> 
     <div n="8" type="chapter"> 
      <p><w n="1">Οὗτος</w> <w n="2">δὴ</w> <w n="3">ὦν</w> <w n="4">ὁ</w> <w n="5">Κανδαύλης</w> <w n="6">ἠράσθη</w> <w n="7">τῆς</w> <w n="8">ἑωυτοῦ</w> <w n="9">γυναικός</w> <w n="10">,
</w>      <w n="16">ἐρασθεὶς</w> <w n="17">δὲ</w> <w n="18">ἐνόμιζέ</w> <w n="19">οἱ</w> <w n="20">εἶναι</w> <w n="21">γυναῖκα</w> <w n="22">πολλὸν</w> <w n="23">πασέων</w> <w n="24">καλλίστην</w> <w n="25">.
</w>      <w n="31">Ὥστε</w> <w n="32">δὲ</w> <w n="33">ταῦτα</w> <w n="34">νομίζων</w> <w n="35">,</w> <w n="36">ἦν</w> <w n="37">γάρ</w> <w n="38">οἱ</w> <w n="39">τῶν</w> <w n="40">αἰχμοφόρων</w> <w n="41">Γύγης</w> <w n="42">ὁ
</w>      <w n="48">Δασκύλου</w> <w n="49">ἀρεσκόμενος</w> <w n="50">μάλιστα</w> <w n="51">,</w> <w n="52">τούτῳ</w> <w n="53">τῷ</w> <w n="54">Γύγῃ</w> <w n="55">καὶ</w> <w n="56">τὰ
</w>      <w n="62">σπουδαιέστερα</w> <w n="63">τῶν</w> <w n="64">πρηγμάτων</w> <w n="65">ὑπερετίθετο</w> <w n="66">ὁ</w> <w n="67">Κανδαύλης</w> <w n="68">καὶ</w> <w n="69">δὴ</w> <w n="70">καὶ
</w>      <w n="76">τὸ</w> <w n="77">εἶδος</w> <w n="78">τῆς</w> <w n="79">γυναικὸς</w> <w n="80">ὑπερεπαινέων</w> <w n="81">.</w> <w n="82">Χρόνου</w> <w n="83">δὲ</w> <w n="84">οὐ</w> <w n="85">πολλοῦ
</w>      <w n="91">διελθόντος</w> <w n="92">,</w> <w n="93">χρῆν</w> <w n="94">γὰρ</w> <w n="95">Κανδαύλῃ</w> <w n="96">γενέσθαι</w> <w n="97">κακῶς</w> <w n="98">,</w> <w n="99">ἔλεγε</w> <w n="100">πρὸς</w> <w n="101">τὸν
</w>      <w n="107">Γύγην</w> <w n="108">τοιάδε</w> <w n="109">·</w> <w n="110">"Γύγη</w> <w n="111">,</w> <w n="112">οὐ</w> <w n="113">γάρ</w> <w n="114">σε</w> <w n="115">δοκέω</w> <w n="116">πείθεσθαί</w> <w n="117">μοι</w> <w n="118">λέγοντι
</w>      <w n="124">περὶ</w> <w n="125">τοῦ</w> <w n="126">εἴδεος</w> <w n="127">τῆς</w> <w n="128">γυναικός</w> <w n="129">ὦτα</w> <w n="130">γὰρ</w> <w n="131">τυγχάνει</w> <w n="132">ἀνθρώποισι
</w>      <w n="138">ἐόντα</w> <w n="139">ἀπιστότερα</w> <w n="140">ὀφθαλμῶν</w> <w n="141">,</w>  <w n="143">ποίεε</w> <w n="144">ὅκως</w> <w n="145">ἐκείνην</w> <w n="146">θεήσεαι
</w>      <w n="152">γυμνήν</w> <w n="153">."</w> <w n="154">Ὁ</w> <w n="155">δὲ</w> <w n="156">μέγα</w> <w n="157">ἀμβώσας</w> <w n="158">εἶπε</w> <w n="159">·</w> <w n="160">"Δέσποτα</w> <w n="161">,</w> <w n="162">τίνα</w> <w n="163">λέγεις
</w>      <w n="169">λόγον</w> <w n="170">οὐκ</w> <w n="171">ὑγιέα</w> <w n="172">,</w> <w n="173">κελεύων</w> <w n="174">με</w> <w n="175">δέσποιναν</w> <w n="176">τὴν</w> <w n="177">ἐμὴν</w> <w n="178">θεήσασθαι
</w>      <w n="184">γυμνήν;</w> <w n="185">Ἅμα</w> <w n="186">δὲ</w> <w n="187">κιθῶνι</w> <w n="188">ἐκδυομένῳ</w> <w n="189">συνεκδύεται</w> <w n="190">καὶ</w> <w n="191">τὴν</w> <w n="192">αἰδῶ
</w>      <w n="198">γυνή</w> <w n="199">.</w> <w n="200">Πάλαι</w> <w n="201">δὲ</w> <w n="202">τὰ</w> <w n="203">καλὰ</w> <w n="204">ἀνθρώποισι</w> <w n="205">ἐξεύρηται</w> <w n="206">,</w> <w n="207">ἐκ</w> <w n="208">τῶν</w> <w n="209">μανθάνειν
</w>      <w n="215">δεῖ</w> <w n="216">·</w> <w n="217">ἐν</w> <w n="218">τοῖσι</w> <w n="219">ἓν</w> <w n="220">τόδε</w> <w n="221">ἐστί</w> <w n="222">,</w> <w n="223">σκοπέειν</w> <w n="224">τινὰ</w> <w n="225">τὰ</w> <w n="226">ἑωυτοῦ</w> <w n="227">.</w> <w n="228">Ἐγὼ
</w>      <w n="234">δὲ</w> <w n="235">πείθομαι</w> <w n="236">ἐκείνην</w> <w n="237">εἶναι</w> <w n="238">πασέων</w> <w n="239">γυναικῶν</w> <w n="240">καλλίστην</w> <w n="241">,</w> <w n="242">καί</w> <w n="243">σεο
</w>      <w n="249">δέομαι</w> <w n="250">μὴ</w> <w n="251">δέεσθαι</w> <w n="252">ἀνόμων</w> <w n="253">."</w> </p> 
     </div> 
     <div n="9" type="chapter"> 
      <p><w n="1">Ὁ</w> <w n="2">μὲν</w> <w n="3">δὴ</w> <w n="4">λέγων</w> <w n="5">τοιαῦτα</w> <w n="6">ἀπεμάχετο</w> <w n="7">,</w> <w n="8">ἀρρωδέων</w> <w n="9">μή</w> <w n="10">τί</w> <w n="11">οἱ</w> <w n="12">ἐξ
</w>      <w n="18">αὐτῶν</w> <w n="19">γένηται</w> <w n="20">κακόν</w> <w n="21">.</w> <w n="22">Ὁ</w> <w n="23">δ᾽</w> <w n="24">ἀμείβετο</w> <w n="25">τοῖσδε</w> <w n="26">·</w> <w n="27">"Θάρσεε</w> <w n="28">,</w> <w n="29">Γύγη</w> <w n="30">,
</w>      <w n="36">καὶ</w> <w n="37">μὴ</w> <w n="38">φοβέο</w> <w n="39">μήτε</w> <w n="40">ἐμέ</w> <w n="41">,</w> <w n="42">ὥς</w> <w n="43">σεο</w> <w n="44">πειρώμενος</w> <w n="45">λέγω</w> <w n="46">λόγον</w> <w n="47">τόνδε</w> <w n="48">,
</w>      <w n="54">μήτε</w> <w n="55">γυναῖκα</w> <w n="56">τὴν</w> <w n="57">ἐμήν</w> <w n="58">,</w> <w n="59">μή</w> <w n="60">τί</w> <w n="61">τοι</w> <w n="62">ἐξ</w> <w n="63">αὐτῆς</w> <w n="64">γένηται</w> <w n="65">βλάβος</w> <w n="66">·
</w>      <w n="72">ἀρχὴν</w> <w n="73">γὰρ</w> <w n="74">ἐγὼ</w> <w n="75">μηχανήσομαι</w> <w n="76">οὕτω</w> <w n="77">ὥστε</w> <w n="78">μηδὲ</w> <w n="79">μαθεῖν</w> <w n="80">μιν</w> <w n="81">ὀφθεῖσαν
</w>      <w n="87">ὑπὸ</w> <w n="88">σέο</w> <w n="89">.</w> <w n="90">Ἐγὼ</w> <w n="91">γάρ</w> <w n="92">σε</w> <w n="93">ἐς</w> <w n="94">τὸ</w> <w n="95">οἴκημα</w> <w n="96">ἐν</w> <w n="97">τῷ</w> <w n="98">κοιμώμεθα</w> <w n="99">ὄπισθε
</w>      <w n="105">τῆς</w> <w n="106">ἀνοιγομένης</w> <w n="107">θύρης</w> <w n="108">στήσω</w> <w n="109">·</w> <w n="110">μετὰ</w> <w n="111">δ᾽</w> <w n="112">ἐμὲ</w> <w n="113">ἐσελθόντα</w> <w n="114">αὐτίκα
</w>      <w n="120">παρέσται</w> <w n="121">καὶ</w> <w n="122">ἡ</w> <w n="123">γυνὴ</w> <w n="124">ἡ</w> <w n="125">ἐμὴ</w> <w n="126">ἐς</w> <w n="127">κοῖτον</w> <w n="128">.</w> <w n="129">Κεῖται</w> <w n="130">δὲ</w> <w n="131">ἀγχοῦ</w> <w n="132">τῆς
</w>      <w n="138">ἐσόδου</w> <w n="139">θρόνος</w> <w n="140">·</w> <w n="141">ἐπὶ</w> <w n="142">τοῦτον</w> <w n="143">τῶν</w> <w n="144">ἱματίων</w> <w n="145">κατὰ</w> <w n="146">ἓν</w> <w n="147">ἕκαστον
</w>      <w n="153">ἐκδύνουσα</w> <w n="154">θήσει</w> <w n="155">καὶ</w> <w n="156">κατ᾽</w> <w n="157">ἡσυχίην</w> <w n="158">πολλὴν</w> <w n="159">παρέξει</w> <w n="160">τοι</w> <w n="161">θεήσασθαι</w> <w n="162">.
</w>      <w n="168">Ἐπεὰν</w> <w n="169">δὲ</w> <w n="170">ἀπὸ</w> <w n="171">τοῦ</w> <w n="172">θρόνου</w> <w n="173">στείχῃ</w> <w n="174">ἐπὶ</w> <w n="175">τὴν</w> <w n="176">εὐνὴν</w> <w n="177">κατὰ</w> <w n="178">νώτου
</w>      <w n="184">τε</w> <w n="185">αὐτῆς</w> <w n="186">γένῃ</w> <w n="187">,</w> <w n="188">σοὶ</w> <w n="189">μελέτω</w> <w n="190">τὸ</w> <w n="191">ἐνθεῦτεν</w> <w n="192">ὅκως</w> <w n="193">μή</w> <w n="194">σε</w> <w n="195">ὄψεται
</w>      <w n="201">ἰόντα</w> <w n="202">διὰ</w> <w n="203">θυρέων</w> <w n="204">."</w> </p> 
     </div> 
     <div n="10" type="chapter"> 
      <p><w n="1">Ὁ</w> <w n="2">μὲν</w> <w n="3">δή</w> <w n="4">,</w> <w n="5">ὡς</w> <w n="6">οὐκ</w> <w n="7">ἐδύνατο</w> <w n="8">διαφυγεῖν</w> <w n="9">,</w> <w n="10">ἦν</w> <w n="11">ἕτοιμος</w> <w n="12">·</w> <w n="13">ὁ</w> <w n="14">δὲ
</w>      <w n="20">Κανδαύλης</w> <w n="21">,</w> <w n="22">ἐπεὶ</w> <w n="23">ἐδόκεε</w> <w n="24">ὥρη</w> <w n="25">τῆς</w> <w n="26">κοίτης</w> <w n="27">εἶναι</w> <w n="28">,</w> <w n="29">ἤγαγε</w> <w n="30">τὸν
</w>      <w n="36">Γύγην</w> <w n="37">ἐς</w> <w n="38">τὸ</w> <w n="39">οἴκημα</w> <w n="40">,</w> <w n="41">καὶ</w> <w n="42">μετὰ</w> <w n="43">ταῦτα</w> <w n="44">αὐτίκα</w> <w n="45">παρῆν</w> <w n="46">καὶ</w> <w n="47">ἡ</w> <w n="48">γυνή</w> <w n="49">·
</w>      <w n="55">ἐσελθοῦσαν</w> <w n="56">δὲ</w> <w n="57">καὶ</w> <w n="58">τιθεῖσαν</w> <w n="59">τὰ</w> <w n="60">εἵματα</w> <w n="61">ἐθηεῖτο</w> <w n="62">ὁ</w> <w n="63">Γύγης</w> <w n="64">.</w> <w n="65">Ὡς
</w>      <w n="71">δὲ</w> <w n="72">κατὰ</w> <w n="73">νώτου</w> <w n="74">ἐγένετο</w> <w n="75">ἰούσης</w> <w n="76">τῆς</w> <w n="77">γυναικὸς</w> <w n="78">ἐς</w> <w n="79">τὴν</w> <w n="80">κοίτην</w> <w n="81">,
</w>      <w n="87">ὑπεκδὺς</w> <w n="88">ἐχώρεε</w> <w n="89">ἔξω</w> <w n="90">.</w> <w n="91">Καὶ</w> <w n="92">ἡ</w> <w n="93">γυνὴ</w> <w n="94">ἐπορᾷ</w> <w n="95">μιν</w> <w n="96">ἐξιόντα</w> <w n="97">.</w> <w n="98">Μαθοῦσα
</w>      <w n="104">δὲ</w> <w n="105">τὸ</w> <w n="106">ποιηθὲν</w> <w n="107">ἐκ</w> <w n="108">τοῦ</w> <w n="109">ἀνδρὸς</w> <w n="110">οὔτε</w> <w n="111">ἀνέβωσε</w> <w n="112">αἰσχυνθεῖσα</w> <w n="113">οὔτε
</w>      <w n="119">ἔδοξε</w> <w n="120">μαθεῖν</w> <w n="121">,</w> <w n="122">ἐν</w> <w n="123">νόῳ</w> <w n="124">ἔχουσα</w> <w n="125">τείσεσθαι</w> <w n="126">τὸν</w> <w n="127">Κανδαύλην</w> <w n="128">·</w> <w n="129">παρὰ
</w>      <w n="135">γὰρ</w> <w n="136">τοῖσι</w> <w n="137">Λυδοῖσι</w> <w n="138">,</w> <w n="139">σχεδὸν</w> <w n="140">δὲ</w> <w n="141">καὶ</w> <w n="142">παρὰ</w> <w n="143">τοῖσι</w> <w n="144">ἄλλοισι
</w>      <w n="150">βαρβάροισι</w> <w n="151">,</w> <w n="152">καὶ</w> <w n="153">ἄνδρα</w> <w n="154">ὀφθῆναι</w> <w n="155">γυμνὸν</w> <w n="156">ἐς</w> <w n="157">αἰσχύνην</w> <w n="158">μεγάλην
</w>      <w n="164">φέρει</w> <w n="165">.</w> </p> 
     </div> 
   
    </div> 
    <div n="2" type="book"> 
     <div n="t" type="chapter"> 
      <p><w n="1">
</w>        <w n="9">ΕΥΤΕΡΠΗ</w>  <w n="11">
</w>     </p> 
     </div> 
     <div n="1" type="chapter"> 
      <p><w n="1">Τελευτήσαντος</w> <w n="2">δὲ</w> <w n="3">Κύρου</w> <w n="4">παρέλαβε</w> <w n="5">τὴν</w> <w n="6">βασιληίην</w> <w n="7">Καμβύσης</w> <w n="8">,
</w>      <w n="14">Κύρου</w> <w n="15">ἐὼν</w> <w n="16">παῖς</w> <w n="17">καὶ</w> <w n="18">Κασσανδάνης</w> <w n="19">τῆς</w> <w n="20">Φαρνάσπεω</w> <w n="21">θυγατρός</w> <w n="22">,</w> <w n="23">τῆς
</w>      <w n="29">προαποθανούσης</w> <w n="30">·</w> <w n="31">Κῦρος</w> <w n="32">αὐτός</w> <w n="33">τε</w> <w n="34">μέγα</w> <w n="35">πένθος</w> <w n="36">ἐποιήσατο</w> <w n="37">καὶ</w> <w n="38">τοῖσι
</w>      <w n="44">ἄλλοισι</w> <w n="45">προεῖπε</w> <w n="46">πᾶσι</w> <w n="47">τῶν</w> <w n="48">ἦρχε</w> <w n="49">πένθος</w> <w n="50">ποιέεσθαι</w> <w n="51">.</w> <w n="52">Ταύτης</w> <w n="53">δὴ</w> <w n="54">τῆς
</w>      <w n="60">γυναικὸς</w> <w n="61">ἐὼν</w> <w n="62">παῖς</w> <w n="63">καὶ</w> <w n="64">Κύρου</w> <w n="65">Καμβύσης</w> <w n="66">Ἴωνας</w> <w n="67">μὲν</w> <w n="68">καὶ
</w>      <w n="74">Αἰολέας</w> <w n="75">ὡς</w> <w n="76">δούλους</w> <w n="77">πατρωίους</w> <w n="78">ἐόντας</w> <w n="79">ἐνόμιζε</w> <w n="80">,</w> <w n="81">ἐπὶ</w> <w n="82">δὲ
</w>      <w n="88">Αἴγυπτον</w> <w n="89">ἐποιέετο</w> <w n="90">στρατηλασίην</w> <w n="91">,</w> <w n="92">ἄλλους</w> <w n="93">τε</w> <w n="94">παραλαβὼν</w> <w n="95">τῶν</w> <w n="96">ἦρχε
</w>      <w n="102">καὶ</w> <w n="103">δὴ</w> <w n="104">καὶ</w> <w n="105">Ἑλλήνων</w> <w n="106">τῶν</w> <w n="107">ἐπεκράτεε</w> <w n="108">.</w> </p> 
     </div> 
     <div n="2" type="chapter"> 
      <p><w n="1">Οἱ</w> <w n="2">δὲ</w> <w n="3">Αἰγύπτιοι</w> <w n="4">,</w> <w n="5">πρὶν</w> <w n="6">μὲν</w> <w n="7">ἢ</w> <w n="8">Ψαμμήτιχον</w> <w n="9">σφέων</w> <w n="10">βασιλεῦσαι</w> <w n="11">,
</w>      <w n="17">ἐνόμιζον</w> <w n="18">ἑωυτοὺς</w> <w n="19">πρώτους</w> <w n="20">γενέσθαι</w> <w n="21">πάντων</w> <w n="22">ἀνθρώπων</w> <w n="23">.</w> <w n="24">Ἐπειδὴ</w> <w n="25">δὲ
</w>      <w n="31">Ψαμμήτιχος</w> <w n="32">βασιλεύσας</w> <w n="33">ἠθέλησε</w> <w n="34">εἰδέναι</w> <w n="35">οἵτινες</w> <w n="36">γενοίατο</w> <w n="37">πρῶτοι</w> <w n="38">,
</w>      <w n="44">ἀπὸ</w> <w n="45">τούτου</w> <w n="46">νομίζουσι</w> <w n="47">Φρύγας</w> <w n="48">προτέρους</w> <w n="49">γενέσθαι</w> <w n="50">ἑωυτῶν</w> <w n="51">,</w> <w n="52">τῶν</w> <w n="53">δὲ
</w>      <w n="59">ἄλλων</w> <w n="60">ἑωυτούς</w> <w n="61">.</w> <w n="62">Ψαμμήτιχος</w> <w n="63">δὲ</w> <w n="64">ὡς</w> <w n="65">οὐκ</w> <w n="66">ἐδύνατο</w> <w n="67">πυνθανόμενος
</w>      <w n="73">πόρον</w> <w n="74">οὐδένα</w> <w n="75">τούτου</w> <w n="76">ἀνευρεῖν</w> <w n="77">οἳ</w> <w n="78">γενοίατο</w> <w n="79">πρῶτοι</w> <w n="80">ἀνθρώπων</w> <w n="81">,
</w>      <w n="87">ἐπιτεχνᾶται</w> <w n="88">τοιόνδε</w> <w n="89">.</w> <w n="90">Παιδία</w> <w n="91">δύο</w> <w n="92">νεογνὰ</w> <w n="93">ἀνθρώπων</w> <w n="94">τῶν
</w>      <w n="100">ἐπιτυχόντων</w> <w n="101">διδοῖ</w> <w n="102">ποιμένι</w> <w n="103">τρέφειν</w> <w n="104">ἐς</w> <w n="105">τὰ</w> <w n="106">ποίμνια</w> <w n="107">τροφήν</w> <w n="108">τινα
</w>      <w n="114">τοιήνδε</w> <w n="115">,</w> <w n="116">ἐντειλάμενος</w> <w n="117">μηδένα</w> <w n="118">ἀντίον</w> <w n="119">αὐτῶν</w> <w n="120">μηδεμίαν</w> <w n="121">φωνὴν
</w>      <w n="127">ἱέναι</w> <w n="128">,</w> <w n="129">ἐν</w> <w n="130">στέγῃ</w> <w n="131">δὲ</w> <w n="132">ἐρήμῃ</w> <w n="133">ἐπ᾽</w> <w n="134">ἑωυτῶν</w> <w n="135">κεῖσθαι</w> <w n="136">αὐτὰ</w> <w n="137">καὶ</w> <w n="138">τὴν
</w>      <w n="144">ὥρην</w> <w n="145">ἐπαγινέειν</w> <w n="146">σφι</w> <w n="147">αἶγας</w> <w n="148">,</w> <w n="149">πλήσαντα</w> <w n="150">δὲ</w> <w n="151">τοῦ</w> <w n="152">γάλακτος</w> <w n="153">τἆλλα
</w>      <w n="159">διαπρήσσεσθαι</w> <w n="160">.</w> <w n="161">Ταῦτα</w> <w n="162">δὲ</w> <w n="163">ἐποίεέ</w> <w n="164">τε</w> <w n="165">καὶ</w> <w n="166">ἐνετέλλετο</w> <w n="167">ὁ</w> <w n="168">Ψαμμήτιχος
</w>      <w n="174">θέλων</w> <w n="175">ἀκοῦσαι</w> <w n="176">τῶν</w> <w n="177">παιδίων</w> <w n="178">,</w> <w n="179">ἀπαλλαχθέντων</w> <w n="180">τῶν</w> <w n="181">ἀσήμων</w> <w n="182">κνυζημάτων</w> <w n="183">,
</w>      <w n="189">ἥντινα</w> <w n="190">φωνὴν</w> <w n="191">ῥήξουσι</w> <w n="192">πρώτην</w> <w n="193">.</w> <w n="194">Τά</w> <w n="195">περ</w> <w n="196">ὦν</w> <w n="197">καὶ</w> <w n="198">ἐγένετο</w> <w n="199">.</w> <w n="200">Ὡς</w> <w n="201">γὰρ
</w>      <w n="207">διέτης</w> <w n="208">χρόνος</w> <w n="209">ἐγεγόνεε</w> <w n="210">ταῦτα</w> <w n="211">τῷ</w> <w n="212">ποιμένι</w> <w n="213">πρήσσοντι</w> <w n="214">,</w> <w n="215">ἀνοίγοντι
</w>      <w n="221">τὴν</w> <w n="222">θύρην</w> <w n="223">καὶ</w> <w n="224">ἐσιόντι</w> <w n="225">τὰ</w> <w n="226">παιδία</w> <w n="227">ἀμφότερα</w> <w n="228">προσπίπτοντα</w> <w n="229">"βεκός"
</w>      <w n="235">ἐφώνεον</w> <w n="236">ὀρέγοντα</w> <w n="237">τὰς</w> <w n="238">χεῖρας</w> <w n="239">.</w> <w n="240">Τὰ</w> <w n="241">μὲν</w> <w n="242">δὴ</w> <w n="243">πρῶτα</w> <w n="244">ἀκούσας</w> <w n="245">ἥσυχος
</w>      <w n="251">ἦν</w> <w n="252">ὁ</w> <w n="253">ποιμήν</w> <w n="254">·</w> <w n="255">ὡς</w> <w n="256">δὲ</w> <w n="257">πολλάκις</w> <w n="258">φοιτῶντι</w> <w n="259">καὶ</w> <w n="260">ἐπιμελομένῳ</w> <w n="261">πολλὸν
</w>      <w n="267">ἦν</w> <w n="268">τοῦτο</w> <w n="269">τὸ</w> <w n="270">ἔπος</w> <w n="271">,</w> <w n="272">οὕτω</w> <w n="273">δὴ</w> <w n="274">σημήνας</w> <w n="275">τῷ</w> <w n="276">δεσπότῃ</w> <w n="277">ἤγαγε</w> <w n="278">τὰ
</w>      <w n="284">παιδία</w> <w n="285">κελεύσαντος</w> <w n="286">ἐς</w> <w n="287">ὄψιν</w> <w n="288">τὴν</w> <w n="289">ἐκείνου</w> <w n="290">.</w> <w n="291">Ἀκούσας</w> <w n="292">δὲ</w> <w n="293">καὶ
</w>      <w n="299">αὐτὸς</w> <w n="300">ὁ</w> <w n="301">Ψαμμήτιχος</w> <w n="302">ἐπυνθάνετο</w> <w n="303">οἵτινες</w> <w n="304">ἀνθρώπων</w> <w n="305">"βεκός"</w> <w n="306">τι
</w>      <w n="312">καλέουσι</w> <w n="313">,</w> <w n="314">πυνθανόμενος</w> <w n="315">δὲ</w> <w n="316">εὕρισκε</w> <w n="317">Φρύγας</w> <w n="318">καλέοντας</w> <w n="319">τὸν</w> <w n="320">ἄρτον</w> <w n="321">.
</w>      <w n="327">Οὕτω</w> <w n="328">συνεχώρησαν</w> <w n="329">Αἰγύπτιοι</w> <w n="330">καὶ</w> <w n="331">τοιούτῳ</w> <w n="332">σταθμωσάμενοι</w> <w n="333">πρήγματι
</w>      <w n="339">τοὺς</w> <w n="340">Φρύγας</w> <w n="341">πρεσβυτέρους</w> <w n="342">εἶναι</w> <w n="343">ἑωυτῶν</w> <w n="344">.</w> <w n="345">Ὧδε</w> <w n="346">μὲν</w> <w n="347">γενέσθαι</w> <w n="348">τῶν
</w>      <w n="354">ἱρέων</w> <w n="355">τοῦ</w> <w n="356">Ἡφαίστου</w> <w n="357">τοῦ</w> <w n="358">ἐν</w> <w n="359">Μέμφι</w> <w n="360">ἤκουον</w> <w n="361">·</w> <w n="362">Ἕλληνες</w> <w n="363">δὲ
</w>      <w n="369">λέγουσι</w> <w n="370">ἄλλα</w> <w n="371">τε</w> <w n="372">μάταια</w> <w n="373">πολλὰ</w> <w n="374">καὶ</w> <w n="375">ὡς</w> <w n="376">γυναικῶν</w> <w n="377">τὰς</w> <w n="378">γλώσσας</w> <w n="379">ὁ
</w>      <w n="385">Ψαμμήτιχος</w> <w n="386">ἐκταμὼν</w> <w n="387">τὴν</w> <w n="388">δίαιταν</w> <w n="389">οὕτως</w> <w n="390">ἐποιήσατο</w> <w n="391">τῶν</w> <w n="392">παιδίων
</w>      <w n="398">παρὰ</w> <w n="399">ταύτῃσι</w> <w n="400">τῇσι</w> <w n="401">γυναιξί</w> <w n="402">.</w> </p> 
     </div> 
     <div n="3" type="chapter"> 
      <p><w n="1">Κατὰ</w> <w n="2">μὲν</w> <w n="3">δὴ</w> <w n="4">τὴν</w> <w n="5">τροφὴν</w> <w n="6">τῶν</w> <w n="7">παιδίων</w> <w n="8">τοσαῦτα</w> <w n="9">ἔλεγον</w> <w n="10">.</w> <w n="11">Ἤκουσα
</w>      <w n="17">δὲ</w> <w n="18">καὶ</w> <w n="19">ἄλλα</w> <w n="20">ἐν</w> <w n="21">Μέμφι</w> <w n="22">,</w> <w n="23">ἐλθὼν</w> <w n="24">ἐς</w> <w n="25">λόγους</w> <w n="26">τοῖσι</w> <w n="27">ἱρεῦσι</w> <w n="28">τοῦ
</w>      <w n="34">Ἡφαίστου</w> <w n="35">·</w> <w n="36">καὶ</w> <w n="37">δὴ</w> <w n="38">καὶ</w> <w n="39">ἐς</w> <w n="40">Θήβας</w> <w n="41">τε</w> <w n="42">καὶ</w> <w n="43">ἐς</w> <w n="44">Ἡλίου</w> <w n="45">πόλιν</w> <w n="46">αὐτῶν
</w>      <w n="52">τούτων</w> <w n="53">εἵνεκεν</w> <w n="54">ἐτραπόμην</w> <w n="55">,</w> <w n="56">ἐθέλων</w> <w n="57">εἰδέναι</w> <w n="58">εἰ</w> <w n="59">συμβήσονται</w> <w n="60">τοῖσι
</w>      <w n="66">λόγοισι</w> <w n="67">τοῖσι</w> <w n="68">ἐν</w> <w n="69">Μέμφι</w> <w n="70">·</w> <w n="71">οἱ</w> <w n="72">γὰρ</w> <w n="73">Ἡλιοπολῖται</w> <w n="74">λέγονται
</w>      <w n="80">Αἰγυπτίων</w> <w n="81">εἶναι</w> <w n="82">λογιώτατοι</w> <w n="83">.</w> <w n="84">Τὰ</w> <w n="85">μέν</w> <w n="86">νυν</w> <w n="87">θεῖα</w> <w n="88">τῶν</w> <w n="89">ἀπηγημάτων
</w>      <w n="95">οἷα</w> <w n="96">ἤκουον</w> <w n="97">,</w> <w n="98">οὐκ</w> <w n="99">εἰμὶ</w> <w n="100">πρόθυμος</w> <w n="101">ἐξηγέεσθαι</w> <w n="102">,</w> <w n="103">ἔξω</w> <w n="104">ἢ</w> <w n="105">τὰ
</w>      <w n="111">οὐνόματα</w> <w n="112">αὐτῶν</w> <w n="113">μοῦνον</w> <w n="114">,</w> <w n="115">νομίζων</w> <w n="116">πάντας</w> <w n="117">ἀνθρώπους</w> <w n="118">ἴσον</w> <w n="119">περὶ
</w>      <w n="125">αὐτῶν</w> <w n="126">ἐπίστασθαι</w> <w n="127">·</w> <w n="128">τὰ</w> <w n="129">δ᾽</w> <w n="130">ἂν</w> <w n="131">ἐπιμνησθέω</w> <w n="132">αὐτῶν</w> <w n="133">,</w> <w n="134">ὑπὸ</w> <w n="135">τοῦ</w> <w n="136">λόγου
</w>      <w n="142">ἐξαναγκαζόμενος</w> <w n="143">ἐπιμνησθήσομαι</w> <w n="144">.</w> </p> 
     </div> 
     <div n="4" type="chapter"> 
      <p><w n="1">Ὅσα</w> <w n="2">δὲ</w> <w n="3">ἀνθρωπήια</w> <w n="4">πρήγματα</w> <w n="5">,</w> <w n="6">ὧδε</w> <w n="7">ἔλεγον</w> <w n="8">ὁμολογέοντες</w> <w n="9">σφίσι</w> <w n="10">,
</w>      <w n="16">πρώτους</w> <w n="17">Αἰγυπτίους</w> <w n="18">ἀνθρώπων</w> <w n="19">ἁπάντων</w> <w n="20">ἐξευρεῖν</w> <w n="21">τὸν</w> <w n="22">ἐνιαυτόν</w> <w n="23">,
</w>      <w n="29">δυώδεκα</w> <w n="30">μέρεα</w> <w n="31">δασαμένους</w> <w n="32">τῶν</w> <w n="33">ὡρέων</w> <w n="34">ἐς</w> <w n="35">αὐτόν</w> <w n="36">·</w> <w n="37">ταῦτα</w> <w n="38">δὲ
</w>      <w n="44">ἐξευρεῖν</w> <w n="45">ἐκ</w> <w n="46">τῶν</w> <w n="47">ἄστρων</w> <w n="48">ἔλεγον</w> <w n="49">.</w> <w n="50">Ἄγουσι</w> <w n="51">δὲ</w> <w n="52">τοσῷδε</w> <w n="53">σοφώτερον
</w>      <w n="59">Ἑλλήνων</w> <w n="60">,</w> <w n="61">ἐμοὶ</w> <w n="62">δοκέειν</w> <w n="63">,</w> <w n="64">ὅσῳ</w> <w n="65">Ἕλληνες</w> <w n="66">μὲν</w> <w n="67">διὰ</w> <w n="68">τρίτου</w> <w n="69">ἔτεος
</w>      <w n="75">ἐμβόλιμον</w> <w n="76">μῆνα</w> <w n="77">ἐπεμβάλλουσι</w> <w n="78">τῶν</w> <w n="79">ὡρέων</w> <w n="80">εἵνεκεν</w> <w n="81">,</w> <w n="82">Αἰγύπτιοι</w> <w n="83">δὲ
</w>      <w n="89">τριηκοντημέρους</w> <w n="90">ἄγοντες</w> <w n="91">τοὺς</w> <w n="92">δυώδεκα</w> <w n="93">μῆνας</w> <w n="94">ἐπάγουσι</w> <w n="95">ἀνὰ</w> <w n="96">πᾶν
</w>      <w n="102">ἔτος</w> <w n="103">πέντε</w> <w n="104">ἡμέρας</w> <w n="105">πάρεξ</w> <w n="106">τοῦ</w> <w n="107">ἀριθμοῦ</w> <w n="108">,</w> <w n="109">καί</w> <w n="110">σφι</w> <w n="111">ὁ</w> <w n="112">κύκλος</w> <w n="113">τῶν
</w>      <w n="119">ὡρέων</w> <w n="120">ἐς</w> <w n="121">τὠυτὸ</w> <w n="122">περιιὼν</w> <w n="123">παραγίνεται</w> <w n="124">.</w> <w n="125">Δυώδεκά</w> <w n="126">τε</w> <w n="127">θεῶν</w> <w n="128">ἐπωνυμίας
</w>      <w n="134">ἔλεγον</w> <w n="135">πρώτους</w> <w n="136">Αἰγυπτίους</w> <w n="137">νομίσαι</w> <w n="138">καὶ</w> <w n="139">Ἕλληνας</w> <w n="140">παρὰ</w> <w n="141">σφέων
</w>      <w n="147">ἀναλαβεῖν</w> <w n="148">,</w> <w n="149">βωμούς</w> <w n="150">τε</w> <w n="151">καὶ</w> <w n="152">ἀγάλματα</w> <w n="153">καὶ</w> <w n="154">νηοὺς</w> <w n="155">θεοῖσι</w> <w n="156">ἀπονεῖμαι
</w>      <w n="162">σφέας</w> <w n="163">πρώτους</w> <w n="164">καὶ</w> <w n="165">ζῷα</w> <w n="166">ἐν</w> <w n="167">λίθοισι</w> <w n="168">ἐγγλύψαι</w> <w n="169">.</w> <w n="170">Καὶ</w> <w n="171">τούτων</w> <w n="172">μέν</w> <w n="173">νυν
</w>      <w n="179">τὰ</w> <w n="180">πλέω</w> <w n="181">ἔργῳ</w> <w n="182">ἐδήλουν</w> <w n="183">οὕτω</w> <w n="184">γενόμενα</w> <w n="185">.</w> <w n="186">Βασιλεῦσαι</w> <w n="187">δὲ</w> <w n="188">πρῶτον
</w>      <w n="194">Αἰγύπτου</w> <w n="195">ἄνθρωπον</w> <w n="196">ἔλεγον</w> <w n="197">Μῖνα</w> <w n="198">·</w> <w n="199">ἐπὶ</w> <w n="200">τούτου</w> <w n="201">,</w> <w n="202">πλὴν</w> <w n="203">τοῦ
</w>      <w n="209">Θηβαϊκοῦ</w> <w n="210">νομοῦ</w> <w n="211">,</w> <w n="212">πᾶσαν</w> <w n="213">Αἴγυπτον</w> <w n="214">εἶναι</w> <w n="215">ἕλος</w> <w n="216">,</w> <w n="217">καὶ</w> <w n="218">αὐτῆς
</w>      <w n="224">εἶναι</w> <w n="225">οὐδὲν</w> <w n="226">ὑπερέχον</w> <w n="227">τῶν</w> <w n="228">νῦν</w> <w n="229">ἔνερθε</w> <w n="230">λίμνης</w> <w n="231">τῆς</w> <w n="232">Μοίριος
</w>      <w n="238">ἐόντων</w> <w n="239">,</w> <w n="240">ἐς</w> <w n="241">τὴν</w> <w n="242">ἀνάπλοος</w> <w n="243">ἀπὸ</w> <w n="244">θαλάσσης</w> <w n="245">ἑπτὰ</w> <w n="246">ἡμερέων</w> <w n="247">ἐστὶ
</w>      <w n="253">ἀνὰ</w> <w n="254">τὸν</w> <w n="255">ποταμόν</w> <w n="256">.</w> </p> 
     </div> 
     <div n="5" type="chapter"> 
      <p><w n="1">Καὶ</w> <w n="2">εὖ</w> <w n="3">μοι</w> <w n="4">ἐδόκεον</w> <w n="5">λέγειν</w> <w n="6">περὶ</w> <w n="7">τῆς</w> <w n="8">χώρης</w> <w n="9">.</w> <w n="10">Δῆλα</w> <w n="11">γὰρ</w> <w n="12">δὴ</w> <w n="13">καὶ
</w>      <w n="19">μὴ</w> <w n="20">προακούσαντι</w> <w n="21">,</w> <w n="22">ἰδόντι</w> <w n="23">δέ</w> <w n="24">,</w> <w n="25">ὅστις</w> <w n="26">γε</w> <w n="27">σύνεσιν</w> <w n="28">ἔχει</w> <w n="29">,</w> <w n="30">ὅτι</w> <w n="31">ἡ
</w>      <w n="37">Αἴγυπτος</w> <w n="38">ἐς</w> <w n="39">τὴν</w> <w n="40">Ἕλληνες</w> <w n="41">ναυτίλλονται</w> <w n="42">ἐστὶ</w> <w n="43">Αἰγυπτίοισι
</w>      <w n="49">ἐπίκτητός</w> <w n="50">τε</w> <w n="51">γῆ</w> <w n="52">καὶ</w> <w n="53">δῶρον</w> <w n="54">τοῦ</w> <w n="55">ποταμοῦ</w> <w n="56">,</w> <w n="57">καὶ</w> <w n="58">ἡ</w> <w n="59">τὰ</w> <w n="60">κατύπερθε
</w>      <w n="66">ἔτι</w> <w n="67">τῆς</w> <w n="68">λίμνης</w> <w n="69">ταύτης</w> <w n="70">μέχρι</w> <w n="71">τριῶν</w> <w n="72">ἡμερέων</w> <w n="73">πλόου</w> <w n="74">,</w> <w n="75">τῆς</w> <w n="76">πέρι
</w>      <w n="82">ἐκεῖνοι</w> <w n="83">οὐδὲν</w> <w n="84">ἔτι</w> <w n="85">τοιόνδε</w> <w n="86">ἔλεγον</w> <w n="87">,</w> <w n="88">ἔστι</w> <w n="89">δὲ</w> <w n="90">ἕτερον</w> <w n="91">τοιοῦτο</w> <w n="92">.
</w>      <w n="98">Αἰγύπτου</w> <w n="99">γὰρ</w> <w n="100">φύσις</w> <w n="101">ἐστὶ</w> <w n="102">τῆς</w> <w n="103">χώρης</w> <w n="104">τοιήδε</w> <w n="105">.</w> <w n="106">Πρῶτα</w> <w n="107">μὲν
</w>      <w n="113">προσπλέων</w> <w n="114">ἔτι</w> <w n="115">καὶ</w> <w n="116">ἡμέρης</w> <w n="117">δρόμον</w> <w n="118">ἀπέχων</w> <w n="119">ἀπὸ</w> <w n="120">γῆς</w> <w n="121">,</w> <w n="122">κατεὶς
</w>      <w n="128">καταπειρητηρίην</w> <w n="129">πηλόν</w> <w n="130">τε</w> <w n="131">ἀνοίσεις</w> <w n="132">καὶ</w> <w n="133">ἐν</w> <w n="134">ἕνδεκα</w> <w n="135">ὀργυιῇσι
</w>      <w n="141">ἔσεαι</w> <w n="142">·</w> <w n="143">τοῦτο</w> <w n="144">μὲν</w> <w n="145">ἐπὶ</w> <w n="146">τοσοῦτο</w> <w n="147">δηλοῖ</w> <w n="148">πρόχυσιν</w> <w n="149">τῆς</w> <w n="150">γῆς
</w>      <w n="156">ἐοῦσαν</w> <w n="157">.</w> </p> 
     </div> 
     <div n="6" type="chapter"> 
      <p><w n="1">Αὖτις</w> <w n="2">δὲ</w> <w n="3">αὐτῆς</w> <w n="4">ἐστὶ</w> <w n="5">Αἰγύπτου</w> <w n="6">μῆκος</w> <w n="7">τὸ</w> <w n="8">παρὰ</w> <w n="9">θάλασσαν
</w>      <w n="15">ἑξήκοντα</w> <w n="16">σχοῖνοι</w> <w n="17">,</w> <w n="18">κατὰ</w> <w n="19">ἡμεῖς</w> <w n="20">διαιρέομεν</w> <w n="21">εἶναι</w> <w n="22">Αἴγυπτον</w> <w n="23">ἀπὸ
</w>      <w n="29">τοῦ</w> <w n="30">Πλινθινήτεω</w> <w n="31">κόλπου</w> <w n="32">μέχρι</w> <w n="33">Σερβωνίδος</w> <w n="34">λίμνης</w> <w n="35">,</w> <w n="36">παρ᾽</w> <w n="37">ἣν</w> <w n="38">τὸ
</w>      <w n="44">Κάσιον</w> <w n="45">ὄρος</w> <w n="46">τείνει</w>  <w n="48">·</w> <w n="49">ταύτης</w> <w n="50">ὦν</w> <w n="51">ἄπο</w> <w n="52">οἱ</w> <w n="53">ἑξήκοντα</w> <w n="54">σχοῖνοί
</w>      <w n="60">εἰσι</w> <w n="61">.</w> <w n="62">Ὅσοι</w> <w n="63">μὲν</w> <w n="64">γὰρ</w> <w n="65">γεωπεῖναί</w> <w n="66">εἰσι</w> <w n="67">ἀνθρώπων</w> <w n="68">,</w> <w n="69">ὀργυιῇσι
</w>      <w n="75">μεμετρήκασι</w> <w n="76">τὴν</w> <w n="77">χώρην</w> <w n="78">·</w> <w n="79">ὅσοι</w> <w n="80">δὲ</w> <w n="81">ἧσσον</w> <w n="82">γεωπεῖναι</w> <w n="83">,</w> <w n="84">σταδίοισι</w> <w n="85">·</w> <w n="86">οἳ
</w>      <w n="92">δὲ</w> <w n="93">πολλὴν</w> <w n="94">ἔχουσι</w> <w n="95">,</w> <w n="96">παρασάγγῃσι</w> <w n="97">·</w> <w n="98">οἳ</w> <w n="99">δὲ</w> <w n="100">ἄφθονον</w> <w n="101">λίην</w> <w n="102">,</w> <w n="103">σχοίνοισι</w> <w n="104">.
</w>      <w n="110">Δύναται</w> <w n="111">δὲ</w> <w n="112">ὁ</w> <w n="113">μὲν</w> <w n="114">παρασάγγης</w> <w n="115">τριήκοντα</w> <w n="116">στάδια</w> <w n="117">,</w> <w n="118">ὁ</w> <w n="119">δὲ</w> <w n="120">σχοῖνος
</w>      <w n="126">ἕκαστος</w> <w n="127">,</w> <w n="128">μέτρον</w> <w n="129">ἐὸν</w> <w n="130">αἰγύπτιον</w> <w n="131">,</w> <w n="132">ἑξήκοντα</w> <w n="133">στάδια</w> <w n="134">.</w> <w n="135">Οὕτως</w> <w n="136">ἂν
</w>      <w n="142">εἴησαν</w> <w n="143">Αἰγύπτου</w> <w n="144">στάδιοι</w> <w n="145">ἑξακόσιοι</w> <w n="146">καὶ</w> <w n="147">τρισχίλιοι</w> <w n="148">τὸ</w> <w n="149">παρὰ
</w>      <w n="155">θάλασσαν</w> <w n="156">.</w> </p> 
     </div> 
     <div n="7" type="chapter"> 
      <p><w n="1">Ἐνθεῦτεν</w> <w n="2">μὲν</w> <w n="3">καὶ</w> <w n="4">μέχρι</w> <w n="5">Ἡλίου</w> <w n="6">πόλιος</w> <w n="7">ἐς</w> <w n="8">τὴν</w> <w n="9">μεσόγαιάν</w> <w n="10">ἐστι
</w>      <w n="16">εὐρέα</w> <w n="17">Αἴγυπτος</w> <w n="18">,</w> <w n="19">ἐοῦσα</w> <w n="20">πᾶσα</w> <w n="21">ὑπτίη</w> <w n="22">τε</w> <w n="23">καὶ</w> <w n="24">ἔνυδρος</w> <w n="25">καὶ</w> <w n="26">ἰλύς</w> <w n="27">.
</w>      <w n="33">Ἔστι</w> <w n="34">δὲ</w> <w n="35">ὁδὸς</w> <w n="36">ἐς</w> <w n="37">Ἡλίου</w> <w n="38">πόλιν</w> <w n="39">ἀπὸ</w> <w n="40">θαλάσσης</w> <w n="41">ἄνω</w> <w n="42">ἰόντι
</w>      <w n="48">παραπλησίη</w> <w n="49">τὸ</w> <w n="50">μῆκος</w> <w n="51">τῇ</w> <w n="52">ἐξ</w> <w n="53">Ἀθηνέων</w> <w n="54">ὁδῷ</w> <w n="55">τῇ</w> <w n="56">ἀπὸ</w> <w n="57">τῶν
</w>      <w n="63">Δυώδεκα</w> <w n="64">Θεῶν</w> <w n="65">τοῦ</w> <w n="66">βωμοῦ</w> <w n="67">φερούσῃ</w> <w n="68">ἔς</w> <w n="69">τε</w> <w n="70">Πῖσαν</w> <w n="71">καὶ</w> <w n="72">ἐπὶ</w> <w n="73">τὸν
</w>      <w n="79">νηὸν</w> <w n="80">τοῦ</w> <w n="81">Διὸς</w> <w n="82">τοῦ</w> <w n="83">Ὀλυμπίου</w> <w n="84">·</w> <w n="85">σμικρόν</w> <w n="86">τι</w> <w n="87">τὸ</w> <w n="88">διάφορον</w> <w n="89">εὕροι</w> <w n="90">τις
</w>      <w n="96">ἂν</w> <w n="97">λογιζόμενος</w> <w n="98">τῶν</w> <w n="99">ὁδῶν</w> <w n="100">τουτέων</w> <w n="101">,</w> <w n="102">τὸ</w> <w n="103">μὴ</w> <w n="104">ἴσας</w> <w n="105">μῆκος</w> <w n="106">εἶναι</w> <w n="107">,</w> <w n="108">οὐ
</w>      <w n="114">πλέον</w> <w n="115">πεντεκαίδεκα</w> <w n="116">σταδίων</w> <w n="117">·</w> <w n="118">ἡ</w> <w n="119">μὲν</w> <w n="120">γὰρ</w> <w n="121">ἐς</w> <w n="122">Πῖσαν</w> <w n="123">ἐξ</w> <w n="124">Ἀθηνέων
</w>      <w n="130">καταδεῖ</w> <w n="131">πεντεκαίδεκα</w> <w n="132">σταδίων</w> <w n="133">ὡς</w> <w n="134">μὴ</w> <w n="135">εἶναι</w> <w n="136">πεντακοσίων</w> <w n="137">καὶ</w> <w n="138">χιλίων</w> <w n="139">,
</w>      <w n="145">ἡ</w> <w n="146">δὲ</w> <w n="147">ἐς</w> <w n="148">Ἡλίου</w> <w n="149">πόλιν</w> <w n="150">ἀπὸ</w> <w n="151">θαλάσσης</w> <w n="152">πληροῖ</w> <w n="153">ἐς</w> <w n="154">τὸν</w> <w n="155">ἀριθμὸν
</w>      <w n="161">τοῦτον</w> <w n="162">.</w> <w n="163">Ἀπὸ</w> <w n="164">δὲ</w> <w n="165">Ἡλίου</w> <w n="166">πόλιος</w> <w n="167">ἄνω</w> <w n="168">ἰόντι</w> <w n="169">στεινή</w> <w n="170">ἐστι
</w>      <w n="176">Αἴγυπτος</w> <w n="177">.</w> </p> 
     </div> 
     <div n="8" type="chapter"> 
      <p><w n="1">Τῇ</w> <w n="2">μὲν</w> <w n="3">γὰρ</w> <w n="4">τῆς</w> <w n="5">Ἀραβίης</w> <w n="6">ὄρος</w> <w n="7">παρατέταται</w> <w n="8">,</w> <w n="9">φέρον</w> <w n="10">ἀπ᾽
</w>      <w n="16">ἄρκτου</w> <w n="17">πρὸς</w> <w n="18">μεσαμβρίην</w> <w n="19">τε</w> <w n="20">καὶ</w> <w n="21">νότον</w> <w n="22">,</w> <w n="23">αἰεὶ</w> <w n="24">ἄνω</w> <w n="25">τεῖνον</w> <w n="26">ἐς</w> <w n="27">τὴν
</w>      <w n="33">Ἐρυθρὴν</w> <w n="34">καλεομένην</w> <w n="35">θάλασσαν</w> <w n="36">,</w> <w n="37">ἐν</w> <w n="38">τῷ</w> <w n="39">αἱ</w> <w n="40">λιθοτομίαι</w> <w n="41">ἔνεισι</w> <w n="42">αἱ
</w>      <w n="48">ἐς</w> <w n="49">τὰς</w> <w n="50">πυραμίδας</w> <w n="51">κατατμηθεῖσαι</w> <w n="52">τὰς</w> <w n="53">ἐν</w> <w n="54">Μέμφι</w> <w n="55">·</w> <w n="56">ταύτῃ</w> <w n="57">μὲν</w> <w n="58">λῆγον
</w>      <w n="64">ἀνακάμπτει</w> <w n="65">ἐς</w> <w n="66">τὰ</w> <w n="67">εἴρηται</w> <w n="68">τὸ</w> <w n="69">ὄρος</w> <w n="70">·</w> <w n="71">τῇ</w> <w n="72">δὲ</w> <w n="73">αὐτὸ</w> <w n="74">ἑωυτοῦ</w> <w n="75">ἐστι
</w>      <w n="81">μακρότατον</w> <w n="82">,</w> <w n="83">ὡς</w> <w n="84">ἐγὼ</w> <w n="85">ἐπυνθανόμην</w> <w n="86">,</w> <w n="87">δύο</w> <w n="88">μηνῶν</w> <w n="89">·</w> <w n="90">αὐτὸ</w> <w n="91">εἶναι</w> <w n="92">τῆς
</w>      <w n="98">ὁδοῦ</w> <w n="99">ἀπὸ</w> <w n="100">ἠοῦς</w> <w n="101">πρὸς</w> <w n="102">ἑσπέρην</w> <w n="103">,</w> <w n="104">τὰ</w> <w n="105">δὲ</w> <w n="106">πρὸς</w> <w n="107">τὴν</w> <w n="108">ἠῶ</w> <w n="109">λιβανωτοφόρα
</w>      <w n="115">αὐτοῦ</w> <w n="116">τὰ</w> <w n="117">τέρματα</w> <w n="118">εἶναι</w> <w n="119">.</w> <w n="120">Τοῦτο</w> <w n="121">μέν</w> <w n="122">νυν</w> <w n="123">τὸ</w> <w n="124">ὄρος</w> <w n="125">τοιοῦτό</w> <w n="126">ἐστι</w> <w n="127">.
</w>      <w n="133">Τὸ</w> <w n="134">δὲ</w> <w n="135">πρὸς</w> <w n="136">Λιβύης</w> <w n="137">τῆς</w> <w n="138">Αἰγύπτου</w> <w n="139">ὄρος</w> <w n="140">ἄλλο</w> <w n="141">πέτρινον</w> <w n="142">τείνει</w> <w n="143">,
</w>      <w n="149">ἐν</w> <w n="150">τῷ</w> <w n="151">αἱ</w> <w n="152">πυραμίδες</w> <w n="153">ἔνεισι</w> <w n="154">,</w> <w n="155">ψάμμῳ</w> <w n="156">κατειλυμένον</w> <w n="157">,</w> <w n="158">τεταμένον</w> <w n="159">τὸν
</w>      <w n="165">αὐτὸν</w> <w n="166">τρόπον</w> <w n="167">καὶ</w> <w n="168">τοῦ</w> <w n="169">Ἀραβίου</w> <w n="170">τὰ</w> <w n="171">πρὸς</w> <w n="172">μεσαμβρίην</w> <w n="173">φέροντα</w> <w n="174">.</w> <w n="175">Τὸ
</w>      <w n="181">ὦν</w> <w n="182">δὴ</w> <w n="183">ἀπὸ</w> <w n="184">Ἡλίου</w> <w n="185">πόλιος</w> <w n="186">οὐκέτι</w> <w n="187">πολλὸν</w> <w n="188">χωρίον</w> <w n="189">ὡς</w> <w n="190">εἶναι
</w>      <w n="196">Αἰγύπτου</w> <w n="197">,</w> <w n="198">ἀλλ᾽</w> <w n="199">ὅσον</w> <w n="200">τε</w> <w n="201">ἡμερέων</w> <w n="202">τεσσέρων</w> <w n="203">ἀναπλόου</w> <w n="204">ἐστὶ</w> <w n="205">στεινὴ
</w>      <w n="211">Αἴγυπτος</w> <w n="212">,</w> <w n="213">ἐοῦσα</w> <w n="214">τῶν</w> <w n="215">δὲ</w> <w n="216">ὀρέων</w> <w n="217">τῶν</w> <w n="218">εἰρημένων</w> <w n="219">τὸ</w> <w n="220">μεταξὺ</w> <w n="221">πεδιὰς
</w>      <w n="227">μὲν</w> <w n="228">γῆ</w> <w n="229">,</w> <w n="230">στάδιοι</w> <w n="231">δὲ</w> <w n="232">μάλιστα</w> <w n="233">ἐδόκεόν</w> <w n="234">μοι</w> <w n="235">εἶναι</w> <w n="236">,</w> <w n="237">τῇ</w> <w n="238">στεινότατόν
</w>      <w n="244">ἐστι</w> <w n="245">,</w> <w n="246">διηκοσίων</w> <w n="247">οὐ</w> <w n="248">πλέους</w> <w n="249">ἐκ</w> <w n="250">τοῦ</w> <w n="251">Ἀραβίου</w> <w n="252">ὄρεος</w> <w n="253">ἐς</w> <w n="254">τὸ
</w>      <w n="260">Λιβυκὸν</w> <w n="261">καλεόμενον</w> <w n="262">·</w> <w n="263">τὸ</w> <w n="264">δὲ</w> <w n="265">ἐνθεῦτεν</w> <w n="266">αὖτις</w> <w n="267">εὐρέα</w> <w n="268">Αἴγυπτός
</w>      <w n="274">ἐστι</w> <w n="275">.</w> </p> 
     </div> 
     <div n="9" type="chapter"> 
      <p><w n="1">Πέφυκε</w> <w n="2">μέν</w> <w n="3">νυν</w> <w n="4">ἡ</w> <w n="5">χώρη</w> <w n="6">αὕτη</w> <w n="7">οὕτως</w> <w n="8">.</w> <w n="9">Ἀπὸ</w> <w n="10">δὲ</w> <w n="11">Ἡλίου</w> <w n="12">πόλιος
</w>      <w n="18">ἐς</w> <w n="19">Θήβας</w> <w n="20">ἐστὶ</w> <w n="21">ἀνάπλοος</w> <w n="22">ἐννέα</w> <w n="23">ἡμερέων</w> <w n="24">,</w> <w n="25">στάδιοι</w> <w n="26">δὲ</w> <w n="27">τῆς</w> <w n="28">ὁδοῦ
</w>      <w n="34">ἑξήκοντα</w> <w n="35">καὶ</w> <w n="36">ὀκτακόσιοι</w> <w n="37">καὶ</w> <w n="38">τετρακισχίλιοι</w> <w n="39">,</w> <w n="40">σχοίνων</w> <w n="41">ἑνὸς</w> <w n="42">καὶ
</w>      <w n="48">ὀγδώκοντα</w> <w n="49">ἐόντων</w> <w n="50">.</w> <w n="51">Οὗτοι</w> <w n="52">συντιθέμενοι</w> <w n="53">οἱ</w> <w n="54">στάδιοι</w> <w n="55">Αἰγύπτου</w> <w n="56">,</w> <w n="57">τὸ
</w>      <w n="63">μὲν</w> <w n="64">παρὰ</w> <w n="65">θάλασσαν</w> <w n="66">ἤδη</w> <w n="67">μοι</w> <w n="68">καὶ</w> <w n="69">πρότερον</w> <w n="70">δεδήλωται</w> <w n="71">ὅτι</w> <w n="72">ἑξακοσίων
</w>      <w n="78">τέ</w> <w n="79">ἐστι</w> <w n="80">σταδίων</w> <w n="81">καὶ</w> <w n="82">τρισχιλίων</w> <w n="83">,</w> <w n="84">ὅσον</w> <w n="85">δέ</w> <w n="86">τι</w> <w n="87">ἀπὸ</w> <w n="88">θαλάσσης</w> <w n="89">ἐς
</w>      <w n="95">μεσόγαιαν</w> <w n="96">μέχρι</w> <w n="97">Θηβέων</w> <w n="98">ἐστί</w> <w n="99">,</w> <w n="100">σημανέω</w> <w n="101">·</w> <w n="102">στάδιοι</w> <w n="103">γάρ</w> <w n="104">εἰσι</w> <w n="105">εἴκοσι
</w>      <w n="111">καὶ</w> <w n="112">ἑκατὸν</w> <w n="113">καὶ</w> <w n="114">ἑξακισχίλιοι</w> <w n="115">·</w> <w n="116">τὸ</w> <w n="117">δὲ</w> <w n="118">ἀπὸ</w> <w n="119">Θηβέων</w> <w n="120">ἐς
</w>      <w n="126">Ἐλεφαντίνην</w> <w n="127">καλεομένην</w> <w n="128">πόλιν</w> <w n="129">στάδιοι</w> <w n="130">χίλιοι</w> <w n="131">καὶ</w> <w n="132">ὀκτακόσιοί
</w>      <w n="138">εἰσι</w> <w n="139">.</w> <w n="140">*</w> </p> 
     </div> 
     <div n="10" type="chapter"> 
      <p><w n="1">Ταύτης</w> <w n="2">ὦν</w> <w n="3">τῆς</w> <w n="4">χώρης</w> <w n="5">τῆς</w> <w n="6">εἰρημένης</w> <w n="7">ἡ</w> <w n="8">πολλή</w> <w n="9">,</w> <w n="10">κατά</w> <w n="11">περ</w> <w n="12">οἱ
</w>      <w n="18">ἱρέες</w> <w n="19">ἔλεγον</w> <w n="20">,</w> <w n="21">ἐδόκεε</w> <w n="22">καὶ</w> <w n="23">αὐτῷ</w> <w n="24">μοι</w> <w n="25">εἶναι</w> <w n="26">ἐπίκτητος
</w>      <w n="32">Αἰγυπτίοισι</w> <w n="33">.</w> <w n="34">Τῶν</w> <w n="35">γὰρ</w> <w n="36">ὀρέων</w> <w n="37">τῶν</w> <w n="38">εἰρημένων</w> <w n="39">τῶν</w> <w n="40">ὑπὲρ</w> <w n="41">Μέμφιν
</w>      <w n="47">πόλιν</w> <w n="48">κειμένων</w> <w n="49">τὸ</w> <w n="50">μεταξὺ</w> <w n="51">ἐφαίνετό</w> <w n="52">μοι</w> <w n="53">εἶναί</w> <w n="54">κοτε</w> <w n="55">κόλπος
</w>      <w n="61">θαλάσσης</w> <w n="62">,</w> <w n="63">ὥσπερ</w> <w n="64">τὰ</w> <w n="65">περὶ</w> <w n="66">Ἴλιον</w> <w n="67">καὶ</w> <w n="68">Τευθρανίην</w> <w n="69">καὶ</w> <w n="70">Ἔφεσόν</w> <w n="71">τε
</w>      <w n="77">καὶ</w> <w n="78">Μαιάνδρου</w> <w n="79">πεδίον</w> <w n="80">,</w> <w n="81">ὥς</w> <w n="82">γε</w> <w n="83">εἶναι</w> <w n="84">σμικρὰ</w> <w n="85">ταῦτα</w> <w n="86">μεγάλοισι
</w>      <w n="92">συμβαλεῖν</w> <w n="93">·</w> <w n="94">τῶν</w> <w n="95">γὰρ</w> <w n="96">ταῦτα</w> <w n="97">τὰ</w> <w n="98">χωρία</w> <w n="99">προσχωσάντων</w> <w n="100">ποταμῶν</w> <w n="101">ἑνὶ</w> <w n="102">τῶν
</w>      <w n="108">στομάτων</w> <w n="109">τοῦ</w> <w n="110">Νείλου</w> <w n="111">,</w> <w n="112">ἐόντος</w> <w n="113">πενταστόμου</w> <w n="114">,</w> <w n="115">οὐδεὶς</w> <w n="116">αὐτῶν</w> <w n="117">πλήθεος
</w>      <w n="123">πέρι</w> <w n="124">ἄξιος</w> <w n="125">συμβληθῆναί</w> <w n="126">ἐστι</w> <w n="127">.</w> <w n="128">Εἰσὶ</w> <w n="129">δὲ</w> <w n="130">καὶ</w> <w n="131">ἄλλοι</w> <w n="132">ποταμοί</w> <w n="133">,</w> <w n="134">οὐ
</w>      <w n="140">κατὰ</w> <w n="141">τὸν</w> <w n="142">Νεῖλον</w> <w n="143">ἐόντες</w> <w n="144">μεγάθεα</w> <w n="145">,</w> <w n="146">οἵτινες</w> <w n="147">ἔργα</w> <w n="148">ἀποδεξάμενοι
</w>      <w n="154">μεγάλα</w> <w n="155">εἰσί</w> <w n="156">·</w> <w n="157">τῶν</w> <w n="158">ἐγὼ</w> <w n="159">φράσαι</w> <w n="160">ἔχω</w> <w n="161">οὐνόματα</w> <w n="162">καὶ</w> <w n="163">ἄλλων</w> <w n="164">καὶ</w> <w n="165">οὐκ
</w>      <w n="171">ἥκιστα</w> <w n="172">Ἀχελῴου</w> <w n="173">,</w> <w n="174">ὃς</w> <w n="175">ῥέων</w> <w n="176">δι᾽</w> <w n="177">Ἀκαρνανίης</w> <w n="178">καὶ</w> <w n="179">ἐξιεὶς</w> <w n="180">ἐς
</w>      <w n="186">θάλασσαν</w> <w n="187">τῶν</w> <w n="188">Ἐχινάδων</w> <w n="189">νήσων</w> <w n="190">τὰς</w> <w n="191">ἡμισέας</w> <w n="192">ἤδη</w> <w n="193">ἤπειρον
</w>      <w n="199">πεποίηκε</w> <w n="200">.</w> </p> 
     </div> 
         </div> 
    <div n="3" type="book"> 
     <div n="t" type="chapter"> 
      <p><w n="1">
</w>        <w n="9">ΘΑΛΕΙΑ</w>  <w n="11">
</w>     </p> 
     </div> 
     <div n="1" type="chapter"> 
      <p><w n="1">Ἐπὶ</w> <w n="2">τοῦτον</w> <w n="3">δὴ</w> <w n="4">τὸν</w> <w n="5">Ἄμασιν</w> <w n="6">Καμβύσης</w> <w n="7">ὁ</w> <w n="8">Κύρου</w> <w n="9">ἐστρατεύετο</w> <w n="10">,
</w>      <w n="16">ἄγων</w> <w n="17">ἄλλους</w> <w n="18">τε</w> <w n="19">τῶν</w> <w n="20">ἦρχε</w> <w n="21">καὶ</w> <w n="22">Ἑλλήνων</w> <w n="23">Ἴωνάς</w> <w n="24">τε</w> <w n="25">καὶ
</w>      <w n="31">Αἰολέας</w> <w n="32">,</w> <w n="33">δι᾽</w> <w n="34">αἰτίην</w> <w n="35">τοιήνδε</w> <w n="36">.</w> <w n="37">Πέμψας</w> <w n="38">Καμβύσης</w> <w n="39">ἐς</w> <w n="40">Αἴγυπτον
</w>      <w n="46">κήρυκα</w> <w n="47">αἴτεε</w> <w n="48">Ἄμασιν</w> <w n="49">θυγατέρα</w> <w n="50">,</w> <w n="51">αἴτεε</w> <w n="52">δὲ</w> <w n="53">ἐκ</w> <w n="54">βουλῆς</w> <w n="55">ἀνδρὸς
</w>      <w n="61">Αἰγυπτίου</w> <w n="62">,</w> <w n="63">ὃς</w> <w n="64">μεμφόμενος</w> <w n="65">Ἀμάσι</w> <w n="66">ἔπρηξε</w> <w n="67">ταῦτα</w> <w n="68">ὅτι</w> <w n="69">μιν</w> <w n="70">ἐξ
</w>      <w n="76">ἁπάντων</w> <w n="77">τῶν</w> <w n="78">ἐν</w> <w n="79">Αἰγύπτῳ</w> <w n="80">ἰητρῶν</w> <w n="81">ἀποσπάσας</w> <w n="82">ἀπὸ</w> <w n="83">γυναικός</w> <w n="84">τε
</w>      <w n="90">καὶ</w> <w n="91">τέκνων</w> <w n="92">ἔκδοτον</w> <w n="93">ἐποίησε</w> <w n="94">ἐς</w> <w n="95">Πέρσας</w> <w n="96">,</w> <w n="97">ὅτε</w> <w n="98">Κῦρος</w> <w n="99">πέμψας</w> <w n="100">παρὰ
</w>      <w n="106">Ἄμασιν</w> <w n="107">αἴτεε</w> <w n="108">ἰητρὸν</w> <w n="109">ὀφθαλμῶν</w> <w n="110">,</w> <w n="111">ὃς</w> <w n="112">εἴη</w> <w n="113">ἄριστος</w> <w n="114">τῶν</w> <w n="115">ἐν
</w>      <w n="121">Αἰγύπτῳ</w> <w n="122">.</w> <w n="123">Ταῦτα</w> <w n="124">δὴ</w> <w n="125">ἐπιμεμφόμενος</w> <w n="126">ὁ</w> <w n="127">Αἰγύπτιος</w> <w n="128">ἐνῆγε</w> <w n="129">τῇ
</w>      <w n="135">συμβουλίῃ</w> <w n="136">κελεύων</w> <w n="137">αἰτέειν</w> <w n="138">τὸν</w> <w n="139">Καμβύσην</w> <w n="140">Ἄμασιν</w> <w n="141">θυγατέρα</w> <w n="142">,</w> <w n="143">ἵνα
</w>      <w n="149">ἢ</w> <w n="150">δοὺς</w> <w n="151">ἀνιῷτο</w> <w n="152">ἢ</w> <w n="153">μὴ</w> <w n="154">δοὺς</w> <w n="155">Καμβύσῃ</w> <w n="156">ἀπέχθοιτο</w> <w n="157">.</w> <w n="158">Ὁ</w> <w n="159">δὲ
</w>      <w n="165">Ἄμασις</w> <w n="166">τῇ</w> <w n="167">δυνάμι</w> <w n="168">τῶν</w> <w n="169">Περσέων</w> <w n="170">ἀχθόμενος</w> <w n="171">καὶ</w> <w n="172">ἀρρωδέων</w> <w n="173">οὐκ
</w>      <w n="179">εἶχε</w> <w n="180">οὔτε</w> <w n="181">δοῦναι</w> <w n="182">οὔτε</w> <w n="183">ἀρνήσασθαι</w> <w n="184">·</w> <w n="185">εὖ</w> <w n="186">γὰρ</w> <w n="187">ἠπίστατο</w> <w n="188">ὅτι</w> <w n="189">οὐκ
</w>      <w n="195">ὡς</w> <w n="196">γυναῖκά</w> <w n="197">μιν</w> <w n="198">ἔμελλε</w> <w n="199">Καμβύσης</w> <w n="200">ἕξειν</w> <w n="201">ἀλλ᾽</w> <w n="202">ὡς</w> <w n="203">παλλακήν</w> <w n="204">.</w> <w n="205">Ταῦτα
</w>      <w n="211">δὴ</w> <w n="212">ἐκλογιζόμενος</w> <w n="213">ἐποίησε</w> <w n="214">τάδε</w> <w n="215">.</w> <w n="216">Ἦν</w> <w n="217">Ἀπρίεω</w> <w n="218">τοῦ</w> <w n="219">προτέρου
</w>      <w n="225">βασιλέος</w> <w n="226">θυγάτηρ</w> <w n="227">κάρτα</w> <w n="228">μεγάλη</w> <w n="229">τε</w> <w n="230">καὶ</w> <w n="231">εὐειδής</w> <w n="232">,</w> <w n="233">μούνη</w> <w n="234">τοῦ</w> <w n="235">οἴκου
</w>      <w n="241">λελειμμένη</w> <w n="242">,</w> <w n="243">οὔνομα</w> <w n="244">δέ</w> <w n="245">οἱ</w> <w n="246">ἦν</w> <w n="247">Νίτητις</w> <w n="248">.</w> <w n="249">Ταύτην</w> <w n="250">δὴ</w> <w n="251">τὴν</w> <w n="252">παῖδα</w> <w n="253">ὁ
</w>      <w n="259">Ἄμασις</w> <w n="260">κοσμήσας</w> <w n="261">ἐσθῆτί</w> <w n="262">τε</w> <w n="263">καὶ</w> <w n="264">χρυσῷ</w> <w n="265">ἀποπέμπει</w> <w n="266">ἐς</w> <w n="267">Πέρσας</w> <w n="268">ὡς
</w>      <w n="274">ἑωυτοῦ</w> <w n="275">θυγατέρα</w> <w n="276">.</w> <w n="277">Μετὰ</w> <w n="278">δὲ</w> <w n="279">χρόνον</w> <w n="280">ὥς</w> <w n="281">μιν</w> <w n="282">ἠσπάζετο</w> <w n="283">Καμβύσης
</w>      <w n="289">πατρόθεν</w> <w n="290">ὀνομάζων</w> <w n="291">,</w> <w n="292">λέγει</w> <w n="293">πρὸς</w> <w n="294">αὐτὸν</w> <w n="295">ἡ</w> <w n="296">παῖς</w> <w n="297">·</w> <w n="298">"Ὦ</w> <w n="299">βασιλεῦ</w> <w n="300">,
</w>      <w n="306">διαβεβλημένος</w> <w n="307">ὑπὸ</w> <w n="308">Ἀμάσιος</w> <w n="309">οὐ</w> <w n="310">μανθάνεις</w> <w n="311">,</w> <w n="312">ὃς</w> <w n="313">ἐμὲ</w> <w n="314">σοὶ</w> <w n="315">κόσμῳ
</w>      <w n="321">ἀσκήσας</w> <w n="322">ἀπέπεμψε</w> <w n="323">,</w> <w n="324">ὡς</w> <w n="325">ἑωυτοῦ</w> <w n="326">θυγατέρα</w> <w n="327">διδούς</w> <w n="328">,</w> <w n="329">ἐοῦσαν</w> <w n="330">τῇ
</w>      <w n="336">ἀληθείῃ</w> <w n="337">Ἀπρίεω</w> <w n="338">,</w> <w n="339">τὸν</w> <w n="340">ἐκεῖνος</w> <w n="341">ἐόντα</w> <w n="342">ἑωυτοῦ</w> <w n="343">δεσπότην</w> <w n="344">μετ᾽
</w>      <w n="350">Αἰγυπτίων</w> <w n="351">ἐπαναστὰς</w> <w n="352">ἐφόνευσε</w> <w n="353">."</w> <w n="354">Τοῦτο</w> <w n="355">δὴ</w> <w n="356">τὸ</w> <w n="357">ἔπος</w> <w n="358">καὶ</w> <w n="359">αὕτη
</w>      <w n="365">ἡ</w> <w n="366">αἰτίη</w> <w n="367">ἐγγενομένη</w> <w n="368">ἤγαγε</w> <w n="369">Καμβύσην</w> <w n="370">τὸν</w> <w n="371">Κύρου</w> <w n="372">μεγάλως
</w>      <w n="378">θυμωθέντα</w> <w n="379">ἐπ᾽</w> <w n="380">Αἴγυπτον</w> <w n="381">.</w> <w n="382">Οὕτω</w> <w n="383">μέν</w> <w n="384">νυν</w> <w n="385">λέγουσι</w> <w n="386">Πέρσαι</w> <w n="387">.</w> </p> 
     </div> 
     <div n="2" type="chapter"> 
      <p><w n="1">Αἰγύπτιοι</w> <w n="2">δὲ</w> <w n="3">οἰκηιοῦνται</w> <w n="4">Καμβύσην</w> <w n="5">,</w> <w n="6">φάμενοί</w> <w n="7">μιν</w> <w n="8">ἐκ</w> <w n="9">ταύτης</w> <w n="10">δὴ
</w>      <w n="16">τῆς</w> <w n="17">Ἀπρίεω</w> <w n="18">θυγατρὸς</w> <w n="19">γενέσθαι</w> <w n="20">·</w> <w n="21">Κῦρον</w> <w n="22">γὰρ</w> <w n="23">εἶναι</w> <w n="24">τὸν</w> <w n="25">πέμψαντα
</w>      <w n="31">παρὰ</w> <w n="32">Ἄμασιν</w> <w n="33">ἐπὶ</w> <w n="34">τὴν</w> <w n="35">θυγατέρα</w> <w n="36">,</w> <w n="37">ἀλλ᾽</w> <w n="38">οὐ</w> <w n="39">Καμβύσην</w> <w n="40">.</w> <w n="41">Λέγοντες</w> <w n="42">δὲ
</w>      <w n="48">ταῦτα</w> <w n="49">οὐκ</w> <w n="50">ὀρθῶς</w> <w n="51">λέγουσι</w> <w n="52">·</w> <w n="53">οὐ</w> <w n="54">μὲν</w> <w n="55">οὐδὲ</w> <w n="56">λέληθε</w> <w n="57">αὐτοὺς</w> <w n="58">εἰ</w> <w n="59">γάρ
</w>      <w n="65">τινες</w> <w n="66">καὶ</w> <w n="67">ἄλλοι</w> <w n="68">,</w> <w n="69">τὰ</w> <w n="70">Περσέων</w> <w n="71">νόμιμα</w> <w n="72">ὀρθῶς</w> <w n="73">ἐπιστέαται</w> <w n="74">καὶ
</w>      <w n="80">Αἰγύπτιοι</w> <w n="81">ὅτι</w> <w n="82">πρῶτα</w> <w n="83">μὲν</w> <w n="84">νόθον</w> <w n="85">οὔ</w> <w n="86">σφι</w> <w n="87">νόμος</w> <w n="88">ἐστὶ</w> <w n="89">βασιλεῦσαι
</w>      <w n="95">γνησίου</w> <w n="96">παρεόντος</w> <w n="97">,</w> <w n="98">αὖτις</w> <w n="99">δὲ</w> <w n="100">ὅτι</w> <w n="101">Κασσανδάνης</w> <w n="102">τῆς</w> <w n="103">φαρνάσπεω
</w>      <w n="109">θυγατρὸς</w> <w n="110">ἦν</w> <w n="111">παῖς</w> <w n="112">Καμβύσης</w> <w n="113">,</w> <w n="114">ἀνδρὸς</w> <w n="115">Ἀχαιμενίδεω</w> <w n="116">,</w> <w n="117">ἀλλ᾽</w> <w n="118">οὐκ</w> <w n="119">ἐκ
</w>      <w n="125">τῆς</w> <w n="126">Αἰγυπτίης</w> <w n="127">.</w> <w n="128">Ἀλλὰ</w> <w n="129">παρατρέπουσι</w> <w n="130">τὸν</w> <w n="131">λόγον</w> <w n="132">προσποιεύμενοι</w> <w n="133">τῇ
</w>      <w n="139">Κύρου</w> <w n="140">οἰκίῃ</w> <w n="141">συγγενέες</w> <w n="142">εἶναι</w> <w n="143">.</w> </p> 
     </div> 
     <div n="3" type="chapter"> 
      <p><w n="1">Καὶ</w> <w n="2">ταῦτα</w> <w n="3">μὲν</w> <w n="4">ὧδε</w> <w n="5">ἔχει</w> <w n="6">.</w> <w n="7">Λέγεται</w> <w n="8">δὲ</w> <w n="9">καὶ</w> <w n="10">ὅδε</w> <w n="11">λόγος</w> <w n="12">,</w> <w n="13">ἐμοὶ
</w>      <w n="19">μὲν</w> <w n="20">οὐ</w> <w n="21">πιθανός</w> <w n="22">,</w> <w n="23">ὡς</w> <w n="24">τῶν</w> <w n="25">Περσίδων</w> <w n="26">γυναικῶν</w> <w n="27">ἐσελθοῦσά</w> <w n="28">τις</w> <w n="29">παρὰ
</w>      <w n="35">τὰς</w> <w n="36">Κύρου</w> <w n="37">γυναῖκας</w> <w n="38">,</w> <w n="39">ὡς</w> <w n="40">εἶδε</w> <w n="41">τῇ</w> <w n="42">Κασσανδάνῃ</w> <w n="43">παρεστεῶτα</w> <w n="44">τέκνα
</w>      <w n="50">εὐειδέα</w> <w n="51">τε</w> <w n="52">καὶ</w> <w n="53">μεγάλα</w> <w n="54">,</w> <w n="55">πολλῷ</w> <w n="56">ἐχρᾶτο</w> <w n="57">τῷ</w> <w n="58">ἐπαίνῳ
</w>      <w n="64">ὑπερθωμάζουσα</w> <w n="65">,</w> <w n="66">ἡ</w> <w n="67">δὲ</w> <w n="68">Κασσανδάνη</w> <w n="69">,</w> <w n="70">ἐοῦσα</w> <w n="71">τοῦ</w> <w n="72">Κύρου</w> <w n="73">γυνή</w> <w n="74">,</w> <w n="75">εἶπε
</w>      <w n="81">τάδε</w> <w n="82">·</w> <w n="83">"Τοιῶνδε</w> <w n="84">μέντοι</w> <w n="85">ἐμὲ</w> <w n="86">παίδων</w> <w n="87">μητέρα</w> <w n="88">ἐοῦσαν</w> <w n="89">Κῦρος</w> <w n="90">ἐν
</w>      <w n="96">ἀτιμίῃ</w> <w n="97">ἔχει</w> <w n="98">,</w> <w n="99">τὴν</w> <w n="100">δὲ</w> <w n="101">ἀπ᾽</w> <w n="102">Αἰγύπτου</w> <w n="103">ἐπίκτητον</w> <w n="104">ἐν</w> <w n="105">τιμῇ
</w>      <w n="111">τίθεται</w> <w n="112">."</w> <w n="113">Τὴν</w> <w n="114">μὲν</w> <w n="115">ἀχθομένην</w> <w n="116">τῇ</w> <w n="117">Νιτήτι</w> <w n="118">εἰπεῖν</w> <w n="119">ταῦτα</w> <w n="120">,</w> <w n="121">τῶν</w> <w n="122">δέ
</w>      <w n="128">οἱ</w> <w n="129">παίδων</w> <w n="130">τὸν</w> <w n="131">πρεσβύτερον</w> <w n="132">εἰπεῖν</w> <w n="133">Καμβύσην</w> <w n="134">·</w> <w n="135">"Τοιγάρ</w> <w n="136">τοι</w> <w n="137">,</w> <w n="138">ὦ
</w>      <w n="144">μῆτερ</w> <w n="145">,</w> <w n="146">ἐπεὰν</w> <w n="147">ἐγὼ</w> <w n="148">γένωμαι</w> <w n="149">ἀνήρ</w> <w n="150">,</w> <w n="151">Αἰγύπτου</w> <w n="152">τὰ</w> <w n="153">μὲν</w> <w n="154">ἄνω</w> <w n="155">κάτω
</w>      <w n="161">θήσω</w> <w n="162">,</w> <w n="163">τὰ</w> <w n="164">δὲ</w> <w n="165">κάτω</w> <w n="166">ἄνω</w> <w n="167">."</w> <w n="168">Ταῦτα</w> <w n="169">εἰπεῖν</w> <w n="170">αὐτὸν</w> <w n="171">ἔτεα</w> <w n="172">ὡς</w> <w n="173">δέκα
</w>      <w n="179">κου</w> <w n="180">γεγονότα</w> <w n="181">,</w> <w n="182">καὶ</w> <w n="183">τὰς</w> <w n="184">γυναῖκας</w> <w n="185">ἐν</w> <w n="186">θώματι</w> <w n="187">γενέσθαι</w> <w n="188">·</w> <w n="189">τὸν</w> <w n="190">δὲ
</w>      <w n="196">διαμνημονεύοντα</w> <w n="197">οὕτω</w> <w n="198">δή</w> <w n="199">,</w> <w n="200">ἐπείτε</w> <w n="201">ἀνδρώθη</w> <w n="202">καὶ</w> <w n="203">ἔσχε</w> <w n="204">τὴν
</w>      <w n="210">βασιληίην</w> <w n="211">,</w> <w n="212">ποιήσασθαι</w> <w n="213">τὴν</w> <w n="214">ἐπ᾽</w> <w n="215">Αἴγυπτον</w> <w n="216">στρατηίην</w> <w n="217">.</w> </p> 
     </div> 
     <div n="4" type="chapter"> 
      <p><w n="1">Συνήνεικε</w> <w n="2">δὲ</w> <w n="3">καὶ</w> <w n="4">ἄλλο</w> <w n="5">τι</w> <w n="6">τοιόνδε</w> <w n="7">πρῆγμα</w> <w n="8">γενέσθαι</w> <w n="9">ἐς</w> <w n="10">τὴν
</w>      <w n="16">ἐπιστράτευσιν</w> <w n="17">ταύτην</w> <w n="18">.</w> <w n="19">Ἦν</w> <w n="20">τῶν</w> <w n="21">ἐπικούρων</w> <w n="22">τῶν</w> <w n="23">Ἀμάσιος</w> <w n="24">ἀνὴρ
</w>      <w n="30">γένος</w> <w n="31">μὲν</w> <w n="32">Ἁλικαρνησσεύς</w> <w n="33">,</w> <w n="34">οὔνομα</w> <w n="35">δέ</w> <w n="36">οἱ</w> <w n="37">ἦν</w> <w n="38">Φάνης</w> <w n="39">,</w> <w n="40">καὶ</w> <w n="41">γνώμην
</w>      <w n="47">ἱκανὸς</w> <w n="48">καὶ</w> <w n="49">τὰ</w> <w n="50">πολέμια</w> <w n="51">ἄλκιμος</w> <w n="52">.</w> <w n="53">Οὗτος</w> <w n="54">ὁ</w> <w n="55">Φάνης</w> <w n="56">μεμφόμενός
</w>      <w n="62">κού</w> <w n="63">τι</w> <w n="64">Ἀμάσι</w> <w n="65">ἐκδιδρήσκει</w> <w n="66">πλοίῳ</w> <w n="67">ἐξ</w> <w n="68">Αἰγύπτου</w> <w n="69">,</w> <w n="70">βουλόμενος
</w>      <w n="76">Καμβύσῃ</w> <w n="77">ἐλθεῖν</w> <w n="78">ἐς</w> <w n="79">λόγους</w> <w n="80">.</w> <w n="81">Οἷα</w> <w n="82">δὲ</w> <w n="83">ἐόντα</w> <w n="84">αὐτὸν</w> <w n="85">ἐν</w> <w n="86">τοῖσι
</w>      <w n="92">ἐπικούροισι</w> <w n="93">λόγου</w> <w n="94">οὐ</w> <w n="95">σμικροῦ</w> <w n="96">ἐπιστάμενόν</w> <w n="97">τε</w> <w n="98">τὰ</w> <w n="99">περὶ</w> <w n="100">Αἴγυπτον
</w>      <w n="106">ἀτρεκέστατα</w> <w n="107">,</w> <w n="108">μεταδιώκει</w> <w n="109">ὁ</w> <w n="110">Ἄμασις</w> <w n="111">σπουδὴν</w> <w n="112">ποιεύμενος</w> <w n="113">ἑλεῖν</w> <w n="114">,
</w>      <w n="120">μεταδιώκει</w> <w n="121">δὲ</w> <w n="122">τῶν</w> <w n="123">εὐνούχων</w> <w n="124">τὸν</w> <w n="125">πιστότατον</w> <w n="126">ἀποστείλας</w> <w n="127">τριήρεϊ
</w>      <w n="133">κατ᾽</w> <w n="134">αὐτόν</w> <w n="135">,</w> <w n="136">ὃς</w> <w n="137">αἱρέει</w> <w n="138">μιν</w> <w n="139">ἐν</w> <w n="140">Λυκίῃ</w> <w n="141">,</w> <w n="142">ἑλὼν</w> <w n="143">δὲ</w> <w n="144">οὐκ</w> <w n="145">ἀνήγαγε
</w>      <w n="151">ἐς</w> <w n="152">Αἴγυπτον</w> <w n="153">·</w> <w n="154">σοφίῃ</w> <w n="155">γάρ</w> <w n="156">μιν</w> <w n="157">περιῆλθε</w> <w n="158">ὁ</w> <w n="159">Φάνης</w> <w n="160">·</w> <w n="161">καταμεθύσας</w> <w n="162">γὰρ
</w>      <w n="168">τοὺς</w> <w n="169">φυλάκους</w> <w n="170">ἀπαλλάσσετο</w> <w n="171">ἐς</w> <w n="172">Πέρσας</w> <w n="173">.</w> <w n="174">Ὁρμημένῳ</w> <w n="175">δὲ</w> <w n="176">στρατεύεσθαι
</w>      <w n="182">Καμβύσῃ</w> <w n="183">ἐπ᾽</w> <w n="184">Αἴγυπτον</w> <w n="185">καὶ</w> <w n="186">ἀπορέοντι</w> <w n="187">τὴν</w> <w n="188">ἔλασιν</w> <w n="189">,</w> <w n="190">ὅκως</w> <w n="191">τὴν
</w>      <w n="197">ἄνυδρον</w> <w n="198">διεκπερᾷ</w> <w n="199">,</w> <w n="200">ἐπελθὼν</w> <w n="201">φράζει</w> <w n="202">μὲν</w> <w n="203">καὶ</w> <w n="204">τἆλλα</w> <w n="205">τὰ</w> <w n="206">Ἀμάσιος
</w>      <w n="212">πρήγματα</w> <w n="213">,</w> <w n="214">ἐξηγέεται</w> <w n="215">δὲ</w> <w n="216">καὶ</w> <w n="217">τὴν</w> <w n="218">ἔλασιν</w> <w n="219">,</w> <w n="220">ὧδε</w> <w n="221">παραινέων</w> <w n="222">,</w> <w n="223">πέμψαντα
</w>      <w n="229">παρὰ</w> <w n="230">τὸν</w> <w n="231">Ἀραβίων</w> <w n="232">βασιλέα</w> <w n="233">δέεσθαι</w> <w n="234">τὴν</w> <w n="235">διέξοδόν</w> <w n="236">οἱ</w> <w n="237">ἀσφαλέα
</w>      <w n="243">παρασχεῖν</w> <w n="244">.</w> </p> 
     </div> 
     <div n="5" type="chapter"> 
      <p><w n="1">Μούνῃ</w> <w n="2">δὲ</w> <w n="3">ταύτῃ</w> <w n="4">εἰσὶ</w> <w n="5">φανεραὶ</w> <w n="6">ἐσβολαὶ</w> <w n="7">ἐς</w> <w n="8">Αἴγυπτον</w> <w n="9">.</w> <w n="10">Ἀπὸ
</w>      <w n="16">γὰρ</w> <w n="17">Φοινίκης</w> <w n="18">μέχρις</w> <w n="19">οὔρων</w> <w n="20">τῶν</w> <w n="21">Καδύτιος</w> <w n="22">πόλιος</w> <w n="23">ἡ</w> <w n="24">γῆ</w> <w n="25">ἐστι
</w>      <w n="31">Συρίων</w> <w n="32">τῶν</w> <w n="33">Παλαιστίνων</w> <w n="34">καλεομένων</w> <w n="35">·</w> <w n="36">ἀπὸ</w> <w n="37">δὲ</w> <w n="38">Καδύτιος</w> <w n="39">ἐούσης
</w>      <w n="45">πόλιος</w> <w n="46">,</w> <w n="47">ὡς</w> <w n="48">ἐμοὶ</w> <w n="49">δοκέει</w> <w n="50">,</w> <w n="51">Σαρδίων</w> <w n="52">οὐ</w> <w n="53">πολλῷ</w> <w n="54">ἐλάσσονος</w> <w n="55">,</w> <w n="56">ἀπὸ
</w>      <w n="62">ταύτης</w> <w n="63">τὰ</w> <w n="64">ἐμπόρια</w> <w n="65">τὰ</w> <w n="66">ἐπὶ</w> <w n="67">θαλάσσης</w> <w n="68">μέχρις</w> <w n="69">Ἰηνύσου</w> <w n="70">πόλιός
</w>      <w n="76">ἐστι</w> <w n="77">τοῦ</w> <w n="78">Ἀραβίου</w> <w n="79">·</w> <w n="80">ἀπὸ</w> <w n="81">δὲ</w> <w n="82">Ἰηνύσου</w> <w n="83">αὖτις</w> <w n="84">Συρίων</w> <w n="85">μέχρι
</w>      <w n="91">Σερβωνίδος</w> <w n="92">λίμνης</w> <w n="93">,</w> <w n="94">παρ᾽</w> <w n="95">ἣν</w> <w n="96">δὴ</w> <w n="97">τὸ</w> <w n="98">Κάσιον</w> <w n="99">ὄρος</w> <w n="100">τείνει</w> <w n="101">ἐς
</w>      <w n="107">θάλασσαν</w> <w n="108">·</w> <w n="109">ἀπὸ</w> <w n="110">δὲ</w> <w n="111">Σερβωνίδος</w> <w n="112">λίμνης</w> <w n="113">,</w> <w n="114">ἐν</w> <w n="115">τῇ</w> <w n="116">δὴ</w> <w n="117">λόγος</w> <w n="118">τὸν</w> <w n="119">Τυφῶ
</w>      <w n="125">κεκρύφθαι</w> <w n="126">,</w> <w n="127">ἀπὸ</w> <w n="128">ταύτης</w> <w n="129">ἤδη</w> <w n="130">Αἴγυπτος</w> <w n="131">.</w> <w n="132">Τὸ</w> <w n="133">δὴ</w> <w n="134">μεταξὺ</w> <w n="135">Ἰηνύσου
</w>      <w n="141">πόλιος</w> <w n="142">καὶ</w> <w n="143">Κασίου</w> <w n="144">τε</w> <w n="145">ὄρεος</w> <w n="146">καὶ</w> <w n="147">τῆς</w> <w n="148">Σερβωνίδος</w> <w n="149">λίμνης</w> <w n="150">,</w> <w n="151">ἐὸν
</w>      <w n="157">τοῦτο</w> <w n="158">οὐκ</w> <w n="159">ὀλίγον</w> <w n="160">χωρίον</w> <w n="161">ἀλλὰ</w> <w n="162">ὅσον</w> <w n="163">τε</w> <w n="164">ἐπὶ</w> <w n="165">τρεῖς</w> <w n="166">ἡμέρας
</w>      <w n="172">ὁδοῦ</w> <w n="173">,</w> <w n="174">ἄνυδρόν</w> <w n="175">ἐστι</w> <w n="176">δεινῶς</w> <w n="177">.</w> </p> 
     </div> 
     <div n="6" type="chapter"> 
      <p><w n="1">Τὸ</w> <w n="2">δὲ</w> <w n="3">ὀλίγοι</w> <w n="4">τῶν</w> <w n="5">ἐς</w> <w n="6">Αἴγυπτον</w> <w n="7">ναυτιλλομένων</w> <w n="8">ἐννενώκασι</w> <w n="9">,
</w>      <w n="15">τοῦτο</w> <w n="16">ἔρχομαι</w> <w n="17">φράσων</w> <w n="18">.</w> <w n="19">Ἐς</w> <w n="20">Αἴγυπτον</w> <w n="21">ἐκ</w> <w n="22">τῆς</w> <w n="23">Ἑλλάδος</w> <w n="24">πάσης</w> <w n="25">καὶ
</w>      <w n="31">πρὸς</w> <w n="32">ἐκ</w> <w n="33">Φοινίκης</w> <w n="34">κέραμος</w> <w n="35">ἐσάγεται</w> <w n="36">πλήρης</w> <w n="37">οἴνου</w> <w n="38">δι᾽</w> <w n="39">ἔτεος
</w>      <w n="45">ἑκάστου</w> <w n="46">,</w> <w n="47">καὶ</w> <w n="48">ἓν</w> <w n="49">κεράμιον</w> <w n="50">οἰνηρὸν</w> <w n="51">ἀριθμῷ</w> <w n="52">κεινὸν</w> <w n="53">οὐκ</w> <w n="54">ἔστι</w> <w n="55">ὡς
</w>      <w n="61">λόγῳ</w> <w n="62">εἰπεῖν</w> <w n="63">ἰδέσθαι</w> <w n="64">.</w> <w n="65">Κοῦ</w> <w n="66">δῆτα</w> <w n="67">,</w> <w n="68">εἴποι</w> <w n="69">τις</w> <w n="70">ἄν</w> <w n="71">,</w> <w n="72">ταῦτα
</w>      <w n="78">ἀναισιμοῦται;</w> <w n="79">Ἐγὼ</w> <w n="80">καὶ</w> <w n="81">τοῦτο</w> <w n="82">φράσω</w> <w n="83">.</w> <w n="84">Δεῖ</w> <w n="85">τὸν</w> <w n="86">μὲν</w> <w n="87">δήμαρχον
</w>      <w n="93">ἕκαστον</w> <w n="94">ἐκ</w> <w n="95">τῆς</w> <w n="96">ἑωυτοῦ</w> <w n="97">πόλιος</w> <w n="98">συλλέξαντα</w> <w n="99">πάντα</w> <w n="100">τὸν</w> <w n="101">κέραμον
</w>      <w n="107">ἄγειν</w> <w n="108">ἐς</w> <w n="109">Μέμφιν</w> <w n="110">,</w> <w n="111">τοὺς</w> <w n="112">δὲ</w> <w n="113">ἐκ</w> <w n="114">Μέμφιος</w> <w n="115">ἐς</w> <w n="116">ταῦτα</w> <w n="117">δὴ</w> <w n="118">τὰ</w> <w n="119">ἄνυδρα
</w>      <w n="125">τῆς</w> <w n="126">Συρίης</w> <w n="127">κομίζειν</w> <w n="128">πλήσαντας</w> <w n="129">ὕδατος</w> <w n="130">.</w> <w n="131">Οὕτω</w> <w n="132">ὁ</w> <w n="133">ἐπιφοιτέων
</w>      <w n="139">κέραμος</w> <w n="140">καὶ</w> <w n="141">ἐξαιρεόμενος</w> <w n="142">ἐν</w> <w n="143">Αἰγύπτῳ</w> <w n="144">ἐπὶ</w> <w n="145">τὸν</w> <w n="146">παλαιὸν
</w>      <w n="152">κομίζεται</w> <w n="153">ἐς</w> <w n="154">Συρίην</w> <w n="155">.</w> </p> 
     </div> 
     <div n="7" type="chapter"> 
      <p><w n="1">Οὕτω</w> <w n="2">μέν</w> <w n="3">νυν</w> <w n="4">Πέρσαι</w> <w n="5">εἰσὶ</w> <w n="6">οἱ</w> <w n="7">τὴν</w> <w n="8">ἐσβολὴν</w> <w n="9">ταύτην
</w>      <w n="15">παρασκευάσαντες</w> <w n="16">ἐς</w> <w n="17">Αἴγυπτον</w> <w n="18">,</w> <w n="19">κατὰ</w> <w n="20">δὴ</w> <w n="21">τὰ</w> <w n="22">εἰρημένα</w> <w n="23">σάξαντες
</w>      <w n="29">ὕδατι</w> <w n="30">,</w> <w n="31">ἐπείτε</w> <w n="32">τάχιστα</w> <w n="33">παρέλαβον</w> <w n="34">Αἴγυπτον</w> <w n="35">.</w> <w n="36">Τότε</w> <w n="37">δὲ</w> <w n="38">οὐκ
</w>      <w n="44">ἐόντος</w> <w n="45">κω</w> <w n="46">ὕδατος</w> <w n="47">ἑτοίμου</w> <w n="48">,</w> <w n="49">Καμβύσης</w> <w n="50">πυθόμενος</w> <w n="51">τοῦ
</w>      <w n="57">Ἁλικαρνησσέος</w> <w n="58">ξείνου</w> <w n="59">,</w> <w n="60">πέμψας</w> <w n="61">παρὰ</w> <w n="62">τὸν</w> <w n="63">Ἀραβίων</w> <w n="64">βασιλέα
</w>      <w n="70">ἀγγέλους</w> <w n="71">καὶ</w> <w n="72">δεηθεὶς</w> <w n="73">τῆς</w> <w n="74">ἀσφαλείης</w> <w n="75">ἔτυχε</w> <w n="76">,</w> <w n="77">πίστις</w> <w n="78">δούς</w> <w n="79">τε</w> <w n="80">καὶ
</w>      <w n="86">δεξάμενος</w> <w n="87">παρ᾽</w> <w n="88">αὐτοῦ</w> <w n="89">.</w> </p> 
     </div> 
     <div n="8" type="chapter"> 
      <p><w n="1">Σέβονται</w> <w n="2">δὲ</w> <w n="3">Ἀράβιοι</w> <w n="4">πίστις</w> <w n="5">ἀνθρώπων</w> <w n="6">ὅμοια</w> <w n="7">τοῖσι</w> <w n="8">μάλιστα</w> <w n="9">.
</w>      <w n="15">Ποιεῦνται</w> <w n="16">δὲ</w> <w n="17">αὐτὰς</w> <w n="18">τρόπῳ</w> <w n="19">τοιῷδε</w> <w n="20">.</w> <w n="21">Τῶν</w> <w n="22">βουλομένων</w> <w n="23">τὰ</w> <w n="24">πιστὰ
</w>      <w n="30">ποιέεσθαι</w> <w n="31">ἄλλος</w> <w n="32">ἀνὴρ</w> <w n="33">ἀμφοτέρων</w> <w n="34">αὐτῶν</w> <w n="35">ἐν</w> <w n="36">μέσῳ</w> <w n="37">ἑστεὼς</w> <w n="38">λίθῳ
</w>      <w n="44">ὀξέϊ</w> <w n="45">τὸ</w> <w n="46">ἔσω</w> <w n="47">τῶν</w> <w n="48">χειρῶν</w> <w n="49">παρὰ</w> <w n="50">τοὺς</w> <w n="51">δακτύλους</w> <w n="52">τοὺς</w> <w n="53">μεγάλους
</w>      <w n="59">ἐπιτάμνει</w> <w n="60">τῶν</w> <w n="61">ποιευμένων</w> <w n="62">τὰς</w> <w n="63">πίστις</w> <w n="64">,</w> <w n="65">καὶ</w> <w n="66">ἔπειτα</w> <w n="67">λαβὼν</w> <w n="68">ἐκ</w> <w n="69">τοῦ
</w>      <w n="75">ἱματίου</w> <w n="76">ἑκατέρου</w> <w n="77">κροκύδα</w> <w n="78">ἀλείφει</w> <w n="79">τῷ</w> <w n="80">αἵματι</w> <w n="81">ἐν</w> <w n="82">μέσῳ
</w>      <w n="88">κειμένους</w> <w n="89">λίθους</w> <w n="90">ἑπτά</w> <w n="91">,</w> <w n="92">τοῦτο</w> <w n="93">δὲ</w> <w n="94">ποιέων</w> <w n="95">ἐπικαλέει</w> <w n="96">τε</w> <w n="97">τὸν
</w>      <w n="103">Διόνυσον</w> <w n="104">καὶ</w> <w n="105">τὴν</w> <w n="106">Οὐρανίην</w> <w n="107">.</w> <w n="108">Ἐπιτελέσαντος</w> <w n="109">δὲ</w> <w n="110">τούτου</w> <w n="111">ταῦτα</w> <w n="112">ὁ
</w>      <w n="118">τὰς</w> <w n="119">πίστις</w> <w n="120">ποιησάμενος</w> <w n="121">τοῖσι</w> <w n="122">φίλοισι</w> <w n="123">παρεγγυᾷ</w> <w n="124">τὸν</w> <w n="125">ξεῖνον</w> <w n="126">ἢ</w> <w n="127">καὶ
</w>      <w n="133">τὸν</w> <w n="134">ἀστόν</w> <w n="135">,</w> <w n="136">ἢν</w> <w n="137">πρὸς</w> <w n="138">ἀστὸν</w> <w n="139">ποιῆται</w> <w n="140">,</w> <w n="141">οἱ</w> <w n="142">δὲ</w> <w n="143">φίλοι</w> <w n="144">καὶ</w> <w n="145">αὐτοὶ
</w>      <w n="151">τὰς</w> <w n="152">πίστις</w> <w n="153">δικαιοῦσι</w> <w n="154">σέβεσθαι</w> <w n="155">.</w> <w n="156">Διόνυσον</w> <w n="157">δὲ</w> <w n="158">θεῶν</w> <w n="159">μοῦνον</w> <w n="160">καὶ</w> <w n="161">τὴν
</w>      <w n="167">Οὐρανίην</w> <w n="168">ἡγέονται</w> <w n="169">εἶναι</w> <w n="170">,</w> <w n="171">καὶ</w> <w n="172">τῶν</w> <w n="173">τριχῶν</w> <w n="174">τὴν</w> <w n="175">κουρὴν</w> <w n="176">κείρεσθαί
</w>      <w n="182">φασι</w> <w n="183">κατά</w> <w n="184">περ</w> <w n="185">αὐτὸν</w> <w n="186">τὸν</w> <w n="187">Διόνυσον</w> <w n="188">κεκάρθαι</w> <w n="189">·</w> <w n="190">κείρονται</w> <w n="191">δὲ
</w>      <w n="197">περιτρόχαλα</w> <w n="198">,</w> <w n="199">ὑποξυροῦντες</w> <w n="200">τοὺς</w> <w n="201">κροτάφους</w> <w n="202">.</w> <w n="203">Ὀνομάζουσι</w> <w n="204">δὲ</w> <w n="205">τὸν</w> <w n="206">μὲν
</w>      <w n="212">Διόνυσον</w> <w n="213">Ὀροτάλτ</w> <w n="214">,</w> <w n="215">τὴν</w> <w n="216">δὲ</w> <w n="217">Οὐρανίην</w> <w n="218">Ἀλιλάτ</w> <w n="219">.</w> <w n="220">*</w> </p> 
     </div> 
     <div n="9" type="chapter"> 
      <p><w n="1">Ἐπεὶ</w> <w n="2">ὦν</w> <w n="3">τὴν</w> <w n="4">πίστιν</w> <w n="5">τοῖσι</w> <w n="6">ἀγγέλοισι</w> <w n="7">τοῖσι</w> <w n="8">παρὰ</w> <w n="9">Καμβύσεω
</w>      <w n="15">ἀπιγμένοισι</w> <w n="16">ἐποιήσατο</w> <w n="17">ὁ</w> <w n="18">Ἀράβιος</w> <w n="19">,</w> <w n="20">ἐμηχανᾶτο</w> <w n="21">τοιάδε</w> <w n="22">·</w> <w n="23">ἀσκοὺς
</w>      <w n="29">καμήλων</w> <w n="30">πλήσας</w> <w n="31">ὕδατος</w> <w n="32">ἐπέσαξε</w> <w n="33">ἐπὶ</w> <w n="34">τὰς</w> <w n="35">ζωὰς</w> <w n="36">τῶν</w> <w n="37">καμήλων</w> <w n="38">πάσας</w> <w n="39">,
</w>      <w n="45">τοῦτο</w> <w n="46">δὲ</w> <w n="47">ποιήσας</w> <w n="48">ἤλασε</w> <w n="49">ἐς</w> <w n="50">τὴν</w> <w n="51">ἄνυδρον</w> <w n="52">καὶ</w> <w n="53">ὑπέμενε</w> <w n="54">ἐνθαῦτα
</w>      <w n="60">τὸν</w> <w n="61">Καμβύσεω</w> <w n="62">στρατόν</w> <w n="63">.</w> <w n="64">Οὗτος</w> <w n="65">μὲν</w> <w n="66">ὁ</w> <w n="67">πιθανώτερος</w> <w n="68">τῶν</w> <w n="69">λόγων
</w>      <w n="75">εἴρηται</w> <w n="76">,</w> <w n="77">δεῖ</w> <w n="78">δὲ</w> <w n="79">καὶ</w> <w n="80">τὸν</w> <w n="81">ἧσσον</w> <w n="82">πιθανόν</w> <w n="83">,</w> <w n="84">ἐπεί</w> <w n="85">γε</w> <w n="86">δὴ</w> <w n="87">λέγεται</w> <w n="88">,
</w>      <w n="94">ῥηθῆναι</w> <w n="95">.</w> <w n="96">Ποταμός</w> <w n="97">ἐστι</w> <w n="98">μέγας</w> <w n="99">ἐν</w> <w n="100">τῇ</w> <w n="101">Ἀραβίῃ</w> <w n="102">τῷ</w> <w n="103">οὔνομα
</w>      <w n="109">Κόρυς</w> <w n="110">,</w> <w n="111">ἐκδιδοῖ</w> <w n="112">δὲ</w> <w n="113">οὗτος</w> <w n="114">ἐς</w> <w n="115">τὴν</w> <w n="116">Ἐρυθρὴν</w> <w n="117">καλεομένην</w> <w n="118">θάλασσαν</w> <w n="119">.
</w>      <w n="125">Ἀπὸ</w> <w n="126">τούτου</w> <w n="127">δὴ</w> <w n="128">ὦν</w> <w n="129">τοῦ</w> <w n="130">ποταμοῦ</w> <w n="131">λέγεται</w> <w n="132">τὸν</w> <w n="133">βασιλέα</w> <w n="134">τῶν
</w>      <w n="140">Ἀραβίων</w> <w n="141">,</w> <w n="142">ῥαψάμενον</w> <w n="143">ὠμοβοέων</w> <w n="144">καὶ</w> <w n="145">ἄλλων</w> <w n="146">δερμάτων</w> <w n="147">ὀχετὸν</w> <w n="148">μήκεϊ
</w>      <w n="154">ἐξικνεόμενον</w> <w n="155">ἐς</w> <w n="156">τὴν</w> <w n="157">ἄνυδρον</w> <w n="158">,</w> <w n="159">ἀγαγεῖν</w> <w n="160">διὰ</w> <w n="161">δὴ</w> <w n="162">τούτων</w> <w n="163">τὸ</w> <w n="164">ὕδωρ</w> <w n="165">,
</w>      <w n="171">ἐν</w> <w n="172">δὲ</w> <w n="173">τῇ</w> <w n="174">ἀνύδρῳ</w> <w n="175">μεγάλας</w> <w n="176">δεξαμενὰς</w> <w n="177">ὀρύξασθαι</w> <w n="178">,</w> <w n="179">ἵνα</w> <w n="180">δεκόμεναι
</w>      <w n="186">τὸ</w> <w n="187">ὕδωρ</w> <w n="188">σῴζωσι</w> <w n="189">ὁδὸς</w> <w n="190">δ᾽</w> <w n="191">ἐστὶ</w> <w n="192">δυώδεκα</w> <w n="193">ἡμερέων</w> <w n="194">ἀπὸ</w> <w n="195">τοῦ
</w>      <w n="201">ποταμοῦ</w> <w n="202">ἐς</w> <w n="203">ταύτην</w> <w n="204">τὴν</w> <w n="205">ἄνυδρον</w>  <w n="207">·</w> <w n="208">ἀγαγεῖν</w> <w n="209">δέ</w> <w n="210">μιν</w> <w n="211">δι᾽</w> <w n="212">ὀχετῶν
</w>      <w n="218">τριῶν</w> <w n="219">ἐς</w> <w n="220">τριξὰ</w> <w n="221">χωρία</w> <w n="222">.</w> </p> 
     </div> 
     <div n="10" type="chapter"> 
      <p><w n="1">Ἐν</w> <w n="2">δὲ</w> <w n="3">τῷ</w> <w n="4">Πηλουσίῳ</w> <w n="5">καλεομένῳ</w> <w n="6">στόματι</w> <w n="7">τοῦ</w> <w n="8">Νείλου
</w>      <w n="14">ἐστρατοπεδεύετο</w> <w n="15">Ψαμμήνιτος</w> <w n="16">ὁ</w> <w n="17">Ἀμάσιος</w> <w n="18">παῖς</w> <w n="19">,</w> <w n="20">ὑπομένων</w> <w n="21">Καμβύσην</w> <w n="22">.
</w>      <w n="28">Ἄμασιν</w> <w n="29">γὰρ</w> <w n="30">οὐ</w> <w n="31">κατέλαβε</w> <w n="32">ζώοντα</w> <w n="33">Καμβύσης</w> <w n="34">ἐλάσας</w> <w n="35">ἐπ᾽</w> <w n="36">Αἴγυπτον</w> <w n="37">,
</w>      <w n="43">ἀλλὰ</w> <w n="44">βασιλεύσας</w> <w n="45">ὁ</w> <w n="46">Ἄμασις</w> <w n="47">τέσσερα</w> <w n="48">καὶ</w> <w n="49">τεσσεράκοντα</w> <w n="50">ἔτεα
</w>      <w n="56">ἀπέθανε</w> <w n="57">,</w> <w n="58">ἐν</w> <w n="59">τοῖσι</w> <w n="60">οὐδέν</w> <w n="61">οἱ</w> <w n="62">μέγα</w> <w n="63">ἀνάρσιον</w> <w n="64">πρῆγμα</w> <w n="65">συνηνείχθη</w> <w n="66">·
</w>      <w n="72">ἀποθανὼν</w> <w n="73">δὲ</w> <w n="74">καὶ</w> <w n="75">ταριχευθεὶς</w> <w n="76">ἐτάφη</w> <w n="77">ἐν</w> <w n="78">τῇσι</w> <w n="79">ταφῇσι</w> <w n="80">τῇσι</w> <w n="81">ἐν
</w>      <w n="87">τῷ</w> <w n="88">ἱρῷ</w> <w n="89">,</w> <w n="90">τὰς</w> <w n="91">αὐτὸς</w> <w n="92">οἰκοδομήσατο</w> <w n="93">.</w> <w n="94">Ἐπὶ</w> <w n="95">Ψαμμηνίτου</w> <w n="96">δὲ</w> <w n="97">τοῦ
</w>      <w n="103">Ἀμάσιος</w> <w n="104">βασιλεύοντος</w> <w n="105">Αἰγύπτου</w> <w n="106">φάσμα</w> <w n="107">Αἰγυπτίοισι</w> <w n="108">μέγιστον</w> <w n="109">δὴ
</w>      <w n="115">ἐγένετο</w> <w n="116">·</w> <w n="117">ὕσθησαν</w> <w n="118">γὰρ</w> <w n="119">Θῆβαι</w> <w n="120">αἱ</w> <w n="121">Αἰγύπτιαι</w> <w n="122">,</w> <w n="123">οὔτε</w> <w n="124">πρότερον
</w>      <w n="130">οὐδαμὰ</w> <w n="131">ὑσθεῖσαι</w> <w n="132">οὔτε</w> <w n="133">ὕστερον</w> <w n="134">τὸ</w> <w n="135">μέχρις</w> <w n="136">ἐμέο</w> <w n="137">,</w> <w n="138">ὡς</w> <w n="139">λέγουσι
</w>      <w n="145">αὐτοὶ</w> <w n="146">Θηβαῖοι</w> <w n="147">.</w> <w n="148">Οὐ</w> <w n="149">γὰρ</w> <w n="150">δὴ</w> <w n="151">ὕεται</w> <w n="152">τὰ</w> <w n="153">ἄνω</w> <w n="154">τῆς</w> <w n="155">Αἰγύπτου</w> <w n="156">τὸ
</w>      <w n="162">παράπαν</w> <w n="163">·</w> <w n="164">ἀλλὰ</w> <w n="165">καὶ</w> <w n="166">τότε</w> <w n="167">ὕσθησαν</w> <w n="168">αἱ</w> <w n="169">Θῆβαι</w> <w n="170">ψακάδι</w> <w n="171">.</w> </p> 
     </div> 
         </div> 
   
   </body> 
  </text> 
 </TEI>
